Uygulama için gerekli verileri yüklüyorum...
Tüm verileri kullanarak model oluşturuluyor...
MANTIS metadata dosyaları yükleniyor: /Users/mugeakbulut/Academia/Right_Now/PhD_Tez/2218_PROJE/mantis_veriler/orijinal veriler MANTIS/export
Bulunan export dosyaları: 8
Yükleniyor: export-1.json
Dosyadan 100000 kayıt bulundu
İşlenen kayıt sayısı: 1000
İşlenen kayıt sayısı: 2000
İşlenen kayıt sayısı: 3000
İşlenen kayıt sayısı: 4000
İşlenen kayıt sayısı: 5000
İşlenen kayıt sayısı: 6000
İşlenen kayıt sayısı: 7000
İşlenen kayıt sayısı: 8000
İşlenen kayıt sayısı: 9000
İşlenen kayıt sayısı: 10000
İşlenen kayıt sayısı: 11000
İşlenen kayıt sayısı: 12000
İşlenen kayıt sayısı: 13000
İşlenen kayıt sayısı: 14000
İşlenen kayıt sayısı: 15000
İşlenen kayıt sayısı: 16000
İşlenen kayıt sayısı: 17000
İşlenen kayıt sayısı: 18000
İşlenen kayıt sayısı: 19000
İşlenen kayıt sayısı: 20000
İşlenen kayıt sayısı: 21000
İşlenen kayıt sayısı: 22000
İşlenen kayıt sayısı: 23000
İşlenen kayıt sayısı: 24000
İşlenen kayıt sayısı: 25000
İşlenen kayıt sayısı: 26000
İşlenen kayıt sayısı: 27000
İşlenen kayıt sayısı: 28000
İşlenen kayıt sayısı: 29000
İşlenen kayıt sayısı: 30000
İşlenen kayıt sayısı: 31000
İşlenen kayıt sayısı: 32000
İşlenen kayıt sayısı: 33000
İşlenen kayıt sayısı: 34000
İşlenen kayıt sayısı: 35000
Dosya okuma hatası /Users/mugeakbulut/Academia/Right_Now/PhD_Tez/2218_PROJE/mantis_veriler/orijinal veriler MANTIS/export/export-1.json: 'NoneType' object is not iterable
Yükleniyor: export-2.json
Dosyadan 100000 kayıt bulundu
İşlenen kayıt sayısı: 36000
İşlenen kayıt sayısı: 37000
İşlenen kayıt sayısı: 38000
İşlenen kayıt sayısı: 39000
İşlenen kayıt sayısı: 40000
İşlenen kayıt sayısı: 41000
İşlenen kayıt sayısı: 42000
İşlenen kayıt sayısı: 43000
İşlenen kayıt sayısı: 44000
İşlenen kayıt sayısı: 45000
İşlenen kayıt sayısı: 46000
İşlenen kayıt sayısı: 47000
Dosya okuma hatası /Users/mugeakbulut/Academia/Right_Now/PhD_Tez/2218_PROJE/mantis_veriler/orijinal veriler MANTIS/export/export-2.json: 'NoneType' object is not iterable
Yükleniyor: export-3.json
Dosyadan 100000 kayıt bulundu
İşlenen kayıt sayısı: 48000
İşlenen kayıt sayısı: 49000
İşlenen kayıt sayısı: 50000
İşlenen kayıt sayısı: 51000
İşlenen kayıt sayısı: 52000
İşlenen kayıt sayısı: 53000
İşlenen kayıt sayısı: 54000
İşlenen kayıt sayısı: 55000
İşlenen kayıt sayısı: 56000
İşlenen kayıt sayısı: 57000
İşlenen kayıt sayısı: 58000
İşlenen kayıt sayısı: 59000
İşlenen kayıt sayısı: 60000
İşlenen kayıt sayısı: 61000
İşlenen kayıt sayısı: 62000
İşlenen kayıt sayısı: 63000
İşlenen kayıt sayısı: 64000
İşlenen kayıt sayısı: 65000
İşlenen kayıt sayısı: 66000
İşlenen kayıt sayısı: 67000
İşlenen kayıt sayısı: 68000
İşlenen kayıt sayısı: 69000
İşlenen kayıt sayısı: 70000
İşlenen kayıt sayısı: 71000
İşlenen kayıt sayısı: 72000
İşlenen kayıt sayısı: 73000
İşlenen kayıt sayısı: 74000
İşlenen kayıt sayısı: 75000
İşlenen kayıt sayısı: 76000
Dosya okuma hatası /Users/mugeakbulut/Academia/Right_Now/PhD_Tez/2218_PROJE/mantis_veriler/orijinal veriler MANTIS/export/export-3.json: 'NoneType' object is not iterable
Yükleniyor: export-4.json
Dosyadan 80000 kayıt bulundu
İşlenen kayıt sayısı: 77000
İşlenen kayıt sayısı: 78000
Dosya okuma hatası /Users/mugeakbulut/Academia/Right_Now/PhD_Tez/2218_PROJE/mantis_veriler/orijinal veriler MANTIS/export/export-4.json: 'NoneType' object is not iterable
Yükleniyor: export-5.json
Dosyadan 80000 kayıt bulundu
İşlenen kayıt sayısı: 79000
İşlenen kayıt sayısı: 80000
İşlenen kayıt sayısı: 81000
İşlenen kayıt sayısı: 82000
İşlenen kayıt sayısı: 83000
İşlenen kayıt sayısı: 84000
İşlenen kayıt sayısı: 85000
İşlenen kayıt sayısı: 86000
İşlenen kayıt sayısı: 87000
İşlenen kayıt sayısı: 88000
İşlenen kayıt sayısı: 89000
İşlenen kayıt sayısı: 90000
İşlenen kayıt sayısı: 91000
Dosya okuma hatası /Users/mugeakbulut/Academia/Right_Now/PhD_Tez/2218_PROJE/mantis_veriler/orijinal veriler MANTIS/export/export-5.json: 'NoneType' object is not iterable
Yükleniyor: export-6.json
Dosyadan 75000 kayıt bulundu
İşlenen kayıt sayısı: 92000
İşlenen kayıt sayısı: 93000
İşlenen kayıt sayısı: 94000
İşlenen kayıt sayısı: 95000
İşlenen kayıt sayısı: 96000
İşlenen kayıt sayısı: 97000
İşlenen kayıt sayısı: 98000
İşlenen kayıt sayısı: 99000
İşlenen kayıt sayısı: 100000
İşlenen kayıt sayısı: 101000
İşlenen kayıt sayısı: 102000
İşlenen kayıt sayısı: 103000
Dosya okuma hatası /Users/mugeakbulut/Academia/Right_Now/PhD_Tez/2218_PROJE/mantis_veriler/orijinal veriler MANTIS/export/export-6.json: 'NoneType' object is not iterable
Yükleniyor: export-7.json
Dosyadan 75000 kayıt bulundu
Dosya okuma hatası /Users/mugeakbulut/Academia/Right_Now/PhD_Tez/2218_PROJE/mantis_veriler/orijinal veriler MANTIS/export/export-7.json: sequence item 2: expected str instance, NoneType found
Yükleniyor: export-8.json
Dosyadan 23931 kayıt bulundu
Dosya okuma hatası /Users/mugeakbulut/Academia/Right_Now/PhD_Tez/2218_PROJE/mantis_veriler/orijinal veriler MANTIS/export/export-8.json: sequence item 2: expected str instance, NoneType found
MANTIS metadata'dan toplam 103576 kayıt yüklendi
Metadata yüklendi - 103576 makale
MANTIS atıf dosyaları yükleniyor: /Users/mugeakbulut/Academia/Right_Now/PhD_Tez/2218_PROJE/mantis_veriler/orijinal veriler MANTIS/citation
Bulunan citation dosyaları: 4
Yükleniyor: citation-1.json
Dosyadan 300000 atıf kaydı bulundu
İşlenen atıf sayısı: 5000
İşlenen atıf sayısı: 10000
İşlenen atıf sayısı: 15000
İşlenen atıf sayısı: 20000
İşlenen atıf sayısı: 25000
İşlenen atıf sayısı: 30000
İşlenen atıf sayısı: 35000
İşlenen atıf sayısı: 40000
İşlenen atıf sayısı: 45000
İşlenen atıf sayısı: 50000
İşlenen atıf sayısı: 55000
İşlenen atıf sayısı: 60000
İşlenen atıf sayısı: 65000
İşlenen atıf sayısı: 70000
İşlenen atıf sayısı: 75000
İşlenen atıf sayısı: 80000
İşlenen atıf sayısı: 85000
İşlenen atıf sayısı: 90000
İşlenen atıf sayısı: 95000
İşlenen atıf sayısı: 100000
İşlenen atıf sayısı: 105000
İşlenen atıf sayısı: 110000
İşlenen atıf sayısı: 115000
İşlenen atıf sayısı: 120000
İşlenen atıf sayısı: 125000
İşlenen atıf sayısı: 130000
İşlenen atıf sayısı: 135000
İşlenen atıf sayısı: 140000
İşlenen atıf sayısı: 145000
İşlenen atıf sayısı: 150000
İşlenen atıf sayısı: 155000
İşlenen atıf sayısı: 160000
İşlenen atıf sayısı: 165000
İşlenen atıf sayısı: 170000
İşlenen atıf sayısı: 175000
İşlenen atıf sayısı: 180000
İşlenen atıf sayısı: 185000
İşlenen atıf sayısı: 190000
İşlenen atıf sayısı: 195000
İşlenen atıf sayısı: 200000
İşlenen atıf sayısı: 205000
İşlenen atıf sayısı: 210000
İşlenen atıf sayısı: 215000
İşlenen atıf sayısı: 220000
İşlenen atıf sayısı: 225000
İşlenen atıf sayısı: 230000
İşlenen atıf sayısı: 235000
İşlenen atıf sayısı: 240000
İşlenen atıf sayısı: 245000
İşlenen atıf sayısı: 250000
İşlenen atıf sayısı: 255000
İşlenen atıf sayısı: 260000
İşlenen atıf sayısı: 265000
İşlenen atıf sayısı: 270000
İşlenen atıf sayısı: 275000
İşlenen atıf sayısı: 280000
İşlenen atıf sayısı: 285000
İşlenen atıf sayısı: 290000
İşlenen atıf sayısı: 295000
İşlenen atıf sayısı: 300000
Yükleniyor: citation-2.json
Dosyadan 300000 atıf kaydı bulundu
İşlenen atıf sayısı: 305000
İşlenen atıf sayısı: 310000
İşlenen atıf sayısı: 315000
İşlenen atıf sayısı: 320000
İşlenen atıf sayısı: 325000
İşlenen atıf sayısı: 330000
İşlenen atıf sayısı: 335000
İşlenen atıf sayısı: 340000
İşlenen atıf sayısı: 345000
İşlenen atıf sayısı: 350000
İşlenen atıf sayısı: 355000
İşlenen atıf sayısı: 360000
İşlenen atıf sayısı: 365000
İşlenen atıf sayısı: 370000
İşlenen atıf sayısı: 375000
İşlenen atıf sayısı: 380000
İşlenen atıf sayısı: 385000
İşlenen atıf sayısı: 390000
İşlenen atıf sayısı: 395000
İşlenen atıf sayısı: 400000
İşlenen atıf sayısı: 405000
İşlenen atıf sayısı: 410000
İşlenen atıf sayısı: 415000
İşlenen atıf sayısı: 420000
İşlenen atıf sayısı: 425000
İşlenen atıf sayısı: 430000
İşlenen atıf sayısı: 435000
İşlenen atıf sayısı: 440000
İşlenen atıf sayısı: 445000
İşlenen atıf sayısı: 450000
İşlenen atıf sayısı: 455000
İşlenen atıf sayısı: 460000
İşlenen atıf sayısı: 465000
İşlenen atıf sayısı: 470000
İşlenen atıf sayısı: 475000
İşlenen atıf sayısı: 480000
İşlenen atıf sayısı: 485000
İşlenen atıf sayısı: 490000
İşlenen atıf sayısı: 495000
İşlenen atıf sayısı: 500000
İşlenen atıf sayısı: 505000
İşlenen atıf sayısı: 510000
İşlenen atıf sayısı: 515000
İşlenen atıf sayısı: 520000
İşlenen atıf sayısı: 525000
İşlenen atıf sayısı: 530000
İşlenen atıf sayısı: 535000
İşlenen atıf sayısı: 540000
İşlenen atıf sayısı: 545000
İşlenen atıf sayısı: 550000
İşlenen atıf sayısı: 555000
İşlenen atıf sayısı: 560000
İşlenen atıf sayısı: 565000
İşlenen atıf sayısı: 570000
İşlenen atıf sayısı: 575000
İşlenen atıf sayısı: 580000
İşlenen atıf sayısı: 585000
İşlenen atıf sayısı: 590000
İşlenen atıf sayısı: 595000
İşlenen atıf sayısı: 600000
Yükleniyor: citation-3.json
Dosyadan 300000 atıf kaydı bulundu
İşlenen atıf sayısı: 605000
İşlenen atıf sayısı: 610000
İşlenen atıf sayısı: 615000
İşlenen atıf sayısı: 620000
İşlenen atıf sayısı: 625000
İşlenen atıf sayısı: 630000
İşlenen atıf sayısı: 635000
İşlenen atıf sayısı: 640000
İşlenen atıf sayısı: 645000
İşlenen atıf sayısı: 650000
İşlenen atıf sayısı: 655000
İşlenen atıf sayısı: 660000
İşlenen atıf sayısı: 665000
İşlenen atıf sayısı: 670000
İşlenen atıf sayısı: 675000
İşlenen atıf sayısı: 680000
İşlenen atıf sayısı: 685000
İşlenen atıf sayısı: 690000
İşlenen atıf sayısı: 695000
İşlenen atıf sayısı: 700000
İşlenen atıf sayısı: 705000
İşlenen atıf sayısı: 710000
İşlenen atıf sayısı: 715000
İşlenen atıf sayısı: 720000
İşlenen atıf sayısı: 725000
İşlenen atıf sayısı: 730000
İşlenen atıf sayısı: 735000
İşlenen atıf sayısı: 740000
İşlenen atıf sayısı: 745000
İşlenen atıf sayısı: 750000
İşlenen atıf sayısı: 755000
İşlenen atıf sayısı: 760000
İşlenen atıf sayısı: 765000
İşlenen atıf sayısı: 770000
İşlenen atıf sayısı: 775000
İşlenen atıf sayısı: 780000
İşlenen atıf sayısı: 785000
İşlenen atıf sayısı: 790000
İşlenen atıf sayısı: 795000
İşlenen atıf sayısı: 800000
İşlenen atıf sayısı: 805000
İşlenen atıf sayısı: 810000
İşlenen atıf sayısı: 815000
İşlenen atıf sayısı: 820000
İşlenen atıf sayısı: 825000
İşlenen atıf sayısı: 830000
İşlenen atıf sayısı: 835000
İşlenen atıf sayısı: 840000
İşlenen atıf sayısı: 845000
İşlenen atıf sayısı: 850000
İşlenen atıf sayısı: 855000
İşlenen atıf sayısı: 860000
İşlenen atıf sayısı: 865000
İşlenen atıf sayısı: 870000
İşlenen atıf sayısı: 875000
İşlenen atıf sayısı: 880000
İşlenen atıf sayısı: 885000
İşlenen atıf sayısı: 890000
İşlenen atıf sayısı: 895000
İşlenen atıf sayısı: 900000
Yükleniyor: citation-4.json
Dosyadan 96180 atıf kaydı bulundu
İşlenen atıf sayısı: 905000
İşlenen atıf sayısı: 910000
İşlenen atıf sayısı: 915000
İşlenen atıf sayısı: 920000
İşlenen atıf sayısı: 925000
İşlenen atıf sayısı: 930000
İşlenen atıf sayısı: 935000
İşlenen atıf sayısı: 940000
İşlenen atıf sayısı: 945000
İşlenen atıf sayısı: 950000
İşlenen atıf sayısı: 955000
İşlenen atıf sayısı: 960000
İşlenen atıf sayısı: 965000
İşlenen atıf sayısı: 970000
İşlenen atıf sayısı: 975000
İşlenen atıf sayısı: 980000
İşlenen atıf sayısı: 985000
İşlenen atıf sayısı: 990000
İşlenen atıf sayısı: 995000
Toplam 996180 atıf verisi yüklendi
İlgili makaleler için 277085 atıf verisi filtrelendi
Citation verileri yüklendi - 277085 atıf
Title sütunu temizlendi. Örnek: Gelişimsel kalça çıkığının kapalı redüksiyonunda artrografi ile saptanan yumuşak doku interpozisyonu ve lateralizasyonun orta dönem sonuçlar üzerine etkisi
Abstract sütunu temizlendi. Örnek: Amaç: Bu prospektif randomize olmayan çalışmada, 18 ay ve altı yaşlarda, gelişimsel kalça çıkığı ned...
Metinler önişleniyor ve LDA hesaplanıyor...
LDA modeli oluşturuldu.
Veriler 181.15 saniyede yüklendi.
Önbellekleri temizliyorum...
first_run_completed.flag silindi
saved_data_turkish.pkl silindi
saved_model_turkish.pkl silindi
Uygulama başlatılıyor... Herhangi bir IP üzerinden 3000 portunda çalışacak
 * Serving Flask app "app" (lazy loading)
 * Environment: production
   WARNING: This is a development server. Do not use it in a production deployment.
   Use a production WSGI server instead.
 * Debug mode: on
 * Running on all addresses.
   WARNING: This is a development server. Do not use it in a production deployment.
 * Running on http://192.168.1.9:3000/ (Press CTRL+C to quit)
 * Restarting with watchdog (fsevents)
Uygulama için gerekli verileri yüklüyorum...
Tüm verileri kullanarak model oluşturuluyor...
MANTIS metadata dosyaları yükleniyor: /Users/mugeakbulut/Academia/Right_Now/PhD_Tez/2218_PROJE/mantis_veriler/orijinal veriler MANTIS/export
Bulunan export dosyaları: 8
Yükleniyor: export-1.json
Dosyadan 100000 kayıt bulundu
İşlenen kayıt sayısı: 1000
İşlenen kayıt sayısı: 2000
İşlenen kayıt sayısı: 3000
İşlenen kayıt sayısı: 4000
İşlenen kayıt sayısı: 5000
İşlenen kayıt sayısı: 6000
İşlenen kayıt sayısı: 7000
İşlenen kayıt sayısı: 8000
İşlenen kayıt sayısı: 9000
İşlenen kayıt sayısı: 10000
İşlenen kayıt sayısı: 11000
İşlenen kayıt sayısı: 12000
İşlenen kayıt sayısı: 13000
İşlenen kayıt sayısı: 14000
İşlenen kayıt sayısı: 15000
İşlenen kayıt sayısı: 16000
İşlenen kayıt sayısı: 17000
İşlenen kayıt sayısı: 18000
İşlenen kayıt sayısı: 19000
İşlenen kayıt sayısı: 20000
İşlenen kayıt sayısı: 21000
İşlenen kayıt sayısı: 22000
İşlenen kayıt sayısı: 23000
İşlenen kayıt sayısı: 24000
İşlenen kayıt sayısı: 25000
İşlenen kayıt sayısı: 26000
İşlenen kayıt sayısı: 27000
İşlenen kayıt sayısı: 28000
İşlenen kayıt sayısı: 29000
İşlenen kayıt sayısı: 30000
İşlenen kayıt sayısı: 31000
İşlenen kayıt sayısı: 32000
İşlenen kayıt sayısı: 33000
İşlenen kayıt sayısı: 34000
İşlenen kayıt sayısı: 35000
Dosya okuma hatası /Users/mugeakbulut/Academia/Right_Now/PhD_Tez/2218_PROJE/mantis_veriler/orijinal veriler MANTIS/export/export-1.json: 'NoneType' object is not iterable
Yükleniyor: export-2.json
Dosyadan 100000 kayıt bulundu
İşlenen kayıt sayısı: 36000
İşlenen kayıt sayısı: 37000
İşlenen kayıt sayısı: 38000
İşlenen kayıt sayısı: 39000
İşlenen kayıt sayısı: 40000
İşlenen kayıt sayısı: 41000
İşlenen kayıt sayısı: 42000
İşlenen kayıt sayısı: 43000
İşlenen kayıt sayısı: 44000
İşlenen kayıt sayısı: 45000
İşlenen kayıt sayısı: 46000
İşlenen kayıt sayısı: 47000
Dosya okuma hatası /Users/mugeakbulut/Academia/Right_Now/PhD_Tez/2218_PROJE/mantis_veriler/orijinal veriler MANTIS/export/export-2.json: 'NoneType' object is not iterable
Yükleniyor: export-3.json
Dosyadan 100000 kayıt bulundu
İşlenen kayıt sayısı: 48000
İşlenen kayıt sayısı: 49000
İşlenen kayıt sayısı: 50000
İşlenen kayıt sayısı: 51000
İşlenen kayıt sayısı: 52000
İşlenen kayıt sayısı: 53000
İşlenen kayıt sayısı: 54000
İşlenen kayıt sayısı: 55000
İşlenen kayıt sayısı: 56000
İşlenen kayıt sayısı: 57000
İşlenen kayıt sayısı: 58000
İşlenen kayıt sayısı: 59000
İşlenen kayıt sayısı: 60000
İşlenen kayıt sayısı: 61000
İşlenen kayıt sayısı: 62000
İşlenen kayıt sayısı: 63000
İşlenen kayıt sayısı: 64000
İşlenen kayıt sayısı: 65000
İşlenen kayıt sayısı: 66000
İşlenen kayıt sayısı: 67000
İşlenen kayıt sayısı: 68000
İşlenen kayıt sayısı: 69000
İşlenen kayıt sayısı: 70000
İşlenen kayıt sayısı: 71000
İşlenen kayıt sayısı: 72000
İşlenen kayıt sayısı: 73000
İşlenen kayıt sayısı: 74000
İşlenen kayıt sayısı: 75000
İşlenen kayıt sayısı: 76000
Dosya okuma hatası /Users/mugeakbulut/Academia/Right_Now/PhD_Tez/2218_PROJE/mantis_veriler/orijinal veriler MANTIS/export/export-3.json: 'NoneType' object is not iterable
Yükleniyor: export-4.json
Dosyadan 80000 kayıt bulundu
İşlenen kayıt sayısı: 77000
İşlenen kayıt sayısı: 78000
Dosya okuma hatası /Users/mugeakbulut/Academia/Right_Now/PhD_Tez/2218_PROJE/mantis_veriler/orijinal veriler MANTIS/export/export-4.json: 'NoneType' object is not iterable
Yükleniyor: export-5.json
Dosyadan 80000 kayıt bulundu
İşlenen kayıt sayısı: 79000
İşlenen kayıt sayısı: 80000
İşlenen kayıt sayısı: 81000
İşlenen kayıt sayısı: 82000
İşlenen kayıt sayısı: 83000
İşlenen kayıt sayısı: 84000
İşlenen kayıt sayısı: 85000
İşlenen kayıt sayısı: 86000
İşlenen kayıt sayısı: 87000
İşlenen kayıt sayısı: 88000
İşlenen kayıt sayısı: 89000
İşlenen kayıt sayısı: 90000
İşlenen kayıt sayısı: 91000
Dosya okuma hatası /Users/mugeakbulut/Academia/Right_Now/PhD_Tez/2218_PROJE/mantis_veriler/orijinal veriler MANTIS/export/export-5.json: 'NoneType' object is not iterable
Yükleniyor: export-6.json
Dosyadan 75000 kayıt bulundu
İşlenen kayıt sayısı: 92000
İşlenen kayıt sayısı: 93000
İşlenen kayıt sayısı: 94000
İşlenen kayıt sayısı: 95000
İşlenen kayıt sayısı: 96000
İşlenen kayıt sayısı: 97000
İşlenen kayıt sayısı: 98000
İşlenen kayıt sayısı: 99000
İşlenen kayıt sayısı: 100000
İşlenen kayıt sayısı: 101000
İşlenen kayıt sayısı: 102000
İşlenen kayıt sayısı: 103000
Dosya okuma hatası /Users/mugeakbulut/Academia/Right_Now/PhD_Tez/2218_PROJE/mantis_veriler/orijinal veriler MANTIS/export/export-6.json: 'NoneType' object is not iterable
Yükleniyor: export-7.json
Dosyadan 75000 kayıt bulundu
Dosya okuma hatası /Users/mugeakbulut/Academia/Right_Now/PhD_Tez/2218_PROJE/mantis_veriler/orijinal veriler MANTIS/export/export-7.json: sequence item 2: expected str instance, NoneType found
Yükleniyor: export-8.json
Dosyadan 23931 kayıt bulundu
Dosya okuma hatası /Users/mugeakbulut/Academia/Right_Now/PhD_Tez/2218_PROJE/mantis_veriler/orijinal veriler MANTIS/export/export-8.json: sequence item 2: expected str instance, NoneType found
MANTIS metadata'dan toplam 103576 kayıt yüklendi
Metadata yüklendi - 103576 makale
MANTIS atıf dosyaları yükleniyor: /Users/mugeakbulut/Academia/Right_Now/PhD_Tez/2218_PROJE/mantis_veriler/orijinal veriler MANTIS/citation
Bulunan citation dosyaları: 4
Yükleniyor: citation-1.json
Dosyadan 300000 atıf kaydı bulundu
İşlenen atıf sayısı: 5000
İşlenen atıf sayısı: 10000
İşlenen atıf sayısı: 15000
İşlenen atıf sayısı: 20000
İşlenen atıf sayısı: 25000
İşlenen atıf sayısı: 30000
İşlenen atıf sayısı: 35000
İşlenen atıf sayısı: 40000
İşlenen atıf sayısı: 45000
İşlenen atıf sayısı: 50000
İşlenen atıf sayısı: 55000
İşlenen atıf sayısı: 60000
İşlenen atıf sayısı: 65000
İşlenen atıf sayısı: 70000
İşlenen atıf sayısı: 75000
İşlenen atıf sayısı: 80000
İşlenen atıf sayısı: 85000
İşlenen atıf sayısı: 90000
İşlenen atıf sayısı: 95000
İşlenen atıf sayısı: 100000
İşlenen atıf sayısı: 105000
İşlenen atıf sayısı: 110000
İşlenen atıf sayısı: 115000
İşlenen atıf sayısı: 120000
İşlenen atıf sayısı: 125000
İşlenen atıf sayısı: 130000
İşlenen atıf sayısı: 135000
İşlenen atıf sayısı: 140000
İşlenen atıf sayısı: 145000
İşlenen atıf sayısı: 150000
İşlenen atıf sayısı: 155000
İşlenen atıf sayısı: 160000
İşlenen atıf sayısı: 165000
İşlenen atıf sayısı: 170000
İşlenen atıf sayısı: 175000
İşlenen atıf sayısı: 180000
İşlenen atıf sayısı: 185000
İşlenen atıf sayısı: 190000
İşlenen atıf sayısı: 195000
İşlenen atıf sayısı: 200000
İşlenen atıf sayısı: 205000
İşlenen atıf sayısı: 210000
İşlenen atıf sayısı: 215000
İşlenen atıf sayısı: 220000
İşlenen atıf sayısı: 225000
İşlenen atıf sayısı: 230000
İşlenen atıf sayısı: 235000
İşlenen atıf sayısı: 240000
İşlenen atıf sayısı: 245000
İşlenen atıf sayısı: 250000
İşlenen atıf sayısı: 255000
İşlenen atıf sayısı: 260000
İşlenen atıf sayısı: 265000
İşlenen atıf sayısı: 270000
İşlenen atıf sayısı: 275000
İşlenen atıf sayısı: 280000
İşlenen atıf sayısı: 285000
İşlenen atıf sayısı: 290000
İşlenen atıf sayısı: 295000
İşlenen atıf sayısı: 300000
Yükleniyor: citation-2.json
Dosyadan 300000 atıf kaydı bulundu
İşlenen atıf sayısı: 305000
İşlenen atıf sayısı: 310000
İşlenen atıf sayısı: 315000
İşlenen atıf sayısı: 320000
İşlenen atıf sayısı: 325000
İşlenen atıf sayısı: 330000
İşlenen atıf sayısı: 335000
İşlenen atıf sayısı: 340000
İşlenen atıf sayısı: 345000
İşlenen atıf sayısı: 350000
İşlenen atıf sayısı: 355000
İşlenen atıf sayısı: 360000
İşlenen atıf sayısı: 365000
İşlenen atıf sayısı: 370000
İşlenen atıf sayısı: 375000
İşlenen atıf sayısı: 380000
İşlenen atıf sayısı: 385000
İşlenen atıf sayısı: 390000
İşlenen atıf sayısı: 395000
İşlenen atıf sayısı: 400000
İşlenen atıf sayısı: 405000
İşlenen atıf sayısı: 410000
İşlenen atıf sayısı: 415000
İşlenen atıf sayısı: 420000
İşlenen atıf sayısı: 425000
İşlenen atıf sayısı: 430000
İşlenen atıf sayısı: 435000
İşlenen atıf sayısı: 440000
İşlenen atıf sayısı: 445000
İşlenen atıf sayısı: 450000
İşlenen atıf sayısı: 455000
İşlenen atıf sayısı: 460000
İşlenen atıf sayısı: 465000
İşlenen atıf sayısı: 470000
İşlenen atıf sayısı: 475000
İşlenen atıf sayısı: 480000
İşlenen atıf sayısı: 485000
İşlenen atıf sayısı: 490000
İşlenen atıf sayısı: 495000
İşlenen atıf sayısı: 500000
İşlenen atıf sayısı: 505000
İşlenen atıf sayısı: 510000
İşlenen atıf sayısı: 515000
İşlenen atıf sayısı: 520000
İşlenen atıf sayısı: 525000
İşlenen atıf sayısı: 530000
İşlenen atıf sayısı: 535000
İşlenen atıf sayısı: 540000
İşlenen atıf sayısı: 545000
İşlenen atıf sayısı: 550000
İşlenen atıf sayısı: 555000
İşlenen atıf sayısı: 560000
İşlenen atıf sayısı: 565000
İşlenen atıf sayısı: 570000
İşlenen atıf sayısı: 575000
İşlenen atıf sayısı: 580000
İşlenen atıf sayısı: 585000
İşlenen atıf sayısı: 590000
İşlenen atıf sayısı: 595000
İşlenen atıf sayısı: 600000
Yükleniyor: citation-3.json
Dosyadan 300000 atıf kaydı bulundu
İşlenen atıf sayısı: 605000
İşlenen atıf sayısı: 610000
İşlenen atıf sayısı: 615000
İşlenen atıf sayısı: 620000
İşlenen atıf sayısı: 625000
İşlenen atıf sayısı: 630000
İşlenen atıf sayısı: 635000
İşlenen atıf sayısı: 640000
İşlenen atıf sayısı: 645000
İşlenen atıf sayısı: 650000
İşlenen atıf sayısı: 655000
İşlenen atıf sayısı: 660000
İşlenen atıf sayısı: 665000
İşlenen atıf sayısı: 670000
İşlenen atıf sayısı: 675000
İşlenen atıf sayısı: 680000
İşlenen atıf sayısı: 685000
İşlenen atıf sayısı: 690000
İşlenen atıf sayısı: 695000
İşlenen atıf sayısı: 700000
İşlenen atıf sayısı: 705000
İşlenen atıf sayısı: 710000
İşlenen atıf sayısı: 715000
İşlenen atıf sayısı: 720000
İşlenen atıf sayısı: 725000
İşlenen atıf sayısı: 730000
İşlenen atıf sayısı: 735000
İşlenen atıf sayısı: 740000
İşlenen atıf sayısı: 745000
İşlenen atıf sayısı: 750000
İşlenen atıf sayısı: 755000
İşlenen atıf sayısı: 760000
İşlenen atıf sayısı: 765000
İşlenen atıf sayısı: 770000
İşlenen atıf sayısı: 775000
İşlenen atıf sayısı: 780000
İşlenen atıf sayısı: 785000
İşlenen atıf sayısı: 790000
İşlenen atıf sayısı: 795000
İşlenen atıf sayısı: 800000
İşlenen atıf sayısı: 805000
İşlenen atıf sayısı: 810000
İşlenen atıf sayısı: 815000
İşlenen atıf sayısı: 820000
İşlenen atıf sayısı: 825000
İşlenen atıf sayısı: 830000
İşlenen atıf sayısı: 835000
İşlenen atıf sayısı: 840000
İşlenen atıf sayısı: 845000
İşlenen atıf sayısı: 850000
İşlenen atıf sayısı: 855000
İşlenen atıf sayısı: 860000
İşlenen atıf sayısı: 865000
İşlenen atıf sayısı: 870000
İşlenen atıf sayısı: 875000
İşlenen atıf sayısı: 880000
İşlenen atıf sayısı: 885000
İşlenen atıf sayısı: 890000
İşlenen atıf sayısı: 895000
İşlenen atıf sayısı: 900000
Yükleniyor: citation-4.json
Dosyadan 96180 atıf kaydı bulundu
İşlenen atıf sayısı: 905000
İşlenen atıf sayısı: 910000
İşlenen atıf sayısı: 915000
İşlenen atıf sayısı: 920000
İşlenen atıf sayısı: 925000
İşlenen atıf sayısı: 930000
İşlenen atıf sayısı: 935000
İşlenen atıf sayısı: 940000
İşlenen atıf sayısı: 945000
İşlenen atıf sayısı: 950000
İşlenen atıf sayısı: 955000
İşlenen atıf sayısı: 960000
İşlenen atıf sayısı: 965000
İşlenen atıf sayısı: 970000
İşlenen atıf sayısı: 975000
İşlenen atıf sayısı: 980000
İşlenen atıf sayısı: 985000
İşlenen atıf sayısı: 990000
İşlenen atıf sayısı: 995000
Toplam 996180 atıf verisi yüklendi
İlgili makaleler için 277085 atıf verisi filtrelendi
Citation verileri yüklendi - 277085 atıf
Title sütunu temizlendi. Örnek: Gelişimsel kalça çıkığının kapalı redüksiyonunda artrografi ile saptanan yumuşak doku interpozisyonu ve lateralizasyonun orta dönem sonuçlar üzerine etkisi
Abstract sütunu temizlendi. Örnek: Amaç: Bu prospektif randomize olmayan çalışmada, 18 ay ve altı yaşlarda, gelişimsel kalça çıkığı ned...
Metinler önişleniyor ve LDA hesaplanıyor...
 * Debugger is active!
 * Debugger PIN: 798-173-582
LDA modeli oluşturuldu.
Veriler 201.56 saniyede yüklendi.
Önbellekleri temizliyorum...
first_run_completed.flag silindi
saved_data_turkish.pkl silindi
saved_model_turkish.pkl silindi
Uygulama başlatılıyor... Herhangi bir IP üzerinden 3000 portunda çalışacak
Arama fonksiyonu çağrıldı
df_metadata sütunları: ['Paper', 'Title', 'Abstract', 'Authors', 'Subject', 'Year', 'Keywords', 'Journal', 'DOI', 'Language', 'Volume', 'Number', 'StartPage', 'EndPage', 'Has_TR_Abstract', 'Title_Processed', 'Abstract_Processed', 'Combined']
df_metadata boyutu: (103576, 18)
Ham sorgu: 'yapay zeka'
Arama sorgusu: 'yapay zeka', Mode: combined, İlgi: 0.5, Çeşitlilik: 0.5
Arama için mevcut sütunlar: ['Paper', 'Title', 'Abstract', 'Authors', 'Subject', 'Year', 'Keywords', 'Journal', 'DOI', 'Language', 'Volume', 'Number', 'StartPage', 'EndPage', 'Has_TR_Abstract', 'Title_Processed', 'Abstract_Processed', 'Combined']
Arama sorgusu: 'yapay zeka' -> 'yapay zeka'
İlk 5 kayıt örneği:
ID: 1, Title: Gelişimsel kalça çıkığının kapalı redüksiyonunda artrografi ile saptanan yumuşak doku interpozisyonu ve lateralizasyonun orta dönem sonuçlar üzerine etkisi, Abstract: Amaç: Bu prospektif randomize olmayan çalışmada, 1...
ID: 2, Title: Yürüme çağındaki (1-4 yaş) gelişimsel kalça displazili olgularda erken dönem tedavi sonuçlarımız, Abstract: Amaç: Gelişimsel kalça displazisi nedeniyle 1-4 ya...
ID: 3, Title: Torakolomber vertebra burst kırıklarında konservatif tedavinin etkinliği, Abstract: Amaç: Torakolomber vertebra burst kırıklarında kon...
ID: 4, Title: Ayak bileği lezyonlarında artroskopik cerrahinin erken dönem fonksiyonel sonuçları, Abstract: Amaç: Ayak bileği patolojilerinde artroskopik teda...
ID: 5, Title: Çocuklarda (4-16 yaş) el bileği kinamatiği ve skafolunat mesafenin erişkin değerleriyle karşılaştırılması, Abstract: Amaç: Çalışmamızda, erişkinler için bildirilen el ...
İşlem görmüş sorgu: yapay zeka
DEBUG LDA: Sorgu variant 1: 'yapay zeka'
DEBUG LDA: Query vektör şekli: (1, 500)
DEBUG LDA: Query topic distribution şekli: (1, 120)
DEBUG LDA: Query topic distribution örnek: [0.00833333 0.00833333 0.00833333 0.00833333 0.00833333]
DEBUG LDA: Ham skorlar (120 konu) - Min: 0.008333, Max: 0.008333
DEBUG LDA: Query 'yapay zeka' için ilk 5 skor: [0.00833333 0.00833333 0.00833333 0.00833333 0.00833333]
DEBUG LDA: Combined skorlar - Min: 0.008333, Max: 0.008333
DEBUG LDA: Top 1 - Index: 28131, Score: 0.008333
DEBUG LDA: Top 2 - Index: 26785, Score: 0.008333
DEBUG LDA: Top 3 - Index: 100562, Score: 0.008333
DEBUG LDA: Top 4 - Index: 98740, Score: 0.008333
DEBUG LDA: Top 5 - Index: 73499, Score: 0.008333
DEBUG LDA: Top 6 - Index: 97882, Score: 0.008333
DEBUG LDA: Top 7 - Index: 92884, Score: 0.008333
DEBUG LDA: Top 8 - Index: 23168, Score: 0.008333
DEBUG LDA: Top 9 - Index: 28055, Score: 0.008333
DEBUG LDA: Top 10 - Index: 23173, Score: 0.008333
Toplam LDA skoru: 863.1333
Eşik değeri: 0.000000, Filtreleme sonrası 103576 sonuç kaldı
Ana çekirdek makale: 517388
Çekirdek makale 517388: 1 atıf
DEBUG: Basit LDA-only yaklaşımı kullanılıyor
DEBUG: Basit final_list oluşturuldu: 103576 makale
DEBUG: LDA skorları - min: 0.00833333, max: 0.00833333
DEBUG: En yüksek 10 HAM LDA skoru: [0.008333333333333373, 0.008333333333333373, 0.008333333333333373, 0.008333333333333373, 0.008333333333333373, 0.008333333333333373, 0.008333333333333373, 0.008333333333333373, 0.008333333333333373, 0.008333333333333373]
DEBUG: Unique LDA skor sayısı: 44 / 103576
DEBUG PAGINATION: total_results=103576, page=1, per_page=25
Bütünleşik sıralama uygulandı: 103576 makale
DEBUG RAW LDA: Count=103576, Min=0.00833333, Max=0.00833333
DEBUG RAW LDA: Mean=0.00833333, Std=0.00000000
DEBUG RAW LDA: Top 5 scores: [0.008333333333333373, 0.008333333333333373, 0.008333333333333373, 0.008333333333333373, 0.008333333333333373]
DEBUG RAW LDA: Bottom 5 scores: [0.0083333333333333, 0.0083333333333333, 0.0083333333333333, 0.0083333333333333, 0.008333333333333299]
DEBUG RAW LDA: Unique score count: 44 (total: 103576)
DEBUG normalize_global: min=0.00833333, max=0.00833333, count=103576
DEBUG normalize_global: Normalizasyon sonrası - 1.0 olan: 10, 0.0 olan: 1
DEBUG normalize_global: ilk 5 normalize skorlar: [1.0, 1.0, 1.0, 1.0, 1.0]
DEBUG normalize_global: min=0.00000000, max=0.00000000, count=103576
DEBUG: Tüm skorlar aynı (0), 0.5 veriliyor
DEBUG normalize_global: min=0.00833333, max=0.00833333, count=103576
DEBUG normalize_global: Normalizasyon sonrası - 1.0 olan: 10, 0.0 olan: 1
DEBUG normalize_global: ilk 5 normalize skorlar: [1.0, 1.0, 1.0, 1.0, 1.0]
DEBUG PAGINATION: start_idx=0, end_idx=25, paged_results_count=25
Grafikte 100 makale gösterilecek
DEBUG: tf=15, idf=454, x_val=2.176, y_val=4.042
DEBUG: Expected X range: 1.0-3.0, Expected Y range: 3.0-5.0
DEBUG: X calculation: 1 + log10(15) = 2.176
DEBUG: Y calculation: log10(5000000/454) = 4.042
DEBUG: Paper contains - LDA: 1.0, Pennant: 0.5
DEBUG: Paper contains - Cognitive_Impact: 1.0, Access_Easiness: 5.015259134993603
DEBUG: FINAL COORDINATES - final_x=2.141, final_y=4.069
DEBUG: tf=49, idf=142, x_val=2.690, y_val=4.547
DEBUG: Expected X range: 1.0-3.0, Expected Y range: 3.0-5.0
DEBUG: X calculation: 1 + log10(49) = 2.690
DEBUG: Y calculation: log10(5000000/142) = 4.547
DEBUG: Paper contains - LDA: 1.0, Pennant: 0.5
DEBUG: Paper contains - Cognitive_Impact: 1.0, Access_Easiness: 5.015259134993603
DEBUG: FINAL COORDINATES - final_x=2.660, final_y=4.507
DEBUG: tf=3, idf=850, x_val=1.477, y_val=3.770
DEBUG: Expected X range: 1.0-3.0, Expected Y range: 3.0-5.0
DEBUG: X calculation: 1 + log10(3) = 1.477
DEBUG: Y calculation: log10(5000000/850) = 3.770
DEBUG: Paper contains - LDA: 1.0, Pennant: 0.5
DEBUG: Paper contains - Cognitive_Impact: 1.0, Access_Easiness: 5.015259134993603
DEBUG: FINAL COORDINATES - final_x=1.481, final_y=3.773
DEBUG: tf=3, idf=292, x_val=1.477, y_val=4.234
DEBUG: Expected X range: 1.0-3.0, Expected Y range: 3.0-5.0
DEBUG: X calculation: 1 + log10(3) = 1.477
DEBUG: Y calculation: log10(5000000/292) = 4.234
DEBUG: Paper contains - LDA: 1.0, Pennant: 0.5
DEBUG: Paper contains - Cognitive_Impact: 1.0, Access_Easiness: 5.015259134993603
DEBUG: FINAL COORDINATES - final_x=1.476, final_y=4.184
DEBUG: tf=30, idf=898, x_val=2.477, y_val=3.746
DEBUG: Expected X range: 1.0-3.0, Expected Y range: 3.0-5.0
DEBUG: X calculation: 1 + log10(30) = 2.477
DEBUG: Y calculation: log10(5000000/898) = 3.746
DEBUG: Paper contains - LDA: 1.0, Pennant: 0.5
DEBUG: Paper contains - Cognitive_Impact: 1.0, Access_Easiness: 5.015259134993603
DEBUG: FINAL COORDINATES - final_x=2.482, final_y=3.790
DEBUG: tf=4, idf=515, x_val=1.602, y_val=3.987
DEBUG: Expected X range: 1.0-3.0, Expected Y range: 3.0-5.0
DEBUG: X calculation: 1 + log10(4) = 1.602
DEBUG: Y calculation: log10(5000000/515) = 3.987
DEBUG: Paper contains - LDA: 1.0, Pennant: 0.5
DEBUG: Paper contains - Cognitive_Impact: 1.0, Access_Easiness: 5.015259134993603
DEBUG: FINAL COORDINATES - final_x=1.610, final_y=3.972
DEBUG: tf=99, idf=468, x_val=2.996, y_val=4.029
DEBUG: Expected X range: 1.0-3.0, Expected Y range: 3.0-5.0
DEBUG: X calculation: 1 + log10(99) = 2.996
DEBUG: Y calculation: log10(5000000/468) = 4.029
DEBUG: Paper contains - LDA: 1.0, Pennant: 0.5
DEBUG: Paper contains - Cognitive_Impact: 1.0, Access_Easiness: 5.015259134993603
DEBUG: FINAL COORDINATES - final_x=2.990, final_y=4.070
DEBUG: tf=52, idf=68, x_val=2.716, y_val=4.866
DEBUG: Expected X range: 1.0-3.0, Expected Y range: 3.0-5.0
DEBUG: X calculation: 1 + log10(52) = 2.716
DEBUG: Y calculation: log10(5000000/68) = 4.866
DEBUG: Paper contains - LDA: 1.0, Pennant: 0.5
DEBUG: Paper contains - Cognitive_Impact: 1.0, Access_Easiness: 5.015259134993603
DEBUG: FINAL COORDINATES - final_x=2.722, final_y=4.821
DEBUG: tf=66, idf=260, x_val=2.820, y_val=4.284
DEBUG: Expected X range: 1.0-3.0, Expected Y range: 3.0-5.0
DEBUG: X calculation: 1 + log10(66) = 2.820
DEBUG: Y calculation: log10(5000000/260) = 4.284
DEBUG: Paper contains - LDA: 1.0, Pennant: 0.5
DEBUG: Paper contains - Cognitive_Impact: 1.0, Access_Easiness: 5.015259134993603
DEBUG: FINAL COORDINATES - final_x=2.801, final_y=4.287
DEBUG: tf=17, idf=945, x_val=2.230, y_val=3.724
DEBUG: Expected X range: 1.0-3.0, Expected Y range: 3.0-5.0
DEBUG: X calculation: 1 + log10(17) = 2.230
DEBUG: Y calculation: log10(5000000/945) = 3.724
DEBUG: Paper contains - LDA: 1.0, Pennant: 0.5
DEBUG: Paper contains - Cognitive_Impact: 1.0, Access_Easiness: 5.015259134993603
DEBUG: FINAL COORDINATES - final_x=2.193, final_y=3.684
DEBUG: tf=92, idf=670, x_val=2.964, y_val=3.873
DEBUG: Expected X range: 1.0-3.0, Expected Y range: 3.0-5.0
DEBUG: X calculation: 1 + log10(92) = 2.964
DEBUG: Y calculation: log10(5000000/670) = 3.873
DEBUG: Paper contains - LDA: 0.9767441860465116, Pennant: 0.5
DEBUG: Paper contains - Cognitive_Impact: 1.0, Access_Easiness: 5.015259134993603
DEBUG: FINAL COORDINATES - final_x=2.940, final_y=3.882
DEBUG: tf=14, idf=358, x_val=2.146, y_val=4.145
DEBUG: Expected X range: 1.0-3.0, Expected Y range: 3.0-5.0
DEBUG: X calculation: 1 + log10(14) = 2.146
DEBUG: Y calculation: log10(5000000/358) = 4.145
DEBUG: Paper contains - LDA: 0.9767441860465116, Pennant: 0.5
DEBUG: Paper contains - Cognitive_Impact: 1.0, Access_Easiness: 5.015259134993603
DEBUG: FINAL COORDINATES - final_x=2.163, final_y=4.183
DEBUG: tf=65, idf=729, x_val=2.813, y_val=3.836
DEBUG: Expected X range: 1.0-3.0, Expected Y range: 3.0-5.0
DEBUG: X calculation: 1 + log10(65) = 2.813
DEBUG: Y calculation: log10(5000000/729) = 3.836
DEBUG: Paper contains - LDA: 0.9767441860465116, Pennant: 0.5
DEBUG: Paper contains - Cognitive_Impact: 1.0, Access_Easiness: 5.015259134993603
DEBUG: FINAL COORDINATES - final_x=2.767, final_y=3.793
DEBUG: tf=26, idf=893, x_val=2.415, y_val=3.748
DEBUG: Expected X range: 1.0-3.0, Expected Y range: 3.0-5.0
DEBUG: X calculation: 1 + log10(26) = 2.415
DEBUG: Y calculation: log10(5000000/893) = 3.748
DEBUG: Paper contains - LDA: 0.9767441860465116, Pennant: 0.5
DEBUG: Paper contains - Cognitive_Impact: 1.0, Access_Easiness: 5.015259134993603
DEBUG: FINAL COORDINATES - final_x=2.440, final_y=3.727
DEBUG: tf=32, idf=7, x_val=2.505, y_val=5.854
DEBUG: Expected X range: 1.0-3.0, Expected Y range: 3.0-5.0
DEBUG: X calculation: 1 + log10(32) = 2.505
DEBUG: Y calculation: log10(5000000/7) = 5.854
DEBUG: Paper contains - LDA: 0.9767441860465116, Pennant: 0.5
DEBUG: Paper contains - Cognitive_Impact: 1.0, Access_Easiness: 5.015259134993603
DEBUG: FINAL COORDINATES - final_x=2.514, final_y=5.892
DEBUG: tf=63, idf=256, x_val=2.799, y_val=4.291
DEBUG: Expected X range: 1.0-3.0, Expected Y range: 3.0-5.0
DEBUG: X calculation: 1 + log10(63) = 2.799
DEBUG: Y calculation: log10(5000000/256) = 4.291
DEBUG: Paper contains - LDA: 0.9767441860465116, Pennant: 0.5
DEBUG: Paper contains - Cognitive_Impact: 1.0, Access_Easiness: 5.015259134993603
DEBUG: FINAL COORDINATES - final_x=2.816, final_y=4.260
DEBUG: tf=5, idf=542, x_val=1.699, y_val=3.965
DEBUG: Expected X range: 1.0-3.0, Expected Y range: 3.0-5.0
DEBUG: X calculation: 1 + log10(5) = 1.699
DEBUG: Y calculation: log10(5000000/542) = 3.965
DEBUG: Paper contains - LDA: 0.9767441860465116, Pennant: 0.5
DEBUG: Paper contains - Cognitive_Impact: 1.0, Access_Easiness: 5.015259134993603
DEBUG: FINAL COORDINATES - final_x=1.651, final_y=3.929
DEBUG: tf=53, idf=765, x_val=2.724, y_val=3.815
DEBUG: Expected X range: 1.0-3.0, Expected Y range: 3.0-5.0
DEBUG: X calculation: 1 + log10(53) = 2.724
DEBUG: Y calculation: log10(5000000/765) = 3.815
DEBUG: Paper contains - LDA: 0.9767441860465116, Pennant: 0.5
DEBUG: Paper contains - Cognitive_Impact: 1.0, Access_Easiness: 5.015259134993603
DEBUG: FINAL COORDINATES - final_x=2.769, final_y=3.773
DEBUG: tf=46, idf=229, x_val=2.663, y_val=4.339
DEBUG: Expected X range: 1.0-3.0, Expected Y range: 3.0-5.0
DEBUG: X calculation: 1 + log10(46) = 2.663
DEBUG: Y calculation: log10(5000000/229) = 4.339
DEBUG: Paper contains - LDA: 0.9767441860465116, Pennant: 0.5
DEBUG: Paper contains - Cognitive_Impact: 1.0, Access_Easiness: 5.015259134993603
DEBUG: FINAL COORDINATES - final_x=2.624, final_y=4.330
DEBUG: tf=47, idf=376, x_val=2.672, y_val=4.124
DEBUG: Expected X range: 1.0-3.0, Expected Y range: 3.0-5.0
DEBUG: X calculation: 1 + log10(47) = 2.672
DEBUG: Y calculation: log10(5000000/376) = 4.124
DEBUG: Paper contains - LDA: 0.9767441860465116, Pennant: 0.5
DEBUG: Paper contains - Cognitive_Impact: 1.0, Access_Easiness: 5.015259134993603
DEBUG: FINAL COORDINATES - final_x=2.662, final_y=4.104
DEBUG: tf=52, idf=352, x_val=2.716, y_val=4.152
DEBUG: Expected X range: 1.0-3.0, Expected Y range: 3.0-5.0
DEBUG: X calculation: 1 + log10(52) = 2.716
DEBUG: Y calculation: log10(5000000/352) = 4.152
DEBUG: Paper contains - LDA: 0.9767441860465116, Pennant: 0.5
DEBUG: Paper contains - Cognitive_Impact: 1.0, Access_Easiness: 5.015259134993603
DEBUG: FINAL COORDINATES - final_x=2.710, final_y=4.127
DEBUG: tf=86, idf=184, x_val=2.934, y_val=4.434
DEBUG: Expected X range: 1.0-3.0, Expected Y range: 3.0-5.0
DEBUG: X calculation: 1 + log10(86) = 2.934
DEBUG: Y calculation: log10(5000000/184) = 4.434
DEBUG: Paper contains - LDA: 0.9767441860465116, Pennant: 0.5
DEBUG: Paper contains - Cognitive_Impact: 1.0, Access_Easiness: 5.015259134993603
DEBUG: FINAL COORDINATES - final_x=2.940, final_y=4.462
DEBUG: tf=86, idf=232, x_val=2.934, y_val=4.333
DEBUG: Expected X range: 1.0-3.0, Expected Y range: 3.0-5.0
DEBUG: X calculation: 1 + log10(86) = 2.934
DEBUG: Y calculation: log10(5000000/232) = 4.333
DEBUG: Paper contains - LDA: 0.9767441860465116, Pennant: 0.5
DEBUG: Paper contains - Cognitive_Impact: 1.0, Access_Easiness: 5.015259134993603
DEBUG: FINAL COORDINATES - final_x=2.937, final_y=4.355
DEBUG: tf=78, idf=126, x_val=2.892, y_val=4.599
DEBUG: Expected X range: 1.0-3.0, Expected Y range: 3.0-5.0
DEBUG: X calculation: 1 + log10(78) = 2.892
DEBUG: Y calculation: log10(5000000/126) = 4.599
DEBUG: Paper contains - LDA: 0.9767441860465116, Pennant: 0.5
DEBUG: Paper contains - Cognitive_Impact: 1.0, Access_Easiness: 5.015259134993603
DEBUG: FINAL COORDINATES - final_x=2.911, final_y=4.567
DEBUG: tf=99, idf=297, x_val=2.996, y_val=4.226
DEBUG: Expected X range: 1.0-3.0, Expected Y range: 3.0-5.0
DEBUG: X calculation: 1 + log10(99) = 2.996
DEBUG: Y calculation: log10(5000000/297) = 4.226
DEBUG: Paper contains - LDA: 0.9767441860465116, Pennant: 0.5
DEBUG: Paper contains - Cognitive_Impact: 1.0, Access_Easiness: 5.015259134993603
DEBUG: FINAL COORDINATES - final_x=3.016, final_y=4.229
DEBUG: tf=65, idf=760, x_val=2.813, y_val=3.818
DEBUG: Expected X range: 1.0-3.0, Expected Y range: 3.0-5.0
DEBUG: X calculation: 1 + log10(65) = 2.813
DEBUG: Y calculation: log10(5000000/760) = 3.818
DEBUG: Paper contains - LDA: 0.9767441860465116, Pennant: 0.5
DEBUG: Paper contains - Cognitive_Impact: 1.0, Access_Easiness: 5.015259134993603
DEBUG: FINAL COORDINATES - final_x=2.839, final_y=3.821
DEBUG: tf=50, idf=661, x_val=2.699, y_val=3.879
DEBUG: Expected X range: 1.0-3.0, Expected Y range: 3.0-5.0
DEBUG: X calculation: 1 + log10(50) = 2.699
DEBUG: Y calculation: log10(5000000/661) = 3.879
DEBUG: Paper contains - LDA: 0.9767441860465116, Pennant: 0.5
DEBUG: Paper contains - Cognitive_Impact: 1.0, Access_Easiness: 5.015259134993603
DEBUG: FINAL COORDINATES - final_x=2.726, final_y=3.874
DEBUG: tf=20, idf=499, x_val=2.301, y_val=4.001
DEBUG: Expected X range: 1.0-3.0, Expected Y range: 3.0-5.0
DEBUG: X calculation: 1 + log10(20) = 2.301
DEBUG: Y calculation: log10(5000000/499) = 4.001
DEBUG: Paper contains - LDA: 0.9534883720930233, Pennant: 0.5
DEBUG: Paper contains - Cognitive_Impact: 1.0, Access_Easiness: 5.015259134993603
DEBUG: FINAL COORDINATES - final_x=2.293, final_y=4.009
DEBUG: tf=53, idf=615, x_val=2.724, y_val=3.910
DEBUG: Expected X range: 1.0-3.0, Expected Y range: 3.0-5.0
DEBUG: X calculation: 1 + log10(53) = 2.724
DEBUG: Y calculation: log10(5000000/615) = 3.910
DEBUG: Paper contains - LDA: 0.9534883720930233, Pennant: 0.5
DEBUG: Paper contains - Cognitive_Impact: 1.0, Access_Easiness: 5.015259134993603
DEBUG: FINAL COORDINATES - final_x=2.693, final_y=3.924
DEBUG: tf=35, idf=333, x_val=2.544, y_val=4.177
DEBUG: Expected X range: 1.0-3.0, Expected Y range: 3.0-5.0
DEBUG: X calculation: 1 + log10(35) = 2.544
DEBUG: Y calculation: log10(5000000/333) = 4.177
DEBUG: Paper contains - LDA: 0.9534883720930233, Pennant: 0.5
DEBUG: Paper contains - Cognitive_Impact: 1.0, Access_Easiness: 5.015259134993603
DEBUG: FINAL COORDINATES - final_x=2.555, final_y=4.182
DEBUG: tf=75, idf=861, x_val=2.875, y_val=3.764
DEBUG: Expected X range: 1.0-3.0, Expected Y range: 3.0-5.0
DEBUG: X calculation: 1 + log10(75) = 2.875
DEBUG: Y calculation: log10(5000000/861) = 3.764
DEBUG: Paper contains - LDA: 0.9534883720930233, Pennant: 0.5
DEBUG: Paper contains - Cognitive_Impact: 1.0, Access_Easiness: 5.015259134993603
DEBUG: FINAL COORDINATES - final_x=2.879, final_y=3.784
DEBUG: tf=32, idf=711, x_val=2.505, y_val=3.847
DEBUG: Expected X range: 1.0-3.0, Expected Y range: 3.0-5.0
DEBUG: X calculation: 1 + log10(32) = 2.505
DEBUG: Y calculation: log10(5000000/711) = 3.847
DEBUG: Paper contains - LDA: 0.9534883720930233, Pennant: 0.5
DEBUG: Paper contains - Cognitive_Impact: 1.0, Access_Easiness: 5.015259134993603
DEBUG: FINAL COORDINATES - final_x=2.511, final_y=3.896
DEBUG: tf=89, idf=562, x_val=2.949, y_val=3.949
DEBUG: Expected X range: 1.0-3.0, Expected Y range: 3.0-5.0
DEBUG: X calculation: 1 + log10(89) = 2.949
DEBUG: Y calculation: log10(5000000/562) = 3.949
DEBUG: Paper contains - LDA: 0.9534883720930233, Pennant: 0.5
DEBUG: Paper contains - Cognitive_Impact: 1.0, Access_Easiness: 5.015259134993603
DEBUG: FINAL COORDINATES - final_x=2.981, final_y=3.926
DEBUG: tf=14, idf=687, x_val=2.146, y_val=3.862
DEBUG: Expected X range: 1.0-3.0, Expected Y range: 3.0-5.0
DEBUG: X calculation: 1 + log10(14) = 2.146
DEBUG: Y calculation: log10(5000000/687) = 3.862
DEBUG: Paper contains - LDA: 0.9534883720930233, Pennant: 0.5
DEBUG: Paper contains - Cognitive_Impact: 1.0, Access_Easiness: 5.015259134993603
DEBUG: FINAL COORDINATES - final_x=2.196, final_y=3.838
DEBUG: tf=62, idf=337, x_val=2.792, y_val=4.171
DEBUG: Expected X range: 1.0-3.0, Expected Y range: 3.0-5.0
DEBUG: X calculation: 1 + log10(62) = 2.792
DEBUG: Y calculation: log10(5000000/337) = 4.171
DEBUG: Paper contains - LDA: 0.9534883720930233, Pennant: 0.5
DEBUG: Paper contains - Cognitive_Impact: 1.0, Access_Easiness: 5.015259134993603
DEBUG: FINAL COORDINATES - final_x=2.824, final_y=4.131
DEBUG: tf=4, idf=818, x_val=1.602, y_val=3.786
DEBUG: Expected X range: 1.0-3.0, Expected Y range: 3.0-5.0
DEBUG: X calculation: 1 + log10(4) = 1.602
DEBUG: Y calculation: log10(5000000/818) = 3.786
DEBUG: Paper contains - LDA: 0.9534883720930233, Pennant: 0.5
DEBUG: Paper contains - Cognitive_Impact: 1.0, Access_Easiness: 5.015259134993603
DEBUG: FINAL COORDINATES - final_x=1.642, final_y=3.817
DEBUG: tf=46, idf=31, x_val=2.663, y_val=5.208
DEBUG: Expected X range: 1.0-3.0, Expected Y range: 3.0-5.0
DEBUG: X calculation: 1 + log10(46) = 2.663
DEBUG: Y calculation: log10(5000000/31) = 5.208
DEBUG: Paper contains - LDA: 0.9534883720930233, Pennant: 0.5
DEBUG: Paper contains - Cognitive_Impact: 1.0, Access_Easiness: 5.015259134993603
DEBUG: FINAL COORDINATES - final_x=2.673, final_y=5.197
DEBUG: tf=89, idf=90, x_val=2.949, y_val=4.745
DEBUG: Expected X range: 1.0-3.0, Expected Y range: 3.0-5.0
DEBUG: X calculation: 1 + log10(89) = 2.949
DEBUG: Y calculation: log10(5000000/90) = 4.745
DEBUG: Paper contains - LDA: 0.9534883720930233, Pennant: 0.5
DEBUG: Paper contains - Cognitive_Impact: 1.0, Access_Easiness: 5.015259134993603
DEBUG: FINAL COORDINATES - final_x=2.923, final_y=4.770
DEBUG: tf=52, idf=472, x_val=2.716, y_val=4.025
DEBUG: Expected X range: 1.0-3.0, Expected Y range: 3.0-5.0
DEBUG: X calculation: 1 + log10(52) = 2.716
DEBUG: Y calculation: log10(5000000/472) = 4.025
DEBUG: Paper contains - LDA: 0.9534883720930233, Pennant: 0.5
DEBUG: Paper contains - Cognitive_Impact: 1.0, Access_Easiness: 5.015259134993603
DEBUG: FINAL COORDINATES - final_x=2.683, final_y=4.016
DEBUG: tf=1, idf=24, x_val=1.000, y_val=5.319
DEBUG: Expected X range: 1.0-3.0, Expected Y range: 3.0-5.0
DEBUG: X calculation: 1 + log10(1) = 1.000
DEBUG: Y calculation: log10(5000000/24) = 5.319
DEBUG: Paper contains - LDA: 0.9302325581395349, Pennant: 0.5
DEBUG: Paper contains - Cognitive_Impact: 1.0, Access_Easiness: 5.015259134993603
DEBUG: FINAL COORDINATES - final_x=1.012, final_y=5.347
DEBUG: tf=100, idf=617, x_val=3.000, y_val=3.909
DEBUG: Expected X range: 1.0-3.0, Expected Y range: 3.0-5.0
DEBUG: X calculation: 1 + log10(100) = 3.000
DEBUG: Y calculation: log10(5000000/617) = 3.909
DEBUG: Paper contains - LDA: 0.9302325581395349, Pennant: 0.5
DEBUG: Paper contains - Cognitive_Impact: 1.0, Access_Easiness: 5.015259134993603
DEBUG: FINAL COORDINATES - final_x=2.982, final_y=3.922
DEBUG: tf=56, idf=393, x_val=2.748, y_val=4.105
DEBUG: Expected X range: 1.0-3.0, Expected Y range: 3.0-5.0
DEBUG: X calculation: 1 + log10(56) = 2.748
DEBUG: Y calculation: log10(5000000/393) = 4.105
DEBUG: Paper contains - LDA: 0.9302325581395349, Pennant: 0.5
DEBUG: Paper contains - Cognitive_Impact: 1.0, Access_Easiness: 5.015259134993603
DEBUG: FINAL COORDINATES - final_x=2.759, final_y=4.075
DEBUG: tf=63, idf=128, x_val=2.799, y_val=4.592
DEBUG: Expected X range: 1.0-3.0, Expected Y range: 3.0-5.0
DEBUG: X calculation: 1 + log10(63) = 2.799
DEBUG: Y calculation: log10(5000000/128) = 4.592
DEBUG: Paper contains - LDA: 0.9302325581395349, Pennant: 0.5
DEBUG: Paper contains - Cognitive_Impact: 1.0, Access_Easiness: 5.015259134993603
DEBUG: FINAL COORDINATES - final_x=2.753, final_y=4.638
DEBUG: tf=53, idf=767, x_val=2.724, y_val=3.814
DEBUG: Expected X range: 1.0-3.0, Expected Y range: 3.0-5.0
DEBUG: X calculation: 1 + log10(53) = 2.724
DEBUG: Y calculation: log10(5000000/767) = 3.814
DEBUG: Paper contains - LDA: 0.9302325581395349, Pennant: 0.5
DEBUG: Paper contains - Cognitive_Impact: 1.0, Access_Easiness: 5.015259134993603
DEBUG: FINAL COORDINATES - final_x=2.767, final_y=3.857
DEBUG: tf=94, idf=699, x_val=2.973, y_val=3.854
DEBUG: Expected X range: 1.0-3.0, Expected Y range: 3.0-5.0
DEBUG: X calculation: 1 + log10(94) = 2.973
DEBUG: Y calculation: log10(5000000/699) = 3.854
DEBUG: Paper contains - LDA: 0.9302325581395349, Pennant: 0.5
DEBUG: Paper contains - Cognitive_Impact: 1.0, Access_Easiness: 5.015259134993603
DEBUG: FINAL COORDINATES - final_x=2.966, final_y=3.848
DEBUG: tf=64, idf=662, x_val=2.806, y_val=3.878
DEBUG: Expected X range: 1.0-3.0, Expected Y range: 3.0-5.0
DEBUG: X calculation: 1 + log10(64) = 2.806
DEBUG: Y calculation: log10(5000000/662) = 3.878
DEBUG: Paper contains - LDA: 0.9302325581395349, Pennant: 0.5
DEBUG: Paper contains - Cognitive_Impact: 1.0, Access_Easiness: 5.015259134993603
DEBUG: FINAL COORDINATES - final_x=2.834, final_y=3.847
DEBUG: tf=13, idf=362, x_val=2.114, y_val=4.140
DEBUG: Expected X range: 1.0-3.0, Expected Y range: 3.0-5.0
DEBUG: X calculation: 1 + log10(13) = 2.114
DEBUG: Y calculation: log10(5000000/362) = 4.140
DEBUG: Paper contains - LDA: 0.9069767441860465, Pennant: 0.5
DEBUG: Paper contains - Cognitive_Impact: 1.0, Access_Easiness: 5.015259134993603
DEBUG: FINAL COORDINATES - final_x=2.115, final_y=4.139
DEBUG: tf=75, idf=394, x_val=2.875, y_val=4.103
DEBUG: Expected X range: 1.0-3.0, Expected Y range: 3.0-5.0
DEBUG: X calculation: 1 + log10(75) = 2.875
DEBUG: Y calculation: log10(5000000/394) = 4.103
DEBUG: Paper contains - LDA: 0.9069767441860465, Pennant: 0.5
DEBUG: Paper contains - Cognitive_Impact: 1.0, Access_Easiness: 5.015259134993603
DEBUG: FINAL COORDINATES - final_x=2.919, final_y=4.077
DEBUG: tf=59, idf=414, x_val=2.771, y_val=4.082
DEBUG: Expected X range: 1.0-3.0, Expected Y range: 3.0-5.0
DEBUG: X calculation: 1 + log10(59) = 2.771
DEBUG: Y calculation: log10(5000000/414) = 4.082
DEBUG: Paper contains - LDA: 0.9069767441860465, Pennant: 0.5
DEBUG: Paper contains - Cognitive_Impact: 1.0, Access_Easiness: 5.015259134993603
DEBUG: FINAL COORDINATES - final_x=2.788, final_y=4.043
DEBUG: tf=20, idf=622, x_val=2.301, y_val=3.905
DEBUG: Expected X range: 1.0-3.0, Expected Y range: 3.0-5.0
DEBUG: X calculation: 1 + log10(20) = 2.301
DEBUG: Y calculation: log10(5000000/622) = 3.905
DEBUG: Paper contains - LDA: 0.9069767441860465, Pennant: 0.5
DEBUG: Paper contains - Cognitive_Impact: 1.0, Access_Easiness: 5.015259134993603
DEBUG: FINAL COORDINATES - final_x=2.267, final_y=3.955
DEBUG: tf=86, idf=514, x_val=2.934, y_val=3.988
DEBUG: Expected X range: 1.0-3.0, Expected Y range: 3.0-5.0
DEBUG: X calculation: 1 + log10(86) = 2.934
DEBUG: Y calculation: log10(5000000/514) = 3.988
DEBUG: Paper contains - LDA: 0.9069767441860465, Pennant: 0.5
DEBUG: Paper contains - Cognitive_Impact: 1.0, Access_Easiness: 5.015259134993603
DEBUG: FINAL COORDINATES - final_x=2.912, final_y=4.017
DEBUG: tf=67, idf=34, x_val=2.826, y_val=5.167
DEBUG: Expected X range: 1.0-3.0, Expected Y range: 3.0-5.0
DEBUG: X calculation: 1 + log10(67) = 2.826
DEBUG: Y calculation: log10(5000000/34) = 5.167
DEBUG: Paper contains - LDA: 0.9069767441860465, Pennant: 0.5
DEBUG: Paper contains - Cognitive_Impact: 1.0, Access_Easiness: 5.015259134993603
DEBUG: FINAL COORDINATES - final_x=2.821, final_y=5.123
DEBUG: tf=93, idf=236, x_val=2.968, y_val=4.326
DEBUG: Expected X range: 1.0-3.0, Expected Y range: 3.0-5.0
DEBUG: X calculation: 1 + log10(93) = 2.968
DEBUG: Y calculation: log10(5000000/236) = 4.326
DEBUG: Paper contains - LDA: 0.9069767441860465, Pennant: 0.5
DEBUG: Paper contains - Cognitive_Impact: 1.0, Access_Easiness: 5.015259134993603
DEBUG: FINAL COORDINATES - final_x=3.017, final_y=4.371
DEBUG: tf=8, idf=462, x_val=1.903, y_val=4.034
DEBUG: Expected X range: 1.0-3.0, Expected Y range: 3.0-5.0
DEBUG: X calculation: 1 + log10(8) = 1.903
DEBUG: Y calculation: log10(5000000/462) = 4.034
DEBUG: Paper contains - LDA: 0.9069767441860465, Pennant: 0.5
DEBUG: Paper contains - Cognitive_Impact: 1.0, Access_Easiness: 5.015259134993603
DEBUG: FINAL COORDINATES - final_x=1.922, final_y=4.029
DEBUG: tf=83, idf=147, x_val=2.919, y_val=4.532
DEBUG: Expected X range: 1.0-3.0, Expected Y range: 3.0-5.0
DEBUG: X calculation: 1 + log10(83) = 2.919
DEBUG: Y calculation: log10(5000000/147) = 4.532
DEBUG: Paper contains - LDA: 0.9069767441860465, Pennant: 0.5
DEBUG: Paper contains - Cognitive_Impact: 1.0, Access_Easiness: 5.015259134993603
DEBUG: FINAL COORDINATES - final_x=2.887, final_y=4.491
DEBUG: tf=96, idf=222, x_val=2.982, y_val=4.353
DEBUG: Expected X range: 1.0-3.0, Expected Y range: 3.0-5.0
DEBUG: X calculation: 1 + log10(96) = 2.982
DEBUG: Y calculation: log10(5000000/222) = 4.353
DEBUG: Paper contains - LDA: 0.9069767441860465, Pennant: 0.5
DEBUG: Paper contains - Cognitive_Impact: 1.0, Access_Easiness: 5.015259134993603
DEBUG: FINAL COORDINATES - final_x=3.010, final_y=4.392
DEBUG: tf=18, idf=349, x_val=2.255, y_val=4.156
DEBUG: Expected X range: 1.0-3.0, Expected Y range: 3.0-5.0
DEBUG: X calculation: 1 + log10(18) = 2.255
DEBUG: Y calculation: log10(5000000/349) = 4.156
DEBUG: Paper contains - LDA: 0.9069767441860465, Pennant: 0.5
DEBUG: Paper contains - Cognitive_Impact: 1.0, Access_Easiness: 5.015259134993603
DEBUG: FINAL COORDINATES - final_x=2.208, final_y=4.109
DEBUG: tf=21, idf=260, x_val=2.322, y_val=4.284
DEBUG: Expected X range: 1.0-3.0, Expected Y range: 3.0-5.0
DEBUG: X calculation: 1 + log10(21) = 2.322
DEBUG: Y calculation: log10(5000000/260) = 4.284
DEBUG: Paper contains - LDA: 0.9069767441860465, Pennant: 0.5
DEBUG: Paper contains - Cognitive_Impact: 1.0, Access_Easiness: 5.015259134993603
DEBUG: FINAL COORDINATES - final_x=2.283, final_y=4.331
DEBUG: tf=59, idf=524, x_val=2.771, y_val=3.980
DEBUG: Expected X range: 1.0-3.0, Expected Y range: 3.0-5.0
DEBUG: X calculation: 1 + log10(59) = 2.771
DEBUG: Y calculation: log10(5000000/524) = 3.980
DEBUG: Paper contains - LDA: 0.9069767441860465, Pennant: 0.5
DEBUG: Paper contains - Cognitive_Impact: 1.0, Access_Easiness: 5.015259134993603
DEBUG: FINAL COORDINATES - final_x=2.789, final_y=3.940
DEBUG: tf=26, idf=774, x_val=2.415, y_val=3.810
DEBUG: Expected X range: 1.0-3.0, Expected Y range: 3.0-5.0
DEBUG: X calculation: 1 + log10(26) = 2.415
DEBUG: Y calculation: log10(5000000/774) = 3.810
DEBUG: Paper contains - LDA: 0.8837209302325582, Pennant: 0.5
DEBUG: Paper contains - Cognitive_Impact: 1.0, Access_Easiness: 5.015259134993603
DEBUG: FINAL COORDINATES - final_x=2.416, final_y=3.773
DEBUG: tf=12, idf=858, x_val=2.079, y_val=3.765
DEBUG: Expected X range: 1.0-3.0, Expected Y range: 3.0-5.0
DEBUG: X calculation: 1 + log10(12) = 2.079
DEBUG: Y calculation: log10(5000000/858) = 3.765
DEBUG: Paper contains - LDA: 0.8837209302325582, Pennant: 0.5
DEBUG: Paper contains - Cognitive_Impact: 1.0, Access_Easiness: 5.015259134993603
DEBUG: FINAL COORDINATES - final_x=2.129, final_y=3.728
DEBUG: tf=80, idf=836, x_val=2.903, y_val=3.777
DEBUG: Expected X range: 1.0-3.0, Expected Y range: 3.0-5.0
DEBUG: X calculation: 1 + log10(80) = 2.903
DEBUG: Y calculation: log10(5000000/836) = 3.777
DEBUG: Paper contains - LDA: 0.8837209302325582, Pennant: 0.5
DEBUG: Paper contains - Cognitive_Impact: 1.0, Access_Easiness: 5.015259134993603
DEBUG: FINAL COORDINATES - final_x=2.941, final_y=3.804
DEBUG: tf=31, idf=100, x_val=2.491, y_val=4.699
DEBUG: Expected X range: 1.0-3.0, Expected Y range: 3.0-5.0
DEBUG: X calculation: 1 + log10(31) = 2.491
DEBUG: Y calculation: log10(5000000/100) = 4.699
DEBUG: Paper contains - LDA: 0.8837209302325582, Pennant: 0.5
DEBUG: Paper contains - Cognitive_Impact: 1.0, Access_Easiness: 5.015259134993603
DEBUG: FINAL COORDINATES - final_x=2.535, final_y=4.724
DEBUG: tf=20, idf=38, x_val=2.301, y_val=5.119
DEBUG: Expected X range: 1.0-3.0, Expected Y range: 3.0-5.0
DEBUG: X calculation: 1 + log10(20) = 2.301
DEBUG: Y calculation: log10(5000000/38) = 5.119
DEBUG: Paper contains - LDA: 0.8837209302325582, Pennant: 0.5
DEBUG: Paper contains - Cognitive_Impact: 1.0, Access_Easiness: 5.015259134993603
DEBUG: FINAL COORDINATES - final_x=2.342, final_y=5.134
DEBUG: tf=66, idf=530, x_val=2.820, y_val=3.975
DEBUG: Expected X range: 1.0-3.0, Expected Y range: 3.0-5.0
DEBUG: X calculation: 1 + log10(66) = 2.820
DEBUG: Y calculation: log10(5000000/530) = 3.975
DEBUG: Paper contains - LDA: 0.8837209302325582, Pennant: 0.5
DEBUG: Paper contains - Cognitive_Impact: 1.0, Access_Easiness: 5.015259134993603
DEBUG: FINAL COORDINATES - final_x=2.813, final_y=3.992
DEBUG: tf=41, idf=727, x_val=2.613, y_val=3.837
DEBUG: Expected X range: 1.0-3.0, Expected Y range: 3.0-5.0
DEBUG: X calculation: 1 + log10(41) = 2.613
DEBUG: Y calculation: log10(5000000/727) = 3.837
DEBUG: Paper contains - LDA: 0.8837209302325582, Pennant: 0.5
DEBUG: Paper contains - Cognitive_Impact: 1.0, Access_Easiness: 5.015259134993603
DEBUG: FINAL COORDINATES - final_x=2.590, final_y=3.815
DEBUG: tf=9, idf=38, x_val=1.954, y_val=5.119
DEBUG: Expected X range: 1.0-3.0, Expected Y range: 3.0-5.0
DEBUG: X calculation: 1 + log10(9) = 1.954
DEBUG: Y calculation: log10(5000000/38) = 5.119
DEBUG: Paper contains - LDA: 0.8837209302325582, Pennant: 0.5
DEBUG: Paper contains - Cognitive_Impact: 1.0, Access_Easiness: 5.015259134993603
DEBUG: FINAL COORDINATES - final_x=1.962, final_y=5.122
DEBUG: tf=54, idf=887, x_val=2.732, y_val=3.751
DEBUG: Expected X range: 1.0-3.0, Expected Y range: 3.0-5.0
DEBUG: X calculation: 1 + log10(54) = 2.732
DEBUG: Y calculation: log10(5000000/887) = 3.751
DEBUG: Paper contains - LDA: 0.8837209302325582, Pennant: 0.5
DEBUG: Paper contains - Cognitive_Impact: 1.0, Access_Easiness: 5.015259134993603
DEBUG: FINAL COORDINATES - final_x=2.729, final_y=3.732
DEBUG: tf=54, idf=992, x_val=2.732, y_val=3.702
DEBUG: Expected X range: 1.0-3.0, Expected Y range: 3.0-5.0
DEBUG: X calculation: 1 + log10(54) = 2.732
DEBUG: Y calculation: log10(5000000/992) = 3.702
DEBUG: Paper contains - LDA: 0.8604651162790697, Pennant: 0.5
DEBUG: Paper contains - Cognitive_Impact: 1.0, Access_Easiness: 5.015259134993603
DEBUG: FINAL COORDINATES - final_x=2.756, final_y=3.681
DEBUG: tf=78, idf=207, x_val=2.892, y_val=4.383
DEBUG: Expected X range: 1.0-3.0, Expected Y range: 3.0-5.0
DEBUG: X calculation: 1 + log10(78) = 2.892
DEBUG: Y calculation: log10(5000000/207) = 4.383
DEBUG: Paper contains - LDA: 0.8604651162790697, Pennant: 0.5
DEBUG: Paper contains - Cognitive_Impact: 1.0, Access_Easiness: 5.015259134993603
DEBUG: FINAL COORDINATES - final_x=2.888, final_y=4.405
DEBUG: tf=44, idf=315, x_val=2.643, y_val=4.201
DEBUG: Expected X range: 1.0-3.0, Expected Y range: 3.0-5.0
DEBUG: X calculation: 1 + log10(44) = 2.643
DEBUG: Y calculation: log10(5000000/315) = 4.201
DEBUG: Paper contains - LDA: 0.8604651162790697, Pennant: 0.5
DEBUG: Paper contains - Cognitive_Impact: 1.0, Access_Easiness: 5.015259134993603
DEBUG: FINAL COORDINATES - final_x=2.622, final_y=4.217
DEBUG: tf=52, idf=310, x_val=2.716, y_val=4.208
DEBUG: Expected X range: 1.0-3.0, Expected Y range: 3.0-5.0
DEBUG: X calculation: 1 + log10(52) = 2.716
DEBUG: Y calculation: log10(5000000/310) = 4.208
DEBUG: Paper contains - LDA: 0.8604651162790697, Pennant: 0.5
DEBUG: Paper contains - Cognitive_Impact: 1.0, Access_Easiness: 5.015259134993603
DEBUG: FINAL COORDINATES - final_x=2.675, final_y=4.158
DEBUG: tf=5, idf=603, x_val=1.699, y_val=3.919
DEBUG: Expected X range: 1.0-3.0, Expected Y range: 3.0-5.0
DEBUG: X calculation: 1 + log10(5) = 1.699
DEBUG: Y calculation: log10(5000000/603) = 3.919
DEBUG: Paper contains - LDA: 0.8604651162790697, Pennant: 0.5
DEBUG: Paper contains - Cognitive_Impact: 1.0, Access_Easiness: 5.015259134993603
DEBUG: FINAL COORDINATES - final_x=1.658, final_y=3.872
DEBUG: tf=79, idf=89, x_val=2.898, y_val=4.750
DEBUG: Expected X range: 1.0-3.0, Expected Y range: 3.0-5.0
DEBUG: X calculation: 1 + log10(79) = 2.898
DEBUG: Y calculation: log10(5000000/89) = 4.750
DEBUG: Paper contains - LDA: 0.8372093023255814, Pennant: 0.5
DEBUG: Paper contains - Cognitive_Impact: 1.0, Access_Easiness: 5.015259134993603
DEBUG: FINAL COORDINATES - final_x=2.930, final_y=4.733
DEBUG: tf=38, idf=182, x_val=2.580, y_val=4.439
DEBUG: Expected X range: 1.0-3.0, Expected Y range: 3.0-5.0
DEBUG: X calculation: 1 + log10(38) = 2.580
DEBUG: Y calculation: log10(5000000/182) = 4.439
DEBUG: Paper contains - LDA: 0.8372093023255814, Pennant: 0.5
DEBUG: Paper contains - Cognitive_Impact: 1.0, Access_Easiness: 5.015259134993603
DEBUG: FINAL COORDINATES - final_x=2.553, final_y=4.463
DEBUG: tf=87, idf=829, x_val=2.940, y_val=3.780
DEBUG: Expected X range: 1.0-3.0, Expected Y range: 3.0-5.0
DEBUG: X calculation: 1 + log10(87) = 2.940
DEBUG: Y calculation: log10(5000000/829) = 3.780
DEBUG: Paper contains - LDA: 0.8372093023255814, Pennant: 0.5
DEBUG: Paper contains - Cognitive_Impact: 1.0, Access_Easiness: 5.015259134993603
DEBUG: FINAL COORDINATES - final_x=2.951, final_y=3.740
DEBUG: tf=82, idf=471, x_val=2.914, y_val=4.026
DEBUG: Expected X range: 1.0-3.0, Expected Y range: 3.0-5.0
DEBUG: X calculation: 1 + log10(82) = 2.914
DEBUG: Y calculation: log10(5000000/471) = 4.026
DEBUG: Paper contains - LDA: 0.8372093023255814, Pennant: 0.5
DEBUG: Paper contains - Cognitive_Impact: 1.0, Access_Easiness: 5.015259134993603
DEBUG: FINAL COORDINATES - final_x=2.924, final_y=4.040
DEBUG: tf=14, idf=21, x_val=2.146, y_val=5.377
DEBUG: Expected X range: 1.0-3.0, Expected Y range: 3.0-5.0
DEBUG: X calculation: 1 + log10(14) = 2.146
DEBUG: Y calculation: log10(5000000/21) = 5.377
DEBUG: Paper contains - LDA: 0.8372093023255814, Pennant: 0.5
DEBUG: Paper contains - Cognitive_Impact: 1.0, Access_Easiness: 5.015259134993603
DEBUG: FINAL COORDINATES - final_x=2.168, final_y=5.338
DEBUG: tf=54, idf=980, x_val=2.732, y_val=3.708
DEBUG: Expected X range: 1.0-3.0, Expected Y range: 3.0-5.0
DEBUG: X calculation: 1 + log10(54) = 2.732
DEBUG: Y calculation: log10(5000000/980) = 3.708
DEBUG: Paper contains - LDA: 0.8372093023255814, Pennant: 0.5
DEBUG: Paper contains - Cognitive_Impact: 1.0, Access_Easiness: 5.015259134993603
DEBUG: FINAL COORDINATES - final_x=2.699, final_y=3.745
DEBUG: tf=36, idf=892, x_val=2.556, y_val=3.749
DEBUG: Expected X range: 1.0-3.0, Expected Y range: 3.0-5.0
DEBUG: X calculation: 1 + log10(36) = 2.556
DEBUG: Y calculation: log10(5000000/892) = 3.749
DEBUG: Paper contains - LDA: 0.8372093023255814, Pennant: 0.5
DEBUG: Paper contains - Cognitive_Impact: 1.0, Access_Easiness: 5.015259134993603
DEBUG: FINAL COORDINATES - final_x=2.527, final_y=3.794
DEBUG: tf=89, idf=34, x_val=2.949, y_val=5.167
DEBUG: Expected X range: 1.0-3.0, Expected Y range: 3.0-5.0
DEBUG: X calculation: 1 + log10(89) = 2.949
DEBUG: Y calculation: log10(5000000/34) = 5.167
DEBUG: Paper contains - LDA: 0.8372093023255814, Pennant: 0.5
DEBUG: Paper contains - Cognitive_Impact: 1.0, Access_Easiness: 5.015259134993603
DEBUG: FINAL COORDINATES - final_x=2.917, final_y=5.181
DEBUG: tf=66, idf=527, x_val=2.820, y_val=3.977
DEBUG: Expected X range: 1.0-3.0, Expected Y range: 3.0-5.0
DEBUG: X calculation: 1 + log10(66) = 2.820
DEBUG: Y calculation: log10(5000000/527) = 3.977
DEBUG: Paper contains - LDA: 0.813953488372093, Pennant: 0.5
DEBUG: Paper contains - Cognitive_Impact: 1.0, Access_Easiness: 5.015259134993603
DEBUG: FINAL COORDINATES - final_x=2.816, final_y=3.959
DEBUG: tf=8, idf=971, x_val=1.903, y_val=3.712
DEBUG: Expected X range: 1.0-3.0, Expected Y range: 3.0-5.0
DEBUG: X calculation: 1 + log10(8) = 1.903
DEBUG: Y calculation: log10(5000000/971) = 3.712
DEBUG: Paper contains - LDA: 0.813953488372093, Pennant: 0.5
DEBUG: Paper contains - Cognitive_Impact: 1.0, Access_Easiness: 5.015259134993603
DEBUG: FINAL COORDINATES - final_x=1.855, final_y=3.686
DEBUG: tf=33, idf=850, x_val=2.519, y_val=3.770
DEBUG: Expected X range: 1.0-3.0, Expected Y range: 3.0-5.0
DEBUG: X calculation: 1 + log10(33) = 2.519
DEBUG: Y calculation: log10(5000000/850) = 3.770
DEBUG: Paper contains - LDA: 0.813953488372093, Pennant: 0.5
DEBUG: Paper contains - Cognitive_Impact: 1.0, Access_Easiness: 5.015259134993603
DEBUG: FINAL COORDINATES - final_x=2.533, final_y=3.806
DEBUG: tf=74, idf=497, x_val=2.869, y_val=4.003
DEBUG: Expected X range: 1.0-3.0, Expected Y range: 3.0-5.0
DEBUG: X calculation: 1 + log10(74) = 2.869
DEBUG: Y calculation: log10(5000000/497) = 4.003
DEBUG: Paper contains - LDA: 0.813953488372093, Pennant: 0.5
DEBUG: Paper contains - Cognitive_Impact: 1.0, Access_Easiness: 5.015259134993603
DEBUG: FINAL COORDINATES - final_x=2.878, final_y=4.027
DEBUG: tf=81, idf=298, x_val=2.908, y_val=4.225
DEBUG: Expected X range: 1.0-3.0, Expected Y range: 3.0-5.0
DEBUG: X calculation: 1 + log10(81) = 2.908
DEBUG: Y calculation: log10(5000000/298) = 4.225
DEBUG: Paper contains - LDA: 0.813953488372093, Pennant: 0.5
DEBUG: Paper contains - Cognitive_Impact: 1.0, Access_Easiness: 5.015259134993603
DEBUG: FINAL COORDINATES - final_x=2.894, final_y=4.249
DEBUG: tf=11, idf=631, x_val=2.041, y_val=3.899
DEBUG: Expected X range: 1.0-3.0, Expected Y range: 3.0-5.0
DEBUG: X calculation: 1 + log10(11) = 2.041
DEBUG: Y calculation: log10(5000000/631) = 3.899
DEBUG: Paper contains - LDA: 0.813953488372093, Pennant: 0.5
DEBUG: Paper contains - Cognitive_Impact: 1.0, Access_Easiness: 5.015259134993603
DEBUG: FINAL COORDINATES - final_x=2.005, final_y=3.867
DEBUG: tf=28, idf=587, x_val=2.447, y_val=3.930
DEBUG: Expected X range: 1.0-3.0, Expected Y range: 3.0-5.0
DEBUG: X calculation: 1 + log10(28) = 2.447
DEBUG: Y calculation: log10(5000000/587) = 3.930
DEBUG: Paper contains - LDA: 0.813953488372093, Pennant: 0.5
DEBUG: Paper contains - Cognitive_Impact: 1.0, Access_Easiness: 5.015259134993603
DEBUG: FINAL COORDINATES - final_x=2.479, final_y=3.962
DEBUG: tf=11, idf=12, x_val=2.041, y_val=5.620
DEBUG: Expected X range: 1.0-3.0, Expected Y range: 3.0-5.0
DEBUG: X calculation: 1 + log10(11) = 2.041
DEBUG: Y calculation: log10(5000000/12) = 5.620
DEBUG: Paper contains - LDA: 0.813953488372093, Pennant: 0.5
DEBUG: Paper contains - Cognitive_Impact: 1.0, Access_Easiness: 5.015259134993603
DEBUG: FINAL COORDINATES - final_x=2.018, final_y=5.589
DEBUG: tf=41, idf=410, x_val=2.613, y_val=4.086
DEBUG: Expected X range: 1.0-3.0, Expected Y range: 3.0-5.0
DEBUG: X calculation: 1 + log10(41) = 2.613
DEBUG: Y calculation: log10(5000000/410) = 4.086
DEBUG: Paper contains - LDA: 0.813953488372093, Pennant: 0.5
DEBUG: Paper contains - Cognitive_Impact: 1.0, Access_Easiness: 5.015259134993603
DEBUG: FINAL COORDINATES - final_x=2.596, final_y=4.083
DEBUG: tf=42, idf=266, x_val=2.623, y_val=4.274
DEBUG: Expected X range: 1.0-3.0, Expected Y range: 3.0-5.0
DEBUG: X calculation: 1 + log10(42) = 2.623
127.0.0.1 - - [05/Jun/2025 23:13:45] "POST /search HTTP/1.1" 200 -
 * Detected change in '/Users/mugeakbulut/Academia/Right_Now/KIDR/KIDR_app/app.py', reloading
DEBUG: Y calculation: log10(5000000/266) = 4.274
DEBUG: Paper contains - LDA: 0.813953488372093, Pennant: 0.5
DEBUG: Paper contains - Cognitive_Impact: 1.0, Access_Easiness: 5.015259134993603
DEBUG: FINAL COORDINATES - final_x=2.618, final_y=4.290
DEBUG: tf=49, idf=139, x_val=2.690, y_val=4.556
DEBUG: Expected X range: 1.0-3.0, Expected Y range: 3.0-5.0
DEBUG: X calculation: 1 + log10(49) = 2.690
DEBUG: Y calculation: log10(5000000/139) = 4.556
DEBUG: Paper contains - LDA: 0.813953488372093, Pennant: 0.5
DEBUG: Paper contains - Cognitive_Impact: 1.0, Access_Easiness: 5.015259134993603
DEBUG: FINAL COORDINATES - final_x=2.740, final_y=4.548
DEBUG: tf=66, idf=241, x_val=2.820, y_val=4.317
DEBUG: Expected X range: 1.0-3.0, Expected Y range: 3.0-5.0
DEBUG: X calculation: 1 + log10(66) = 2.820
DEBUG: Y calculation: log10(5000000/241) = 4.317
DEBUG: Paper contains - LDA: 0.813953488372093, Pennant: 0.5
DEBUG: Paper contains - Cognitive_Impact: 1.0, Access_Easiness: 5.015259134993603
DEBUG: FINAL COORDINATES - final_x=2.775, final_y=4.282
DEBUG: tf=90, idf=359, x_val=2.954, y_val=4.144
DEBUG: Expected X range: 1.0-3.0, Expected Y range: 3.0-5.0
DEBUG: X calculation: 1 + log10(90) = 2.954
DEBUG: Y calculation: log10(5000000/359) = 4.144
DEBUG: Paper contains - LDA: 0.813953488372093, Pennant: 0.5
DEBUG: Paper contains - Cognitive_Impact: 1.0, Access_Easiness: 5.015259134993603
DEBUG: FINAL COORDINATES - final_x=2.924, final_y=4.135
DEBUG: tf=47, idf=380, x_val=2.672, y_val=4.119
DEBUG: Expected X range: 1.0-3.0, Expected Y range: 3.0-5.0
DEBUG: X calculation: 1 + log10(47) = 2.672
DEBUG: Y calculation: log10(5000000/380) = 4.119
DEBUG: Paper contains - LDA: 0.813953488372093, Pennant: 0.5
DEBUG: Paper contains - Cognitive_Impact: 1.0, Access_Easiness: 5.015259134993603
DEBUG: FINAL COORDINATES - final_x=2.675, final_y=4.128
DEBUG: tf=83, idf=191, x_val=2.919, y_val=4.418
DEBUG: Expected X range: 1.0-3.0, Expected Y range: 3.0-5.0
DEBUG: X calculation: 1 + log10(83) = 2.919
DEBUG: Y calculation: log10(5000000/191) = 4.418
DEBUG: Paper contains - LDA: 0.813953488372093, Pennant: 0.5
DEBUG: Paper contains - Cognitive_Impact: 1.0, Access_Easiness: 5.015259134993603
DEBUG: FINAL COORDINATES - final_x=2.906, final_y=4.386
DEBUG: tf=28, idf=75, x_val=2.447, y_val=4.824
DEBUG: Expected X range: 1.0-3.0, Expected Y range: 3.0-5.0
DEBUG: X calculation: 1 + log10(28) = 2.447
DEBUG: Y calculation: log10(5000000/75) = 4.824
DEBUG: Paper contains - LDA: 0.813953488372093, Pennant: 0.5
DEBUG: Paper contains - Cognitive_Impact: 1.0, Access_Easiness: 5.015259134993603
DEBUG: FINAL COORDINATES - final_x=2.407, final_y=4.864
DEBUG: tf=59, idf=721, x_val=2.771, y_val=3.841
DEBUG: Expected X range: 1.0-3.0, Expected Y range: 3.0-5.0
DEBUG: X calculation: 1 + log10(59) = 2.771
DEBUG: Y calculation: log10(5000000/721) = 3.841
DEBUG: Paper contains - LDA: 0.813953488372093, Pennant: 0.5
DEBUG: Paper contains - Cognitive_Impact: 1.0, Access_Easiness: 5.015259134993603
DEBUG: FINAL COORDINATES - final_x=2.787, final_y=3.800
DEBUG: tf=95, idf=136, x_val=2.978, y_val=4.565
DEBUG: Expected X range: 1.0-3.0, Expected Y range: 3.0-5.0
DEBUG: X calculation: 1 + log10(95) = 2.978
DEBUG: Y calculation: log10(5000000/136) = 4.565
DEBUG: Paper contains - LDA: 0.813953488372093, Pennant: 0.5
DEBUG: Paper contains - Cognitive_Impact: 1.0, Access_Easiness: 5.015259134993603
DEBUG: FINAL COORDINATES - final_x=3.005, final_y=4.525
DEBUG: tf=66, idf=863, x_val=2.820, y_val=3.763
DEBUG: Expected X range: 1.0-3.0, Expected Y range: 3.0-5.0
DEBUG: X calculation: 1 + log10(66) = 2.820
DEBUG: Y calculation: log10(5000000/863) = 3.763
DEBUG: Paper contains - LDA: 0.813953488372093, Pennant: 0.5
DEBUG: Paper contains - Cognitive_Impact: 1.0, Access_Easiness: 5.015259134993603
DEBUG: FINAL COORDINATES - final_x=2.826, final_y=3.719
Grafik için 100 düğüm oluşturuldu
Grafik için 0 atıf bağlantısı oluşturuldu
DEBUG: final_list boyutu: 103576
DEBUG: paged_results boyutu: 25
DEBUG: results listesi boyutu: 25
 * Restarting with watchdog (fsevents)
Uygulama için gerekli verileri yüklüyorum...
Tüm verileri kullanarak model oluşturuluyor...
MANTIS metadata dosyaları yükleniyor: /Users/mugeakbulut/Academia/Right_Now/PhD_Tez/2218_PROJE/mantis_veriler/orijinal veriler MANTIS/export
Bulunan export dosyaları: 8
Yükleniyor: export-1.json
Dosyadan 100000 kayıt bulundu
İşlenen kayıt sayısı: 1000
İşlenen kayıt sayısı: 2000
İşlenen kayıt sayısı: 3000
İşlenen kayıt sayısı: 4000
İşlenen kayıt sayısı: 5000
İşlenen kayıt sayısı: 6000
İşlenen kayıt sayısı: 7000
İşlenen kayıt sayısı: 8000
İşlenen kayıt sayısı: 9000
İşlenen kayıt sayısı: 10000
İşlenen kayıt sayısı: 11000
İşlenen kayıt sayısı: 12000
İşlenen kayıt sayısı: 13000
İşlenen kayıt sayısı: 14000
İşlenen kayıt sayısı: 15000
İşlenen kayıt sayısı: 16000
İşlenen kayıt sayısı: 17000
İşlenen kayıt sayısı: 18000
İşlenen kayıt sayısı: 19000
İşlenen kayıt sayısı: 20000
İşlenen kayıt sayısı: 21000
İşlenen kayıt sayısı: 22000
İşlenen kayıt sayısı: 23000
İşlenen kayıt sayısı: 24000
İşlenen kayıt sayısı: 25000
İşlenen kayıt sayısı: 26000
İşlenen kayıt sayısı: 27000
İşlenen kayıt sayısı: 28000
İşlenen kayıt sayısı: 29000
İşlenen kayıt sayısı: 30000
İşlenen kayıt sayısı: 31000
İşlenen kayıt sayısı: 32000
İşlenen kayıt sayısı: 33000
İşlenen kayıt sayısı: 34000
İşlenen kayıt sayısı: 35000
Dosya okuma hatası /Users/mugeakbulut/Academia/Right_Now/PhD_Tez/2218_PROJE/mantis_veriler/orijinal veriler MANTIS/export/export-1.json: 'NoneType' object is not iterable
Yükleniyor: export-2.json
Dosyadan 100000 kayıt bulundu
İşlenen kayıt sayısı: 36000
İşlenen kayıt sayısı: 37000
İşlenen kayıt sayısı: 38000
İşlenen kayıt sayısı: 39000
İşlenen kayıt sayısı: 40000
İşlenen kayıt sayısı: 41000
İşlenen kayıt sayısı: 42000
İşlenen kayıt sayısı: 43000
İşlenen kayıt sayısı: 44000
İşlenen kayıt sayısı: 45000
İşlenen kayıt sayısı: 46000
İşlenen kayıt sayısı: 47000
Dosya okuma hatası /Users/mugeakbulut/Academia/Right_Now/PhD_Tez/2218_PROJE/mantis_veriler/orijinal veriler MANTIS/export/export-2.json: 'NoneType' object is not iterable
Yükleniyor: export-3.json
Dosyadan 100000 kayıt bulundu
İşlenen kayıt sayısı: 48000
İşlenen kayıt sayısı: 49000
İşlenen kayıt sayısı: 50000
İşlenen kayıt sayısı: 51000
İşlenen kayıt sayısı: 52000
İşlenen kayıt sayısı: 53000
İşlenen kayıt sayısı: 54000
İşlenen kayıt sayısı: 55000
İşlenen kayıt sayısı: 56000
İşlenen kayıt sayısı: 57000
İşlenen kayıt sayısı: 58000
İşlenen kayıt sayısı: 59000
İşlenen kayıt sayısı: 60000
İşlenen kayıt sayısı: 61000
İşlenen kayıt sayısı: 62000
İşlenen kayıt sayısı: 63000
İşlenen kayıt sayısı: 64000
İşlenen kayıt sayısı: 65000
İşlenen kayıt sayısı: 66000
İşlenen kayıt sayısı: 67000
İşlenen kayıt sayısı: 68000
İşlenen kayıt sayısı: 69000
İşlenen kayıt sayısı: 70000
İşlenen kayıt sayısı: 71000
İşlenen kayıt sayısı: 72000
İşlenen kayıt sayısı: 73000
İşlenen kayıt sayısı: 74000
İşlenen kayıt sayısı: 75000
İşlenen kayıt sayısı: 76000
Dosya okuma hatası /Users/mugeakbulut/Academia/Right_Now/PhD_Tez/2218_PROJE/mantis_veriler/orijinal veriler MANTIS/export/export-3.json: 'NoneType' object is not iterable
Yükleniyor: export-4.json
Dosyadan 80000 kayıt bulundu
İşlenen kayıt sayısı: 77000
İşlenen kayıt sayısı: 78000
Dosya okuma hatası /Users/mugeakbulut/Academia/Right_Now/PhD_Tez/2218_PROJE/mantis_veriler/orijinal veriler MANTIS/export/export-4.json: 'NoneType' object is not iterable
Yükleniyor: export-5.json
Dosyadan 80000 kayıt bulundu
İşlenen kayıt sayısı: 79000
İşlenen kayıt sayısı: 80000
İşlenen kayıt sayısı: 81000
İşlenen kayıt sayısı: 82000
İşlenen kayıt sayısı: 83000
İşlenen kayıt sayısı: 84000
İşlenen kayıt sayısı: 85000
İşlenen kayıt sayısı: 86000
İşlenen kayıt sayısı: 87000
İşlenen kayıt sayısı: 88000
İşlenen kayıt sayısı: 89000
İşlenen kayıt sayısı: 90000
İşlenen kayıt sayısı: 91000
Dosya okuma hatası /Users/mugeakbulut/Academia/Right_Now/PhD_Tez/2218_PROJE/mantis_veriler/orijinal veriler MANTIS/export/export-5.json: 'NoneType' object is not iterable
Yükleniyor: export-6.json
Dosyadan 75000 kayıt bulundu
İşlenen kayıt sayısı: 92000
İşlenen kayıt sayısı: 93000
İşlenen kayıt sayısı: 94000
İşlenen kayıt sayısı: 95000
İşlenen kayıt sayısı: 96000
İşlenen kayıt sayısı: 97000
İşlenen kayıt sayısı: 98000
İşlenen kayıt sayısı: 99000
İşlenen kayıt sayısı: 100000
İşlenen kayıt sayısı: 101000
İşlenen kayıt sayısı: 102000
İşlenen kayıt sayısı: 103000
Dosya okuma hatası /Users/mugeakbulut/Academia/Right_Now/PhD_Tez/2218_PROJE/mantis_veriler/orijinal veriler MANTIS/export/export-6.json: 'NoneType' object is not iterable
Yükleniyor: export-7.json
Dosyadan 75000 kayıt bulundu
Dosya okuma hatası /Users/mugeakbulut/Academia/Right_Now/PhD_Tez/2218_PROJE/mantis_veriler/orijinal veriler MANTIS/export/export-7.json: sequence item 2: expected str instance, NoneType found
Yükleniyor: export-8.json
Dosyadan 23931 kayıt bulundu
Dosya okuma hatası /Users/mugeakbulut/Academia/Right_Now/PhD_Tez/2218_PROJE/mantis_veriler/orijinal veriler MANTIS/export/export-8.json: sequence item 2: expected str instance, NoneType found
MANTIS metadata'dan toplam 103576 kayıt yüklendi
Metadata yüklendi - 103576 makale
MANTIS atıf dosyaları yükleniyor: /Users/mugeakbulut/Academia/Right_Now/PhD_Tez/2218_PROJE/mantis_veriler/orijinal veriler MANTIS/citation
Bulunan citation dosyaları: 4
Yükleniyor: citation-1.json
Dosyadan 300000 atıf kaydı bulundu
İşlenen atıf sayısı: 5000
İşlenen atıf sayısı: 10000
İşlenen atıf sayısı: 15000
İşlenen atıf sayısı: 20000
İşlenen atıf sayısı: 25000
İşlenen atıf sayısı: 30000
İşlenen atıf sayısı: 35000
İşlenen atıf sayısı: 40000
İşlenen atıf sayısı: 45000
İşlenen atıf sayısı: 50000
İşlenen atıf sayısı: 55000
İşlenen atıf sayısı: 60000
İşlenen atıf sayısı: 65000
İşlenen atıf sayısı: 70000
İşlenen atıf sayısı: 75000
İşlenen atıf sayısı: 80000
İşlenen atıf sayısı: 85000
İşlenen atıf sayısı: 90000
İşlenen atıf sayısı: 95000
İşlenen atıf sayısı: 100000
İşlenen atıf sayısı: 105000
İşlenen atıf sayısı: 110000
İşlenen atıf sayısı: 115000
İşlenen atıf sayısı: 120000
İşlenen atıf sayısı: 125000
İşlenen atıf sayısı: 130000
İşlenen atıf sayısı: 135000
İşlenen atıf sayısı: 140000
İşlenen atıf sayısı: 145000
İşlenen atıf sayısı: 150000
İşlenen atıf sayısı: 155000
İşlenen atıf sayısı: 160000
İşlenen atıf sayısı: 165000
İşlenen atıf sayısı: 170000
İşlenen atıf sayısı: 175000
İşlenen atıf sayısı: 180000
İşlenen atıf sayısı: 185000
İşlenen atıf sayısı: 190000
İşlenen atıf sayısı: 195000
İşlenen atıf sayısı: 200000
İşlenen atıf sayısı: 205000
İşlenen atıf sayısı: 210000
İşlenen atıf sayısı: 215000
İşlenen atıf sayısı: 220000
İşlenen atıf sayısı: 225000
İşlenen atıf sayısı: 230000
İşlenen atıf sayısı: 235000
İşlenen atıf sayısı: 240000
İşlenen atıf sayısı: 245000
İşlenen atıf sayısı: 250000
İşlenen atıf sayısı: 255000
İşlenen atıf sayısı: 260000
İşlenen atıf sayısı: 265000
İşlenen atıf sayısı: 270000
İşlenen atıf sayısı: 275000
İşlenen atıf sayısı: 280000
İşlenen atıf sayısı: 285000
İşlenen atıf sayısı: 290000
İşlenen atıf sayısı: 295000
İşlenen atıf sayısı: 300000
Yükleniyor: citation-2.json
Dosyadan 300000 atıf kaydı bulundu
İşlenen atıf sayısı: 305000
İşlenen atıf sayısı: 310000
İşlenen atıf sayısı: 315000
İşlenen atıf sayısı: 320000
İşlenen atıf sayısı: 325000
İşlenen atıf sayısı: 330000
İşlenen atıf sayısı: 335000
İşlenen atıf sayısı: 340000
İşlenen atıf sayısı: 345000
İşlenen atıf sayısı: 350000
İşlenen atıf sayısı: 355000
İşlenen atıf sayısı: 360000
İşlenen atıf sayısı: 365000
İşlenen atıf sayısı: 370000
İşlenen atıf sayısı: 375000
İşlenen atıf sayısı: 380000
İşlenen atıf sayısı: 385000
İşlenen atıf sayısı: 390000
İşlenen atıf sayısı: 395000
İşlenen atıf sayısı: 400000
İşlenen atıf sayısı: 405000
İşlenen atıf sayısı: 410000
İşlenen atıf sayısı: 415000
İşlenen atıf sayısı: 420000
İşlenen atıf sayısı: 425000
İşlenen atıf sayısı: 430000
İşlenen atıf sayısı: 435000
İşlenen atıf sayısı: 440000
İşlenen atıf sayısı: 445000
İşlenen atıf sayısı: 450000
İşlenen atıf sayısı: 455000
İşlenen atıf sayısı: 460000
İşlenen atıf sayısı: 465000
İşlenen atıf sayısı: 470000
İşlenen atıf sayısı: 475000
İşlenen atıf sayısı: 480000
İşlenen atıf sayısı: 485000
İşlenen atıf sayısı: 490000
İşlenen atıf sayısı: 495000
İşlenen atıf sayısı: 500000
İşlenen atıf sayısı: 505000
İşlenen atıf sayısı: 510000
İşlenen atıf sayısı: 515000
İşlenen atıf sayısı: 520000
İşlenen atıf sayısı: 525000
İşlenen atıf sayısı: 530000
İşlenen atıf sayısı: 535000
İşlenen atıf sayısı: 540000
İşlenen atıf sayısı: 545000
İşlenen atıf sayısı: 550000
İşlenen atıf sayısı: 555000
İşlenen atıf sayısı: 560000
İşlenen atıf sayısı: 565000
İşlenen atıf sayısı: 570000
İşlenen atıf sayısı: 575000
İşlenen atıf sayısı: 580000
İşlenen atıf sayısı: 585000
İşlenen atıf sayısı: 590000
İşlenen atıf sayısı: 595000
İşlenen atıf sayısı: 600000
Yükleniyor: citation-3.json
Dosyadan 300000 atıf kaydı bulundu
İşlenen atıf sayısı: 605000
İşlenen atıf sayısı: 610000
İşlenen atıf sayısı: 615000
İşlenen atıf sayısı: 620000
İşlenen atıf sayısı: 625000
İşlenen atıf sayısı: 630000
İşlenen atıf sayısı: 635000
İşlenen atıf sayısı: 640000
İşlenen atıf sayısı: 645000
İşlenen atıf sayısı: 650000
İşlenen atıf sayısı: 655000
İşlenen atıf sayısı: 660000
İşlenen atıf sayısı: 665000
İşlenen atıf sayısı: 670000
İşlenen atıf sayısı: 675000
İşlenen atıf sayısı: 680000
İşlenen atıf sayısı: 685000
İşlenen atıf sayısı: 690000
İşlenen atıf sayısı: 695000
İşlenen atıf sayısı: 700000
İşlenen atıf sayısı: 705000
İşlenen atıf sayısı: 710000
İşlenen atıf sayısı: 715000
İşlenen atıf sayısı: 720000
İşlenen atıf sayısı: 725000
İşlenen atıf sayısı: 730000
İşlenen atıf sayısı: 735000
İşlenen atıf sayısı: 740000
İşlenen atıf sayısı: 745000
İşlenen atıf sayısı: 750000
İşlenen atıf sayısı: 755000
İşlenen atıf sayısı: 760000
İşlenen atıf sayısı: 765000
İşlenen atıf sayısı: 770000
İşlenen atıf sayısı: 775000
İşlenen atıf sayısı: 780000
İşlenen atıf sayısı: 785000
İşlenen atıf sayısı: 790000
İşlenen atıf sayısı: 795000
İşlenen atıf sayısı: 800000
İşlenen atıf sayısı: 805000
İşlenen atıf sayısı: 810000
İşlenen atıf sayısı: 815000
İşlenen atıf sayısı: 820000
İşlenen atıf sayısı: 825000
İşlenen atıf sayısı: 830000
İşlenen atıf sayısı: 835000
İşlenen atıf sayısı: 840000
İşlenen atıf sayısı: 845000
İşlenen atıf sayısı: 850000
İşlenen atıf sayısı: 855000
İşlenen atıf sayısı: 860000
İşlenen atıf sayısı: 865000
İşlenen atıf sayısı: 870000
İşlenen atıf sayısı: 875000
İşlenen atıf sayısı: 880000
İşlenen atıf sayısı: 885000
İşlenen atıf sayısı: 890000
İşlenen atıf sayısı: 895000
İşlenen atıf sayısı: 900000
Yükleniyor: citation-4.json
Dosyadan 96180 atıf kaydı bulundu
İşlenen atıf sayısı: 905000
İşlenen atıf sayısı: 910000
İşlenen atıf sayısı: 915000
İşlenen atıf sayısı: 920000
İşlenen atıf sayısı: 925000
İşlenen atıf sayısı: 930000
İşlenen atıf sayısı: 935000
İşlenen atıf sayısı: 940000
İşlenen atıf sayısı: 945000
İşlenen atıf sayısı: 950000
İşlenen atıf sayısı: 955000
İşlenen atıf sayısı: 960000
İşlenen atıf sayısı: 965000
İşlenen atıf sayısı: 970000
İşlenen atıf sayısı: 975000
İşlenen atıf sayısı: 980000
İşlenen atıf sayısı: 985000
İşlenen atıf sayısı: 990000
İşlenen atıf sayısı: 995000
Toplam 996180 atıf verisi yüklendi
İlgili makaleler için 277085 atıf verisi filtrelendi
Citation verileri yüklendi - 277085 atıf
Title sütunu temizlendi. Örnek: Gelişimsel kalça çıkığının kapalı redüksiyonunda artrografi ile saptanan yumuşak doku interpozisyonu ve lateralizasyonun orta dönem sonuçlar üzerine etkisi
Abstract sütunu temizlendi. Örnek: Amaç: Bu prospektif randomize olmayan çalışmada, 18 ay ve altı yaşlarda, gelişimsel kalça çıkığı ned...
Metinler önişleniyor ve LDA hesaplanıyor...
