Uygulama için gerekli verileri yüklüyorum...
Tüm verileri kullanarak model oluşturuluyor...
MANTIS metadata dosyaları yükleniyor: /Users/mugeakbulut/Academia/Right_Now/PhD_Tez/2218_PROJE/mantis_veriler/orijinal veriler MANTIS/export
Bulunan export dosyaları: 8
Yükleniyor: export-1.json
Dosyadan 100000 kayıt bulundu
İşlenen kayıt sayısı: 1000
İşlenen kayıt sayısı: 2000
İşlenen kayıt sayısı: 3000
İşlenen kayıt sayısı: 4000
İşlenen kayıt sayısı: 5000
İşlenen kayıt sayısı: 6000
İşlenen kayıt sayısı: 7000
İşlenen kayıt sayısı: 8000
İşlenen kayıt sayısı: 9000
İşlenen kayıt sayısı: 10000
İşlenen kayıt sayısı: 11000
İşlenen kayıt sayısı: 12000
İşlenen kayıt sayısı: 13000
İşlenen kayıt sayısı: 14000
İşlenen kayıt sayısı: 15000
İşlenen kayıt sayısı: 16000
İşlenen kayıt sayısı: 17000
İşlenen kayıt sayısı: 18000
İşlenen kayıt sayısı: 19000
İşlenen kayıt sayısı: 20000
İşlenen kayıt sayısı: 21000
İşlenen kayıt sayısı: 22000
İşlenen kayıt sayısı: 23000
İşlenen kayıt sayısı: 24000
İşlenen kayıt sayısı: 25000
İşlenen kayıt sayısı: 26000
İşlenen kayıt sayısı: 27000
İşlenen kayıt sayısı: 28000
İşlenen kayıt sayısı: 29000
İşlenen kayıt sayısı: 30000
İşlenen kayıt sayısı: 31000
İşlenen kayıt sayısı: 32000
İşlenen kayıt sayısı: 33000
İşlenen kayıt sayısı: 34000
İşlenen kayıt sayısı: 35000
Dosya okuma hatası /Users/mugeakbulut/Academia/Right_Now/PhD_Tez/2218_PROJE/mantis_veriler/orijinal veriler MANTIS/export/export-1.json: 'NoneType' object is not iterable
Yükleniyor: export-2.json
Dosyadan 100000 kayıt bulundu
İşlenen kayıt sayısı: 36000
İşlenen kayıt sayısı: 37000
İşlenen kayıt sayısı: 38000
İşlenen kayıt sayısı: 39000
İşlenen kayıt sayısı: 40000
İşlenen kayıt sayısı: 41000
İşlenen kayıt sayısı: 42000
İşlenen kayıt sayısı: 43000
İşlenen kayıt sayısı: 44000
İşlenen kayıt sayısı: 45000
İşlenen kayıt sayısı: 46000
İşlenen kayıt sayısı: 47000
Dosya okuma hatası /Users/mugeakbulut/Academia/Right_Now/PhD_Tez/2218_PROJE/mantis_veriler/orijinal veriler MANTIS/export/export-2.json: 'NoneType' object is not iterable
Yükleniyor: export-3.json
Dosyadan 100000 kayıt bulundu
İşlenen kayıt sayısı: 48000
İşlenen kayıt sayısı: 49000
İşlenen kayıt sayısı: 50000
İşlenen kayıt sayısı: 51000
İşlenen kayıt sayısı: 52000
İşlenen kayıt sayısı: 53000
İşlenen kayıt sayısı: 54000
İşlenen kayıt sayısı: 55000
İşlenen kayıt sayısı: 56000
İşlenen kayıt sayısı: 57000
İşlenen kayıt sayısı: 58000
İşlenen kayıt sayısı: 59000
İşlenen kayıt sayısı: 60000
İşlenen kayıt sayısı: 61000
İşlenen kayıt sayısı: 62000
İşlenen kayıt sayısı: 63000
İşlenen kayıt sayısı: 64000
İşlenen kayıt sayısı: 65000
İşlenen kayıt sayısı: 66000
İşlenen kayıt sayısı: 67000
İşlenen kayıt sayısı: 68000
İşlenen kayıt sayısı: 69000
İşlenen kayıt sayısı: 70000
İşlenen kayıt sayısı: 71000
İşlenen kayıt sayısı: 72000
İşlenen kayıt sayısı: 73000
İşlenen kayıt sayısı: 74000
İşlenen kayıt sayısı: 75000
İşlenen kayıt sayısı: 76000
Dosya okuma hatası /Users/mugeakbulut/Academia/Right_Now/PhD_Tez/2218_PROJE/mantis_veriler/orijinal veriler MANTIS/export/export-3.json: 'NoneType' object is not iterable
Yükleniyor: export-4.json
Dosyadan 80000 kayıt bulundu
İşlenen kayıt sayısı: 77000
İşlenen kayıt sayısı: 78000
Dosya okuma hatası /Users/mugeakbulut/Academia/Right_Now/PhD_Tez/2218_PROJE/mantis_veriler/orijinal veriler MANTIS/export/export-4.json: 'NoneType' object is not iterable
Yükleniyor: export-5.json
Dosyadan 80000 kayıt bulundu
İşlenen kayıt sayısı: 79000
İşlenen kayıt sayısı: 80000
İşlenen kayıt sayısı: 81000
İşlenen kayıt sayısı: 82000
İşlenen kayıt sayısı: 83000
İşlenen kayıt sayısı: 84000
İşlenen kayıt sayısı: 85000
İşlenen kayıt sayısı: 86000
İşlenen kayıt sayısı: 87000
İşlenen kayıt sayısı: 88000
İşlenen kayıt sayısı: 89000
İşlenen kayıt sayısı: 90000
İşlenen kayıt sayısı: 91000
Dosya okuma hatası /Users/mugeakbulut/Academia/Right_Now/PhD_Tez/2218_PROJE/mantis_veriler/orijinal veriler MANTIS/export/export-5.json: 'NoneType' object is not iterable
Yükleniyor: export-6.json
Dosyadan 75000 kayıt bulundu
İşlenen kayıt sayısı: 92000
İşlenen kayıt sayısı: 93000
İşlenen kayıt sayısı: 94000
İşlenen kayıt sayısı: 95000
İşlenen kayıt sayısı: 96000
İşlenen kayıt sayısı: 97000
İşlenen kayıt sayısı: 98000
İşlenen kayıt sayısı: 99000
İşlenen kayıt sayısı: 100000
İşlenen kayıt sayısı: 101000
İşlenen kayıt sayısı: 102000
İşlenen kayıt sayısı: 103000
Dosya okuma hatası /Users/mugeakbulut/Academia/Right_Now/PhD_Tez/2218_PROJE/mantis_veriler/orijinal veriler MANTIS/export/export-6.json: 'NoneType' object is not iterable
Yükleniyor: export-7.json
Dosyadan 75000 kayıt bulundu
Dosya okuma hatası /Users/mugeakbulut/Academia/Right_Now/PhD_Tez/2218_PROJE/mantis_veriler/orijinal veriler MANTIS/export/export-7.json: sequence item 2: expected str instance, NoneType found
Yükleniyor: export-8.json
Dosyadan 23931 kayıt bulundu
Dosya okuma hatası /Users/mugeakbulut/Academia/Right_Now/PhD_Tez/2218_PROJE/mantis_veriler/orijinal veriler MANTIS/export/export-8.json: sequence item 2: expected str instance, NoneType found
MANTIS metadata'dan toplam 103576 kayıt yüklendi
Metadata yüklendi - 103576 makale
MANTIS atıf dosyaları yükleniyor: /Users/mugeakbulut/Academia/Right_Now/PhD_Tez/2218_PROJE/mantis_veriler/orijinal veriler MANTIS/citation
Bulunan citation dosyaları: 4
Yükleniyor: citation-1.json
Dosyadan 300000 atıf kaydı bulundu
İşlenen atıf sayısı: 5000
İşlenen atıf sayısı: 10000
İşlenen atıf sayısı: 15000
İşlenen atıf sayısı: 20000
İşlenen atıf sayısı: 25000
İşlenen atıf sayısı: 30000
İşlenen atıf sayısı: 35000
İşlenen atıf sayısı: 40000
İşlenen atıf sayısı: 45000
İşlenen atıf sayısı: 50000
İşlenen atıf sayısı: 55000
İşlenen atıf sayısı: 60000
İşlenen atıf sayısı: 65000
İşlenen atıf sayısı: 70000
İşlenen atıf sayısı: 75000
İşlenen atıf sayısı: 80000
İşlenen atıf sayısı: 85000
İşlenen atıf sayısı: 90000
İşlenen atıf sayısı: 95000
İşlenen atıf sayısı: 100000
İşlenen atıf sayısı: 105000
İşlenen atıf sayısı: 110000
İşlenen atıf sayısı: 115000
İşlenen atıf sayısı: 120000
İşlenen atıf sayısı: 125000
İşlenen atıf sayısı: 130000
İşlenen atıf sayısı: 135000
İşlenen atıf sayısı: 140000
İşlenen atıf sayısı: 145000
İşlenen atıf sayısı: 150000
İşlenen atıf sayısı: 155000
İşlenen atıf sayısı: 160000
İşlenen atıf sayısı: 165000
İşlenen atıf sayısı: 170000
İşlenen atıf sayısı: 175000
İşlenen atıf sayısı: 180000
İşlenen atıf sayısı: 185000
İşlenen atıf sayısı: 190000
İşlenen atıf sayısı: 195000
İşlenen atıf sayısı: 200000
İşlenen atıf sayısı: 205000
İşlenen atıf sayısı: 210000
İşlenen atıf sayısı: 215000
İşlenen atıf sayısı: 220000
İşlenen atıf sayısı: 225000
İşlenen atıf sayısı: 230000
İşlenen atıf sayısı: 235000
İşlenen atıf sayısı: 240000
İşlenen atıf sayısı: 245000
İşlenen atıf sayısı: 250000
İşlenen atıf sayısı: 255000
İşlenen atıf sayısı: 260000
İşlenen atıf sayısı: 265000
İşlenen atıf sayısı: 270000
İşlenen atıf sayısı: 275000
İşlenen atıf sayısı: 280000
İşlenen atıf sayısı: 285000
İşlenen atıf sayısı: 290000
İşlenen atıf sayısı: 295000
İşlenen atıf sayısı: 300000
Yükleniyor: citation-2.json
Dosyadan 300000 atıf kaydı bulundu
İşlenen atıf sayısı: 305000
İşlenen atıf sayısı: 310000
İşlenen atıf sayısı: 315000
İşlenen atıf sayısı: 320000
İşlenen atıf sayısı: 325000
İşlenen atıf sayısı: 330000
İşlenen atıf sayısı: 335000
İşlenen atıf sayısı: 340000
İşlenen atıf sayısı: 345000
İşlenen atıf sayısı: 350000
İşlenen atıf sayısı: 355000
İşlenen atıf sayısı: 360000
İşlenen atıf sayısı: 365000
İşlenen atıf sayısı: 370000
İşlenen atıf sayısı: 375000
İşlenen atıf sayısı: 380000
İşlenen atıf sayısı: 385000
İşlenen atıf sayısı: 390000
İşlenen atıf sayısı: 395000
İşlenen atıf sayısı: 400000
İşlenen atıf sayısı: 405000
İşlenen atıf sayısı: 410000
İşlenen atıf sayısı: 415000
İşlenen atıf sayısı: 420000
İşlenen atıf sayısı: 425000
İşlenen atıf sayısı: 430000
İşlenen atıf sayısı: 435000
İşlenen atıf sayısı: 440000
İşlenen atıf sayısı: 445000
İşlenen atıf sayısı: 450000
İşlenen atıf sayısı: 455000
İşlenen atıf sayısı: 460000
İşlenen atıf sayısı: 465000
İşlenen atıf sayısı: 470000
İşlenen atıf sayısı: 475000
İşlenen atıf sayısı: 480000
İşlenen atıf sayısı: 485000
İşlenen atıf sayısı: 490000
İşlenen atıf sayısı: 495000
İşlenen atıf sayısı: 500000
İşlenen atıf sayısı: 505000
İşlenen atıf sayısı: 510000
İşlenen atıf sayısı: 515000
İşlenen atıf sayısı: 520000
İşlenen atıf sayısı: 525000
İşlenen atıf sayısı: 530000
İşlenen atıf sayısı: 535000
İşlenen atıf sayısı: 540000
İşlenen atıf sayısı: 545000
İşlenen atıf sayısı: 550000
İşlenen atıf sayısı: 555000
İşlenen atıf sayısı: 560000
İşlenen atıf sayısı: 565000
İşlenen atıf sayısı: 570000
İşlenen atıf sayısı: 575000
İşlenen atıf sayısı: 580000
İşlenen atıf sayısı: 585000
İşlenen atıf sayısı: 590000
İşlenen atıf sayısı: 595000
İşlenen atıf sayısı: 600000
Yükleniyor: citation-3.json
Dosyadan 300000 atıf kaydı bulundu
İşlenen atıf sayısı: 605000
İşlenen atıf sayısı: 610000
İşlenen atıf sayısı: 615000
İşlenen atıf sayısı: 620000
İşlenen atıf sayısı: 625000
İşlenen atıf sayısı: 630000
İşlenen atıf sayısı: 635000
İşlenen atıf sayısı: 640000
İşlenen atıf sayısı: 645000
İşlenen atıf sayısı: 650000
İşlenen atıf sayısı: 655000
İşlenen atıf sayısı: 660000
İşlenen atıf sayısı: 665000
İşlenen atıf sayısı: 670000
İşlenen atıf sayısı: 675000
İşlenen atıf sayısı: 680000
İşlenen atıf sayısı: 685000
İşlenen atıf sayısı: 690000
İşlenen atıf sayısı: 695000
İşlenen atıf sayısı: 700000
İşlenen atıf sayısı: 705000
İşlenen atıf sayısı: 710000
İşlenen atıf sayısı: 715000
İşlenen atıf sayısı: 720000
İşlenen atıf sayısı: 725000
İşlenen atıf sayısı: 730000
İşlenen atıf sayısı: 735000
İşlenen atıf sayısı: 740000
İşlenen atıf sayısı: 745000
İşlenen atıf sayısı: 750000
İşlenen atıf sayısı: 755000
İşlenen atıf sayısı: 760000
İşlenen atıf sayısı: 765000
İşlenen atıf sayısı: 770000
İşlenen atıf sayısı: 775000
İşlenen atıf sayısı: 780000
İşlenen atıf sayısı: 785000
İşlenen atıf sayısı: 790000
İşlenen atıf sayısı: 795000
İşlenen atıf sayısı: 800000
İşlenen atıf sayısı: 805000
İşlenen atıf sayısı: 810000
İşlenen atıf sayısı: 815000
İşlenen atıf sayısı: 820000
İşlenen atıf sayısı: 825000
İşlenen atıf sayısı: 830000
İşlenen atıf sayısı: 835000
İşlenen atıf sayısı: 840000
İşlenen atıf sayısı: 845000
İşlenen atıf sayısı: 850000
İşlenen atıf sayısı: 855000
İşlenen atıf sayısı: 860000
İşlenen atıf sayısı: 865000
İşlenen atıf sayısı: 870000
İşlenen atıf sayısı: 875000
İşlenen atıf sayısı: 880000
İşlenen atıf sayısı: 885000
İşlenen atıf sayısı: 890000
İşlenen atıf sayısı: 895000
İşlenen atıf sayısı: 900000
Yükleniyor: citation-4.json
Dosyadan 96180 atıf kaydı bulundu
İşlenen atıf sayısı: 905000
İşlenen atıf sayısı: 910000
İşlenen atıf sayısı: 915000
İşlenen atıf sayısı: 920000
İşlenen atıf sayısı: 925000
İşlenen atıf sayısı: 930000
İşlenen atıf sayısı: 935000
İşlenen atıf sayısı: 940000
İşlenen atıf sayısı: 945000
İşlenen atıf sayısı: 950000
İşlenen atıf sayısı: 955000
İşlenen atıf sayısı: 960000
İşlenen atıf sayısı: 965000
İşlenen atıf sayısı: 970000
İşlenen atıf sayısı: 975000
İşlenen atıf sayısı: 980000
İşlenen atıf sayısı: 985000
İşlenen atıf sayısı: 990000
İşlenen atıf sayısı: 995000
Toplam 996180 atıf verisi yüklendi
İlgili makaleler için 277085 atıf verisi filtrelendi
Citation verileri yüklendi - 277085 atıf
Title sütunu temizlendi. Örnek: Gelişimsel kalça çıkığının kapalı redüksiyonunda artrografi ile saptanan yumuşak doku interpozisyonu ve lateralizasyonun orta dönem sonuçlar üzerine etkisi
Abstract sütunu temizlendi. Örnek: Amaç: Bu prospektif randomize olmayan çalışmada, 18 ay ve altı yaşlarda, gelişimsel kalça çıkığı ned...
Metinler önişleniyor ve LDA hesaplanıyor...
LDA modeli oluşturuldu.
Veriler 197.85 saniyede yüklendi.
Önbellekleri temizliyorum...
first_run_completed.flag silindi
saved_data_turkish.pkl silindi
saved_model_turkish.pkl silindi
Uygulama başlatılıyor... Herhangi bir IP üzerinden 3000 portunda çalışacak
 * Serving Flask app "app" (lazy loading)
 * Environment: production
   WARNING: This is a development server. Do not use it in a production deployment.
   Use a production WSGI server instead.
 * Debug mode: on
 * Running on all addresses.
   WARNING: This is a development server. Do not use it in a production deployment.
 * Running on http://192.168.1.9:3000/ (Press CTRL+C to quit)
 * Restarting with watchdog (fsevents)
