Uygulama için gerekli verileri yüklüyorum...
Tüm verileri kullanarak model oluşturuluyor...
MANTIS metadata dosyaları yükleniyor: /Users/mugeakbulut/Academia/Right_Now/PhD_Tez/2218_PROJE/mantis_veriler/orijinal veriler MANTIS/export
Bulunan export dosyaları: 8
Yükleniyor: export-1.json
Dosyadan 100000 kayıt bulundu
İşlenen kayıt sayısı: 1000
İşlenen kayıt sayısı: 2000
İşlenen kayıt sayısı: 3000
İşlenen kayıt sayısı: 4000
İşlenen kayıt sayısı: 5000
İşlenen kayıt sayısı: 6000
İşlenen kayıt sayısı: 7000
İşlenen kayıt sayısı: 8000
İşlenen kayıt sayısı: 9000
İşlenen kayıt sayısı: 10000
İşlenen kayıt sayısı: 11000
İşlenen kayıt sayısı: 12000
İşlenen kayıt sayısı: 13000
İşlenen kayıt sayısı: 14000
İşlenen kayıt sayısı: 15000
İşlenen kayıt sayısı: 16000
İşlenen kayıt sayısı: 17000
İşlenen kayıt sayısı: 18000
İşlenen kayıt sayısı: 19000
İşlenen kayıt sayısı: 20000
İşlenen kayıt sayısı: 21000
İşlenen kayıt sayısı: 22000
İşlenen kayıt sayısı: 23000
İşlenen kayıt sayısı: 24000
İşlenen kayıt sayısı: 25000
İşlenen kayıt sayısı: 26000
İşlenen kayıt sayısı: 27000
İşlenen kayıt sayısı: 28000
İşlenen kayıt sayısı: 29000
İşlenen kayıt sayısı: 30000
İşlenen kayıt sayısı: 31000
İşlenen kayıt sayısı: 32000
İşlenen kayıt sayısı: 33000
İşlenen kayıt sayısı: 34000
İşlenen kayıt sayısı: 35000
Dosya okuma hatası /Users/mugeakbulut/Academia/Right_Now/PhD_Tez/2218_PROJE/mantis_veriler/orijinal veriler MANTIS/export/export-1.json: 'NoneType' object is not iterable
Yükleniyor: export-2.json
Dosyadan 100000 kayıt bulundu
İşlenen kayıt sayısı: 36000
İşlenen kayıt sayısı: 37000
İşlenen kayıt sayısı: 38000
İşlenen kayıt sayısı: 39000
İşlenen kayıt sayısı: 40000
İşlenen kayıt sayısı: 41000
İşlenen kayıt sayısı: 42000
İşlenen kayıt sayısı: 43000
İşlenen kayıt sayısı: 44000
İşlenen kayıt sayısı: 45000
İşlenen kayıt sayısı: 46000
İşlenen kayıt sayısı: 47000
Dosya okuma hatası /Users/mugeakbulut/Academia/Right_Now/PhD_Tez/2218_PROJE/mantis_veriler/orijinal veriler MANTIS/export/export-2.json: 'NoneType' object is not iterable
Yükleniyor: export-3.json
Dosyadan 100000 kayıt bulundu
İşlenen kayıt sayısı: 48000
İşlenen kayıt sayısı: 49000
İşlenen kayıt sayısı: 50000
İşlenen kayıt sayısı: 51000
İşlenen kayıt sayısı: 52000
İşlenen kayıt sayısı: 53000
İşlenen kayıt sayısı: 54000
İşlenen kayıt sayısı: 55000
İşlenen kayıt sayısı: 56000
İşlenen kayıt sayısı: 57000
İşlenen kayıt sayısı: 58000
İşlenen kayıt sayısı: 59000
İşlenen kayıt sayısı: 60000
İşlenen kayıt sayısı: 61000
İşlenen kayıt sayısı: 62000
İşlenen kayıt sayısı: 63000
İşlenen kayıt sayısı: 64000
İşlenen kayıt sayısı: 65000
İşlenen kayıt sayısı: 66000
İşlenen kayıt sayısı: 67000
İşlenen kayıt sayısı: 68000
İşlenen kayıt sayısı: 69000
İşlenen kayıt sayısı: 70000
İşlenen kayıt sayısı: 71000
İşlenen kayıt sayısı: 72000
İşlenen kayıt sayısı: 73000
İşlenen kayıt sayısı: 74000
İşlenen kayıt sayısı: 75000
İşlenen kayıt sayısı: 76000
Dosya okuma hatası /Users/mugeakbulut/Academia/Right_Now/PhD_Tez/2218_PROJE/mantis_veriler/orijinal veriler MANTIS/export/export-3.json: 'NoneType' object is not iterable
Yükleniyor: export-4.json
Dosyadan 80000 kayıt bulundu
İşlenen kayıt sayısı: 77000
İşlenen kayıt sayısı: 78000
Dosya okuma hatası /Users/mugeakbulut/Academia/Right_Now/PhD_Tez/2218_PROJE/mantis_veriler/orijinal veriler MANTIS/export/export-4.json: 'NoneType' object is not iterable
Yükleniyor: export-5.json
Dosyadan 80000 kayıt bulundu
İşlenen kayıt sayısı: 79000
İşlenen kayıt sayısı: 80000
İşlenen kayıt sayısı: 81000
İşlenen kayıt sayısı: 82000
İşlenen kayıt sayısı: 83000
İşlenen kayıt sayısı: 84000
İşlenen kayıt sayısı: 85000
İşlenen kayıt sayısı: 86000
İşlenen kayıt sayısı: 87000
İşlenen kayıt sayısı: 88000
İşlenen kayıt sayısı: 89000
İşlenen kayıt sayısı: 90000
İşlenen kayıt sayısı: 91000
Dosya okuma hatası /Users/mugeakbulut/Academia/Right_Now/PhD_Tez/2218_PROJE/mantis_veriler/orijinal veriler MANTIS/export/export-5.json: 'NoneType' object is not iterable
Yükleniyor: export-6.json
Dosyadan 75000 kayıt bulundu
İşlenen kayıt sayısı: 92000
İşlenen kayıt sayısı: 93000
İşlenen kayıt sayısı: 94000
İşlenen kayıt sayısı: 95000
İşlenen kayıt sayısı: 96000
İşlenen kayıt sayısı: 97000
İşlenen kayıt sayısı: 98000
İşlenen kayıt sayısı: 99000
İşlenen kayıt sayısı: 100000
İşlenen kayıt sayısı: 101000
İşlenen kayıt sayısı: 102000
İşlenen kayıt sayısı: 103000
Dosya okuma hatası /Users/mugeakbulut/Academia/Right_Now/PhD_Tez/2218_PROJE/mantis_veriler/orijinal veriler MANTIS/export/export-6.json: 'NoneType' object is not iterable
Yükleniyor: export-7.json
Dosyadan 75000 kayıt bulundu
Dosya okuma hatası /Users/mugeakbulut/Academia/Right_Now/PhD_Tez/2218_PROJE/mantis_veriler/orijinal veriler MANTIS/export/export-7.json: sequence item 2: expected str instance, NoneType found
Yükleniyor: export-8.json
Dosyadan 23931 kayıt bulundu
Dosya okuma hatası /Users/mugeakbulut/Academia/Right_Now/PhD_Tez/2218_PROJE/mantis_veriler/orijinal veriler MANTIS/export/export-8.json: sequence item 2: expected str instance, NoneType found
MANTIS metadata'dan toplam 103576 kayıt yüklendi
Metadata yüklendi - 103576 makale
MANTIS atıf dosyaları yükleniyor: /Users/mugeakbulut/Academia/Right_Now/PhD_Tez/2218_PROJE/mantis_veriler/orijinal veriler MANTIS/citation
Bulunan citation dosyaları: 4
Yükleniyor: citation-1.json
Dosyadan 300000 atıf kaydı bulundu
İşlenen atıf sayısı: 5000
İşlenen atıf sayısı: 10000
İşlenen atıf sayısı: 15000
İşlenen atıf sayısı: 20000
İşlenen atıf sayısı: 25000
İşlenen atıf sayısı: 30000
İşlenen atıf sayısı: 35000
İşlenen atıf sayısı: 40000
İşlenen atıf sayısı: 45000
İşlenen atıf sayısı: 50000
İşlenen atıf sayısı: 55000
İşlenen atıf sayısı: 60000
İşlenen atıf sayısı: 65000
İşlenen atıf sayısı: 70000
İşlenen atıf sayısı: 75000
İşlenen atıf sayısı: 80000
İşlenen atıf sayısı: 85000
İşlenen atıf sayısı: 90000
İşlenen atıf sayısı: 95000
İşlenen atıf sayısı: 100000
İşlenen atıf sayısı: 105000
İşlenen atıf sayısı: 110000
İşlenen atıf sayısı: 115000
İşlenen atıf sayısı: 120000
İşlenen atıf sayısı: 125000
İşlenen atıf sayısı: 130000
İşlenen atıf sayısı: 135000
İşlenen atıf sayısı: 140000
İşlenen atıf sayısı: 145000
İşlenen atıf sayısı: 150000
İşlenen atıf sayısı: 155000
İşlenen atıf sayısı: 160000
İşlenen atıf sayısı: 165000
İşlenen atıf sayısı: 170000
İşlenen atıf sayısı: 175000
İşlenen atıf sayısı: 180000
İşlenen atıf sayısı: 185000
İşlenen atıf sayısı: 190000
İşlenen atıf sayısı: 195000
İşlenen atıf sayısı: 200000
İşlenen atıf sayısı: 205000
İşlenen atıf sayısı: 210000
İşlenen atıf sayısı: 215000
İşlenen atıf sayısı: 220000
İşlenen atıf sayısı: 225000
İşlenen atıf sayısı: 230000
İşlenen atıf sayısı: 235000
İşlenen atıf sayısı: 240000
İşlenen atıf sayısı: 245000
İşlenen atıf sayısı: 250000
İşlenen atıf sayısı: 255000
İşlenen atıf sayısı: 260000
İşlenen atıf sayısı: 265000
İşlenen atıf sayısı: 270000
İşlenen atıf sayısı: 275000
İşlenen atıf sayısı: 280000
İşlenen atıf sayısı: 285000
İşlenen atıf sayısı: 290000
İşlenen atıf sayısı: 295000
İşlenen atıf sayısı: 300000
Yükleniyor: citation-2.json
Dosyadan 300000 atıf kaydı bulundu
İşlenen atıf sayısı: 305000
İşlenen atıf sayısı: 310000
İşlenen atıf sayısı: 315000
İşlenen atıf sayısı: 320000
İşlenen atıf sayısı: 325000
İşlenen atıf sayısı: 330000
İşlenen atıf sayısı: 335000
İşlenen atıf sayısı: 340000
İşlenen atıf sayısı: 345000
İşlenen atıf sayısı: 350000
İşlenen atıf sayısı: 355000
İşlenen atıf sayısı: 360000
İşlenen atıf sayısı: 365000
İşlenen atıf sayısı: 370000
İşlenen atıf sayısı: 375000
İşlenen atıf sayısı: 380000
İşlenen atıf sayısı: 385000
İşlenen atıf sayısı: 390000
İşlenen atıf sayısı: 395000
İşlenen atıf sayısı: 400000
İşlenen atıf sayısı: 405000
İşlenen atıf sayısı: 410000
İşlenen atıf sayısı: 415000
İşlenen atıf sayısı: 420000
İşlenen atıf sayısı: 425000
İşlenen atıf sayısı: 430000
İşlenen atıf sayısı: 435000
İşlenen atıf sayısı: 440000
İşlenen atıf sayısı: 445000
İşlenen atıf sayısı: 450000
İşlenen atıf sayısı: 455000
İşlenen atıf sayısı: 460000
İşlenen atıf sayısı: 465000
İşlenen atıf sayısı: 470000
İşlenen atıf sayısı: 475000
İşlenen atıf sayısı: 480000
İşlenen atıf sayısı: 485000
İşlenen atıf sayısı: 490000
İşlenen atıf sayısı: 495000
İşlenen atıf sayısı: 500000
İşlenen atıf sayısı: 505000
İşlenen atıf sayısı: 510000
İşlenen atıf sayısı: 515000
İşlenen atıf sayısı: 520000
İşlenen atıf sayısı: 525000
İşlenen atıf sayısı: 530000
İşlenen atıf sayısı: 535000
İşlenen atıf sayısı: 540000
İşlenen atıf sayısı: 545000
İşlenen atıf sayısı: 550000
İşlenen atıf sayısı: 555000
İşlenen atıf sayısı: 560000
İşlenen atıf sayısı: 565000
İşlenen atıf sayısı: 570000
İşlenen atıf sayısı: 575000
İşlenen atıf sayısı: 580000
İşlenen atıf sayısı: 585000
İşlenen atıf sayısı: 590000
İşlenen atıf sayısı: 595000
İşlenen atıf sayısı: 600000
Yükleniyor: citation-3.json
Dosyadan 300000 atıf kaydı bulundu
İşlenen atıf sayısı: 605000
İşlenen atıf sayısı: 610000
İşlenen atıf sayısı: 615000
İşlenen atıf sayısı: 620000
İşlenen atıf sayısı: 625000
İşlenen atıf sayısı: 630000
İşlenen atıf sayısı: 635000
İşlenen atıf sayısı: 640000
İşlenen atıf sayısı: 645000
İşlenen atıf sayısı: 650000
İşlenen atıf sayısı: 655000
İşlenen atıf sayısı: 660000
İşlenen atıf sayısı: 665000
İşlenen atıf sayısı: 670000
İşlenen atıf sayısı: 675000
İşlenen atıf sayısı: 680000
İşlenen atıf sayısı: 685000
İşlenen atıf sayısı: 690000
İşlenen atıf sayısı: 695000
İşlenen atıf sayısı: 700000
İşlenen atıf sayısı: 705000
İşlenen atıf sayısı: 710000
İşlenen atıf sayısı: 715000
İşlenen atıf sayısı: 720000
İşlenen atıf sayısı: 725000
İşlenen atıf sayısı: 730000
İşlenen atıf sayısı: 735000
İşlenen atıf sayısı: 740000
İşlenen atıf sayısı: 745000
İşlenen atıf sayısı: 750000
İşlenen atıf sayısı: 755000
İşlenen atıf sayısı: 760000
İşlenen atıf sayısı: 765000
İşlenen atıf sayısı: 770000
İşlenen atıf sayısı: 775000
İşlenen atıf sayısı: 780000
İşlenen atıf sayısı: 785000
İşlenen atıf sayısı: 790000
İşlenen atıf sayısı: 795000
İşlenen atıf sayısı: 800000
İşlenen atıf sayısı: 805000
İşlenen atıf sayısı: 810000
İşlenen atıf sayısı: 815000
İşlenen atıf sayısı: 820000
İşlenen atıf sayısı: 825000
İşlenen atıf sayısı: 830000
İşlenen atıf sayısı: 835000
İşlenen atıf sayısı: 840000
İşlenen atıf sayısı: 845000
İşlenen atıf sayısı: 850000
İşlenen atıf sayısı: 855000
İşlenen atıf sayısı: 860000
İşlenen atıf sayısı: 865000
İşlenen atıf sayısı: 870000
İşlenen atıf sayısı: 875000
İşlenen atıf sayısı: 880000
İşlenen atıf sayısı: 885000
İşlenen atıf sayısı: 890000
İşlenen atıf sayısı: 895000
İşlenen atıf sayısı: 900000
Yükleniyor: citation-4.json
Dosyadan 96180 atıf kaydı bulundu
İşlenen atıf sayısı: 905000
İşlenen atıf sayısı: 910000
İşlenen atıf sayısı: 915000
İşlenen atıf sayısı: 920000
İşlenen atıf sayısı: 925000
İşlenen atıf sayısı: 930000
İşlenen atıf sayısı: 935000
İşlenen atıf sayısı: 940000
İşlenen atıf sayısı: 945000
İşlenen atıf sayısı: 950000
İşlenen atıf sayısı: 955000
İşlenen atıf sayısı: 960000
İşlenen atıf sayısı: 965000
İşlenen atıf sayısı: 970000
İşlenen atıf sayısı: 975000
İşlenen atıf sayısı: 980000
İşlenen atıf sayısı: 985000
İşlenen atıf sayısı: 990000
İşlenen atıf sayısı: 995000
Toplam 996180 atıf verisi yüklendi
İlgili makaleler için 277085 atıf verisi filtrelendi
Citation verileri yüklendi - 277085 atıf
Title sütunu temizlendi. Örnek: Gelişimsel kalça çıkığının kapalı redüksiyonunda artrografi ile saptanan yumuşak doku interpozisyonu ve lateralizasyonun orta dönem sonuçlar üzerine etkisi
Abstract sütunu temizlendi. Örnek: Amaç: Bu prospektif randomize olmayan çalışmada, 18 ay ve altı yaşlarda, gelişimsel kalça çıkığı ned...
Metinler önişleniyor ve LDA hesaplanıyor...
LDA modeli oluşturuldu.
Veriler 328.54 saniyede yüklendi.
Önbellekleri temizliyorum...
first_run_completed.flag silindi
saved_data_turkish.pkl silindi
saved_model_turkish.pkl silindi
Uygulama başlatılıyor... Herhangi bir IP üzerinden 3000 portunda çalışacak
 * Serving Flask app "app" (lazy loading)
 * Environment: production
   WARNING: This is a development server. Do not use it in a production deployment.
   Use a production WSGI server instead.
 * Debug mode: on
 * Running on all addresses.
   WARNING: This is a development server. Do not use it in a production deployment.
 * Running on http://192.168.1.9:3000/ (Press CTRL+C to quit)
 * Restarting with watchdog (fsevents)
Uygulama için gerekli verileri yüklüyorum...
Tüm verileri kullanarak model oluşturuluyor...
MANTIS metadata dosyaları yükleniyor: /Users/mugeakbulut/Academia/Right_Now/PhD_Tez/2218_PROJE/mantis_veriler/orijinal veriler MANTIS/export
Bulunan export dosyaları: 8
Yükleniyor: export-1.json
Dosyadan 100000 kayıt bulundu
İşlenen kayıt sayısı: 1000
İşlenen kayıt sayısı: 2000
İşlenen kayıt sayısı: 3000
İşlenen kayıt sayısı: 4000
İşlenen kayıt sayısı: 5000
İşlenen kayıt sayısı: 6000
İşlenen kayıt sayısı: 7000
İşlenen kayıt sayısı: 8000
İşlenen kayıt sayısı: 9000
İşlenen kayıt sayısı: 10000
İşlenen kayıt sayısı: 11000
İşlenen kayıt sayısı: 12000
İşlenen kayıt sayısı: 13000
İşlenen kayıt sayısı: 14000
İşlenen kayıt sayısı: 15000
İşlenen kayıt sayısı: 16000
İşlenen kayıt sayısı: 17000
İşlenen kayıt sayısı: 18000
İşlenen kayıt sayısı: 19000
İşlenen kayıt sayısı: 20000
İşlenen kayıt sayısı: 21000
İşlenen kayıt sayısı: 22000
İşlenen kayıt sayısı: 23000
İşlenen kayıt sayısı: 24000
İşlenen kayıt sayısı: 25000
İşlenen kayıt sayısı: 26000
İşlenen kayıt sayısı: 27000
İşlenen kayıt sayısı: 28000
İşlenen kayıt sayısı: 29000
İşlenen kayıt sayısı: 30000
İşlenen kayıt sayısı: 31000
İşlenen kayıt sayısı: 32000
İşlenen kayıt sayısı: 33000
İşlenen kayıt sayısı: 34000
İşlenen kayıt sayısı: 35000
Dosya okuma hatası /Users/mugeakbulut/Academia/Right_Now/PhD_Tez/2218_PROJE/mantis_veriler/orijinal veriler MANTIS/export/export-1.json: 'NoneType' object is not iterable
Yükleniyor: export-2.json
Dosyadan 100000 kayıt bulundu
İşlenen kayıt sayısı: 36000
İşlenen kayıt sayısı: 37000
İşlenen kayıt sayısı: 38000
İşlenen kayıt sayısı: 39000
İşlenen kayıt sayısı: 40000
İşlenen kayıt sayısı: 41000
İşlenen kayıt sayısı: 42000
İşlenen kayıt sayısı: 43000
İşlenen kayıt sayısı: 44000
İşlenen kayıt sayısı: 45000
İşlenen kayıt sayısı: 46000
İşlenen kayıt sayısı: 47000
Dosya okuma hatası /Users/mugeakbulut/Academia/Right_Now/PhD_Tez/2218_PROJE/mantis_veriler/orijinal veriler MANTIS/export/export-2.json: 'NoneType' object is not iterable
Yükleniyor: export-3.json
Dosyadan 100000 kayıt bulundu
İşlenen kayıt sayısı: 48000
İşlenen kayıt sayısı: 49000
İşlenen kayıt sayısı: 50000
İşlenen kayıt sayısı: 51000
İşlenen kayıt sayısı: 52000
İşlenen kayıt sayısı: 53000
İşlenen kayıt sayısı: 54000
İşlenen kayıt sayısı: 55000
İşlenen kayıt sayısı: 56000
İşlenen kayıt sayısı: 57000
İşlenen kayıt sayısı: 58000
İşlenen kayıt sayısı: 59000
İşlenen kayıt sayısı: 60000
İşlenen kayıt sayısı: 61000
İşlenen kayıt sayısı: 62000
İşlenen kayıt sayısı: 63000
İşlenen kayıt sayısı: 64000
İşlenen kayıt sayısı: 65000
İşlenen kayıt sayısı: 66000
İşlenen kayıt sayısı: 67000
İşlenen kayıt sayısı: 68000
İşlenen kayıt sayısı: 69000
İşlenen kayıt sayısı: 70000
İşlenen kayıt sayısı: 71000
İşlenen kayıt sayısı: 72000
İşlenen kayıt sayısı: 73000
İşlenen kayıt sayısı: 74000
İşlenen kayıt sayısı: 75000
İşlenen kayıt sayısı: 76000
Dosya okuma hatası /Users/mugeakbulut/Academia/Right_Now/PhD_Tez/2218_PROJE/mantis_veriler/orijinal veriler MANTIS/export/export-3.json: 'NoneType' object is not iterable
Yükleniyor: export-4.json
Dosyadan 80000 kayıt bulundu
İşlenen kayıt sayısı: 77000
İşlenen kayıt sayısı: 78000
Dosya okuma hatası /Users/mugeakbulut/Academia/Right_Now/PhD_Tez/2218_PROJE/mantis_veriler/orijinal veriler MANTIS/export/export-4.json: 'NoneType' object is not iterable
Yükleniyor: export-5.json
Dosyadan 80000 kayıt bulundu
İşlenen kayıt sayısı: 79000
İşlenen kayıt sayısı: 80000
İşlenen kayıt sayısı: 81000
İşlenen kayıt sayısı: 82000
İşlenen kayıt sayısı: 83000
İşlenen kayıt sayısı: 84000
İşlenen kayıt sayısı: 85000
İşlenen kayıt sayısı: 86000
İşlenen kayıt sayısı: 87000
İşlenen kayıt sayısı: 88000
İşlenen kayıt sayısı: 89000
İşlenen kayıt sayısı: 90000
İşlenen kayıt sayısı: 91000
Dosya okuma hatası /Users/mugeakbulut/Academia/Right_Now/PhD_Tez/2218_PROJE/mantis_veriler/orijinal veriler MANTIS/export/export-5.json: 'NoneType' object is not iterable
Yükleniyor: export-6.json
Dosyadan 75000 kayıt bulundu
İşlenen kayıt sayısı: 92000
İşlenen kayıt sayısı: 93000
İşlenen kayıt sayısı: 94000
İşlenen kayıt sayısı: 95000
İşlenen kayıt sayısı: 96000
İşlenen kayıt sayısı: 97000
İşlenen kayıt sayısı: 98000
İşlenen kayıt sayısı: 99000
İşlenen kayıt sayısı: 100000
İşlenen kayıt sayısı: 101000
İşlenen kayıt sayısı: 102000
İşlenen kayıt sayısı: 103000
Dosya okuma hatası /Users/mugeakbulut/Academia/Right_Now/PhD_Tez/2218_PROJE/mantis_veriler/orijinal veriler MANTIS/export/export-6.json: 'NoneType' object is not iterable
Yükleniyor: export-7.json
Dosyadan 75000 kayıt bulundu
Dosya okuma hatası /Users/mugeakbulut/Academia/Right_Now/PhD_Tez/2218_PROJE/mantis_veriler/orijinal veriler MANTIS/export/export-7.json: sequence item 2: expected str instance, NoneType found
Yükleniyor: export-8.json
Dosyadan 23931 kayıt bulundu
Dosya okuma hatası /Users/mugeakbulut/Academia/Right_Now/PhD_Tez/2218_PROJE/mantis_veriler/orijinal veriler MANTIS/export/export-8.json: sequence item 2: expected str instance, NoneType found
MANTIS metadata'dan toplam 103576 kayıt yüklendi
Metadata yüklendi - 103576 makale
MANTIS atıf dosyaları yükleniyor: /Users/mugeakbulut/Academia/Right_Now/PhD_Tez/2218_PROJE/mantis_veriler/orijinal veriler MANTIS/citation
Bulunan citation dosyaları: 4
Yükleniyor: citation-1.json
Dosyadan 300000 atıf kaydı bulundu
İşlenen atıf sayısı: 5000
İşlenen atıf sayısı: 10000
İşlenen atıf sayısı: 15000
İşlenen atıf sayısı: 20000
İşlenen atıf sayısı: 25000
İşlenen atıf sayısı: 30000
İşlenen atıf sayısı: 35000
İşlenen atıf sayısı: 40000
İşlenen atıf sayısı: 45000
İşlenen atıf sayısı: 50000
İşlenen atıf sayısı: 55000
İşlenen atıf sayısı: 60000
İşlenen atıf sayısı: 65000
İşlenen atıf sayısı: 70000
İşlenen atıf sayısı: 75000
İşlenen atıf sayısı: 80000
İşlenen atıf sayısı: 85000
İşlenen atıf sayısı: 90000
İşlenen atıf sayısı: 95000
İşlenen atıf sayısı: 100000
İşlenen atıf sayısı: 105000
İşlenen atıf sayısı: 110000
İşlenen atıf sayısı: 115000
İşlenen atıf sayısı: 120000
İşlenen atıf sayısı: 125000
İşlenen atıf sayısı: 130000
İşlenen atıf sayısı: 135000
İşlenen atıf sayısı: 140000
İşlenen atıf sayısı: 145000
İşlenen atıf sayısı: 150000
İşlenen atıf sayısı: 155000
İşlenen atıf sayısı: 160000
İşlenen atıf sayısı: 165000
İşlenen atıf sayısı: 170000
İşlenen atıf sayısı: 175000
İşlenen atıf sayısı: 180000
İşlenen atıf sayısı: 185000
İşlenen atıf sayısı: 190000
İşlenen atıf sayısı: 195000
İşlenen atıf sayısı: 200000
İşlenen atıf sayısı: 205000
İşlenen atıf sayısı: 210000
İşlenen atıf sayısı: 215000
İşlenen atıf sayısı: 220000
İşlenen atıf sayısı: 225000
İşlenen atıf sayısı: 230000
İşlenen atıf sayısı: 235000
İşlenen atıf sayısı: 240000
İşlenen atıf sayısı: 245000
İşlenen atıf sayısı: 250000
İşlenen atıf sayısı: 255000
İşlenen atıf sayısı: 260000
İşlenen atıf sayısı: 265000
İşlenen atıf sayısı: 270000
İşlenen atıf sayısı: 275000
İşlenen atıf sayısı: 280000
İşlenen atıf sayısı: 285000
İşlenen atıf sayısı: 290000
İşlenen atıf sayısı: 295000
İşlenen atıf sayısı: 300000
Yükleniyor: citation-2.json
Dosyadan 300000 atıf kaydı bulundu
İşlenen atıf sayısı: 305000
İşlenen atıf sayısı: 310000
İşlenen atıf sayısı: 315000
İşlenen atıf sayısı: 320000
İşlenen atıf sayısı: 325000
İşlenen atıf sayısı: 330000
İşlenen atıf sayısı: 335000
İşlenen atıf sayısı: 340000
İşlenen atıf sayısı: 345000
İşlenen atıf sayısı: 350000
İşlenen atıf sayısı: 355000
İşlenen atıf sayısı: 360000
İşlenen atıf sayısı: 365000
İşlenen atıf sayısı: 370000
İşlenen atıf sayısı: 375000
İşlenen atıf sayısı: 380000
İşlenen atıf sayısı: 385000
İşlenen atıf sayısı: 390000
İşlenen atıf sayısı: 395000
İşlenen atıf sayısı: 400000
İşlenen atıf sayısı: 405000
İşlenen atıf sayısı: 410000
İşlenen atıf sayısı: 415000
İşlenen atıf sayısı: 420000
İşlenen atıf sayısı: 425000
İşlenen atıf sayısı: 430000
İşlenen atıf sayısı: 435000
İşlenen atıf sayısı: 440000
İşlenen atıf sayısı: 445000
İşlenen atıf sayısı: 450000
İşlenen atıf sayısı: 455000
İşlenen atıf sayısı: 460000
İşlenen atıf sayısı: 465000
İşlenen atıf sayısı: 470000
İşlenen atıf sayısı: 475000
İşlenen atıf sayısı: 480000
İşlenen atıf sayısı: 485000
İşlenen atıf sayısı: 490000
İşlenen atıf sayısı: 495000
İşlenen atıf sayısı: 500000
İşlenen atıf sayısı: 505000
İşlenen atıf sayısı: 510000
İşlenen atıf sayısı: 515000
İşlenen atıf sayısı: 520000
İşlenen atıf sayısı: 525000
İşlenen atıf sayısı: 530000
İşlenen atıf sayısı: 535000
İşlenen atıf sayısı: 540000
İşlenen atıf sayısı: 545000
İşlenen atıf sayısı: 550000
İşlenen atıf sayısı: 555000
İşlenen atıf sayısı: 560000
İşlenen atıf sayısı: 565000
İşlenen atıf sayısı: 570000
İşlenen atıf sayısı: 575000
İşlenen atıf sayısı: 580000
İşlenen atıf sayısı: 585000
İşlenen atıf sayısı: 590000
İşlenen atıf sayısı: 595000
İşlenen atıf sayısı: 600000
Yükleniyor: citation-3.json
Dosyadan 300000 atıf kaydı bulundu
İşlenen atıf sayısı: 605000
İşlenen atıf sayısı: 610000
İşlenen atıf sayısı: 615000
İşlenen atıf sayısı: 620000
İşlenen atıf sayısı: 625000
İşlenen atıf sayısı: 630000
İşlenen atıf sayısı: 635000
İşlenen atıf sayısı: 640000
İşlenen atıf sayısı: 645000
İşlenen atıf sayısı: 650000
İşlenen atıf sayısı: 655000
İşlenen atıf sayısı: 660000
İşlenen atıf sayısı: 665000
İşlenen atıf sayısı: 670000
İşlenen atıf sayısı: 675000
İşlenen atıf sayısı: 680000
İşlenen atıf sayısı: 685000
İşlenen atıf sayısı: 690000
İşlenen atıf sayısı: 695000
İşlenen atıf sayısı: 700000
İşlenen atıf sayısı: 705000
İşlenen atıf sayısı: 710000
İşlenen atıf sayısı: 715000
İşlenen atıf sayısı: 720000
İşlenen atıf sayısı: 725000
İşlenen atıf sayısı: 730000
İşlenen atıf sayısı: 735000
İşlenen atıf sayısı: 740000
İşlenen atıf sayısı: 745000
İşlenen atıf sayısı: 750000
İşlenen atıf sayısı: 755000
İşlenen atıf sayısı: 760000
İşlenen atıf sayısı: 765000
İşlenen atıf sayısı: 770000
İşlenen atıf sayısı: 775000
İşlenen atıf sayısı: 780000
İşlenen atıf sayısı: 785000
İşlenen atıf sayısı: 790000
İşlenen atıf sayısı: 795000
İşlenen atıf sayısı: 800000
İşlenen atıf sayısı: 805000
İşlenen atıf sayısı: 810000
İşlenen atıf sayısı: 815000
İşlenen atıf sayısı: 820000
İşlenen atıf sayısı: 825000
İşlenen atıf sayısı: 830000
İşlenen atıf sayısı: 835000
İşlenen atıf sayısı: 840000
İşlenen atıf sayısı: 845000
İşlenen atıf sayısı: 850000
İşlenen atıf sayısı: 855000
İşlenen atıf sayısı: 860000
İşlenen atıf sayısı: 865000
İşlenen atıf sayısı: 870000
İşlenen atıf sayısı: 875000
İşlenen atıf sayısı: 880000
İşlenen atıf sayısı: 885000
İşlenen atıf sayısı: 890000
İşlenen atıf sayısı: 895000
İşlenen atıf sayısı: 900000
Yükleniyor: citation-4.json
Dosyadan 96180 atıf kaydı bulundu
İşlenen atıf sayısı: 905000
İşlenen atıf sayısı: 910000
İşlenen atıf sayısı: 915000
İşlenen atıf sayısı: 920000
İşlenen atıf sayısı: 925000
İşlenen atıf sayısı: 930000
İşlenen atıf sayısı: 935000
İşlenen atıf sayısı: 940000
İşlenen atıf sayısı: 945000
İşlenen atıf sayısı: 950000
İşlenen atıf sayısı: 955000
İşlenen atıf sayısı: 960000
İşlenen atıf sayısı: 965000
İşlenen atıf sayısı: 970000
İşlenen atıf sayısı: 975000
İşlenen atıf sayısı: 980000
İşlenen atıf sayısı: 985000
İşlenen atıf sayısı: 990000
İşlenen atıf sayısı: 995000
Toplam 996180 atıf verisi yüklendi
İlgili makaleler için 277085 atıf verisi filtrelendi
Citation verileri yüklendi - 277085 atıf
Title sütunu temizlendi. Örnek: Gelişimsel kalça çıkığının kapalı redüksiyonunda artrografi ile saptanan yumuşak doku interpozisyonu ve lateralizasyonun orta dönem sonuçlar üzerine etkisi
Abstract sütunu temizlendi. Örnek: Amaç: Bu prospektif randomize olmayan çalışmada, 18 ay ve altı yaşlarda, gelişimsel kalça çıkığı ned...
Metinler önişleniyor ve LDA hesaplanıyor...
 * Debugger is active!
 * Debugger PIN: 798-173-582
LDA modeli oluşturuldu.
Veriler 342.95 saniyede yüklendi.
Önbellekleri temizliyorum...
first_run_completed.flag silindi
saved_data_turkish.pkl silindi
saved_model_turkish.pkl silindi
Uygulama başlatılıyor... Herhangi bir IP üzerinden 3000 portunda çalışacak
Arama fonksiyonu çağrıldı
df_metadata sütunları: ['Paper', 'Title', 'Abstract', 'Authors', 'Subject', 'Year', 'Keywords', 'Journal', 'DOI', 'Language', 'Volume', 'Number', 'StartPage', 'EndPage', 'Has_TR_Abstract', 'Title_Processed', 'Abstract_Processed', 'Combined']
df_metadata boyutu: (103576, 18)
Ham sorgu: 'yapay zeka'
Arama sorgusu: 'yapay zeka', Mode: combined, İlgi: 0.5, Çeşitlilik: 0.5
Arama için mevcut sütunlar: ['Paper', 'Title', 'Abstract', 'Authors', 'Subject', 'Year', 'Keywords', 'Journal', 'DOI', 'Language', 'Volume', 'Number', 'StartPage', 'EndPage', 'Has_TR_Abstract', 'Title_Processed', 'Abstract_Processed', 'Combined']
Arama sorgusu: 'yapay zeka' -> 'yapay zeka'
İlk 5 kayıt örneği:
ID: 1, Title: Gelişimsel kalça çıkığının kapalı redüksiyonunda artrografi ile saptanan yumuşak doku interpozisyonu ve lateralizasyonun orta dönem sonuçlar üzerine etkisi, Abstract: Amaç: Bu prospektif randomize olmayan çalışmada, 1...
ID: 2, Title: Yürüme çağındaki (1-4 yaş) gelişimsel kalça displazili olgularda erken dönem tedavi sonuçlarımız, Abstract: Amaç: Gelişimsel kalça displazisi nedeniyle 1-4 ya...
ID: 3, Title: Torakolomber vertebra burst kırıklarında konservatif tedavinin etkinliği, Abstract: Amaç: Torakolomber vertebra burst kırıklarında kon...
ID: 4, Title: Ayak bileği lezyonlarında artroskopik cerrahinin erken dönem fonksiyonel sonuçları, Abstract: Amaç: Ayak bileği patolojilerinde artroskopik teda...
ID: 5, Title: Çocuklarda (4-16 yaş) el bileği kinamatiği ve skafolunat mesafenin erişkin değerleriyle karşılaştırılması, Abstract: Amaç: Çalışmamızda, erişkinler için bildirilen el ...
İşlem görmüş sorgu: yapay zeka
DEBUG LDA: Sorgu variant 1: 'yapay zeka'
DEBUG LDA: Query vektör şekli: (1, 500)
DEBUG LDA: Query topic distribution şekli: (1, 321)
DEBUG LDA: Query topic distribution örnek: [0.00311526 0.00311526 0.00311526 0.00311526 0.00311526]
DEBUG LDA: Ham skorlar (120 konu) - Min: 0.003115, Max: 0.003115
DEBUG LDA: Query 'yapay zeka' için ilk 5 skor: [0.00311526 0.00311526 0.00311526 0.00311526 0.00311526]
DEBUG LDA: Combined skorlar - Min: 0.003115, Max: 0.003115
DEBUG LDA: Top 1 - Index: 20065, Score: 0.003115
DEBUG LDA: Top 2 - Index: 47473, Score: 0.003115
DEBUG LDA: Top 3 - Index: 4279, Score: 0.003115
DEBUG LDA: Top 4 - Index: 45905, Score: 0.003115
DEBUG LDA: Top 5 - Index: 17392, Score: 0.003115
DEBUG LDA: Top 6 - Index: 44602, Score: 0.003115
DEBUG LDA: Top 7 - Index: 88535, Score: 0.003115
DEBUG LDA: Top 8 - Index: 10559, Score: 0.003115
DEBUG LDA: Top 9 - Index: 59976, Score: 0.003115
DEBUG LDA: Top 10 - Index: 69248, Score: 0.003115
Toplam LDA skoru: 322.6667
Eşik değeri: 0.000000, Filtreleme sonrası 103576 sonuç kaldı
Ana çekirdek makale: 204964
DEBUG: Basit LDA-only yaklaşımı kullanılıyor
DEBUG: Basit final_list oluşturuldu: 103576 makale
DEBUG: LDA skorları - min: 0.00311526, max: 0.00311526
DEBUG: En yüksek 10 HAM LDA skoru: [0.003115264797507817, 0.003115264797507817, 0.003115264797507817, 0.0031152647975078167, 0.0031152647975078167, 0.0031152647975078163, 0.0031152647975078163, 0.003115264797507816, 0.003115264797507816, 0.0031152647975078154]
DEBUG: Unique LDA skor sayısı: 136 / 103576
DEBUG PAGINATION: total_results=103576, page=1, per_page=25
Bütünleşik sıralama uygulandı: 103576 makale
DEBUG RAW LDA: Count=103576, Min=0.00311526, Max=0.00311526
DEBUG RAW LDA: Mean=0.00311526, Std=0.00000000
DEBUG RAW LDA: Top 5 scores: [0.003115264797507817, 0.003115264797507817, 0.003115264797507817, 0.0031152647975078167, 0.0031152647975078167]
DEBUG RAW LDA: Bottom 5 scores: [0.00311526479750776, 0.00311526479750776, 0.0031152647975077595, 0.003115264797507759, 0.003115264797507758]
DEBUG RAW LDA: Unique score count: 136 (total: 103576)
DEBUG normalize_global: min=0.00311526, max=0.00311526, count=103576
DEBUG normalize_global: Normalizasyon sonrası - 1.0 olan: 3, 0.0 olan: 1
DEBUG normalize_global: ilk 5 normalize skorlar: [1.0, 1.0, 1.0, 0.9926470588235294, 0.9926470588235294]
DEBUG normalize_global: min=0.00000000, max=0.00000000, count=103576
DEBUG: Tüm skorlar aynı (0), 0.5 veriliyor
DEBUG normalize_global: min=0.00311526, max=0.00311526, count=103576
DEBUG normalize_global: Normalizasyon sonrası - 1.0 olan: 3, 0.0 olan: 1
DEBUG normalize_global: ilk 5 normalize skorlar: [1.0, 1.0, 1.0, 0.9926470588235294, 0.9926470588235294]
DEBUG PAGINATION: start_idx=0, end_idx=25, paged_results_count=25
Grafikte 100 makale gösterilecek
DEBUG: tf=44, idf=679, x_val=2.643, y_val=3.867
DEBUG: Expected X range: 1.0-3.0, Expected Y range: 3.0-5.0
DEBUG: X calculation: 1 + log10(44) = 2.643
DEBUG: Y calculation: log10(5000000/679) = 3.867
DEBUG: Paper contains - LDA: 1.0, Pennant: 0.5
DEBUG: Paper contains - Cognitive_Impact: 1.0, Access_Easiness: 5.015259134993603
DEBUG: FINAL COORDINATES - final_x=2.691, final_y=3.884
DEBUG: tf=89, idf=637, x_val=2.949, y_val=3.895
DEBUG: Expected X range: 1.0-3.0, Expected Y range: 3.0-5.0
DEBUG: X calculation: 1 + log10(89) = 2.949
DEBUG: Y calculation: log10(5000000/637) = 3.895
DEBUG: Paper contains - LDA: 1.0, Pennant: 0.5
DEBUG: Paper contains - Cognitive_Impact: 1.0, Access_Easiness: 5.015259134993603
DEBUG: FINAL COORDINATES - final_x=2.924, final_y=3.852
DEBUG: tf=9, idf=669, x_val=1.954, y_val=3.874
DEBUG: Expected X range: 1.0-3.0, Expected Y range: 3.0-5.0
DEBUG: X calculation: 1 + log10(9) = 1.954
DEBUG: Y calculation: log10(5000000/669) = 3.874
DEBUG: Paper contains - LDA: 1.0, Pennant: 0.5
DEBUG: Paper contains - Cognitive_Impact: 1.0, Access_Easiness: 5.015259134993603
DEBUG: FINAL COORDINATES - final_x=1.982, final_y=3.863
DEBUG: tf=51, idf=478, x_val=2.708, y_val=4.020
DEBUG: Expected X range: 1.0-3.0, Expected Y range: 3.0-5.0
DEBUG: X calculation: 1 + log10(51) = 2.708
DEBUG: Y calculation: log10(5000000/478) = 4.020
DEBUG: Paper contains - LDA: 0.9926470588235294, Pennant: 0.5
DEBUG: Paper contains - Cognitive_Impact: 1.0, Access_Easiness: 5.015259134993603
DEBUG: FINAL COORDINATES - final_x=2.697, final_y=3.981
DEBUG: tf=86, idf=214, x_val=2.934, y_val=4.369
DEBUG: Expected X range: 1.0-3.0, Expected Y range: 3.0-5.0
DEBUG: X calculation: 1 + log10(86) = 2.934
DEBUG: Y calculation: log10(5000000/214) = 4.369
DEBUG: Paper contains - LDA: 0.9926470588235294, Pennant: 0.5
DEBUG: Paper contains - Cognitive_Impact: 1.0, Access_Easiness: 5.015259134993603
DEBUG: FINAL COORDINATES - final_x=2.949, final_y=4.337
DEBUG: tf=18, idf=267, x_val=2.255, y_val=4.272
DEBUG: Expected X range: 1.0-3.0, Expected Y range: 3.0-5.0
DEBUG: X calculation: 1 + log10(18) = 2.255
DEBUG: Y calculation: log10(5000000/267) = 4.272
DEBUG: Paper contains - LDA: 0.9852941176470589, Pennant: 0.5
DEBUG: Paper contains - Cognitive_Impact: 1.0, Access_Easiness: 5.015259134993603
DEBUG: FINAL COORDINATES - final_x=2.255, final_y=4.300
DEBUG: tf=43, idf=636, x_val=2.633, y_val=3.896
DEBUG: Expected X range: 1.0-3.0, Expected Y range: 3.0-5.0
DEBUG: X calculation: 1 + log10(43) = 2.633
DEBUG: Y calculation: log10(5000000/636) = 3.896
DEBUG: Paper contains - LDA: 0.9852941176470589, Pennant: 0.5
DEBUG: Paper contains - Cognitive_Impact: 1.0, Access_Easiness: 5.015259134993603
DEBUG: FINAL COORDINATES - final_x=2.634, final_y=3.866
DEBUG: tf=13, idf=817, x_val=2.114, y_val=3.787
DEBUG: Expected X range: 1.0-3.0, Expected Y range: 3.0-5.0
DEBUG: X calculation: 1 + log10(13) = 2.114
DEBUG: Y calculation: log10(5000000/817) = 3.787
DEBUG: Paper contains - LDA: 0.9779411764705882, Pennant: 0.5
DEBUG: Paper contains - Cognitive_Impact: 1.0, Access_Easiness: 5.015259134993603
DEBUG: FINAL COORDINATES - final_x=2.119, final_y=3.780
DEBUG: tf=35, idf=908, x_val=2.544, y_val=3.741
DEBUG: Expected X range: 1.0-3.0, Expected Y range: 3.0-5.0
DEBUG: X calculation: 1 + log10(35) = 2.544
DEBUG: Y calculation: log10(5000000/908) = 3.741
DEBUG: Paper contains - LDA: 0.9779411764705882, Pennant: 0.5
DEBUG: Paper contains - Cognitive_Impact: 1.0, Access_Easiness: 5.015259134993603
DEBUG: FINAL COORDINATES - final_x=2.524, final_y=3.701
DEBUG: tf=16, idf=696, x_val=2.204, y_val=3.856
DEBUG: Expected X range: 1.0-3.0, Expected Y range: 3.0-5.0
DEBUG: X calculation: 1 + log10(16) = 2.204
DEBUG: Y calculation: log10(5000000/696) = 3.856
DEBUG: Paper contains - LDA: 0.9705882352941176, Pennant: 0.5
DEBUG: Paper contains - Cognitive_Impact: 1.0, Access_Easiness: 5.015259134993603
DEBUG: FINAL COORDINATES - final_x=2.228, final_y=3.865
DEBUG: tf=77, idf=978, x_val=2.886, y_val=3.709
DEBUG: Expected X range: 1.0-3.0, Expected Y range: 3.0-5.0
DEBUG: X calculation: 1 + log10(77) = 2.886
DEBUG: Y calculation: log10(5000000/978) = 3.709
DEBUG: Paper contains - LDA: 0.9705882352941176, Pennant: 0.5
DEBUG: Paper contains - Cognitive_Impact: 1.0, Access_Easiness: 5.015259134993603
DEBUG: FINAL COORDINATES - final_x=2.862, final_y=3.742
DEBUG: tf=6, idf=773, x_val=1.778, y_val=3.811
DEBUG: Expected X range: 1.0-3.0, Expected Y range: 3.0-5.0
DEBUG: X calculation: 1 + log10(6) = 1.778
DEBUG: Y calculation: log10(5000000/773) = 3.811
DEBUG: Paper contains - LDA: 0.9705882352941176, Pennant: 0.5
DEBUG: Paper contains - Cognitive_Impact: 1.0, Access_Easiness: 5.015259134993603
DEBUG: FINAL COORDINATES - final_x=1.778, final_y=3.856
DEBUG: tf=47, idf=334, x_val=2.672, y_val=4.175
DEBUG: Expected X range: 1.0-3.0, Expected Y range: 3.0-5.0
DEBUG: X calculation: 1 + log10(47) = 2.672
DEBUG: Y calculation: log10(5000000/334) = 4.175
DEBUG: Paper contains - LDA: 0.9705882352941176, Pennant: 0.5
DEBUG: Paper contains - Cognitive_Impact: 1.0, Access_Easiness: 5.015259134993603
DEBUG: FINAL COORDINATES - final_x=2.693, final_y=4.146
DEBUG: tf=76, idf=106, x_val=2.881, y_val=4.674
DEBUG: Expected X range: 1.0-3.0, Expected Y range: 3.0-5.0
DEBUG: X calculation: 1 + log10(76) = 2.881
DEBUG: Y calculation: log10(5000000/106) = 4.674
DEBUG: Paper contains - LDA: 0.9705882352941176, Pennant: 0.5
DEBUG: Paper contains - Cognitive_Impact: 1.0, Access_Easiness: 5.015259134993603
DEBUG: FINAL COORDINATES - final_x=2.852, final_y=4.708
DEBUG: tf=38, idf=883, x_val=2.580, y_val=3.753
DEBUG: Expected X range: 1.0-3.0, Expected Y range: 3.0-5.0
DEBUG: X calculation: 1 + log10(38) = 2.580
DEBUG: Y calculation: log10(5000000/883) = 3.753
DEBUG: Paper contains - LDA: 0.9705882352941176, Pennant: 0.5
DEBUG: Paper contains - Cognitive_Impact: 1.0, Access_Easiness: 5.015259134993603
DEBUG: FINAL COORDINATES - final_x=2.554, final_y=3.708
DEBUG: tf=71, idf=862, x_val=2.851, y_val=3.763
DEBUG: Expected X range: 1.0-3.0, Expected Y range: 3.0-5.0
DEBUG: X calculation: 1 + log10(71) = 2.851
DEBUG: Y calculation: log10(5000000/862) = 3.763
DEBUG: Paper contains - LDA: 0.9705882352941176, Pennant: 0.5
DEBUG: Paper contains - Cognitive_Impact: 1.0, Access_Easiness: 5.015259134993603
DEBUG: FINAL COORDINATES - final_x=2.888, final_y=3.728
DEBUG: tf=82, idf=465, x_val=2.914, y_val=4.032
DEBUG: Expected X range: 1.0-3.0, Expected Y range: 3.0-5.0
DEBUG: X calculation: 1 + log10(82) = 2.914
DEBUG: Y calculation: log10(5000000/465) = 4.032
DEBUG: Paper contains - LDA: 0.9705882352941176, Pennant: 0.5
DEBUG: Paper contains - Cognitive_Impact: 1.0, Access_Easiness: 5.015259134993603
DEBUG: FINAL COORDINATES - final_x=2.942, final_y=3.995
DEBUG: tf=35, idf=826, x_val=2.544, y_val=3.782
DEBUG: Expected X range: 1.0-3.0, Expected Y range: 3.0-5.0
DEBUG: X calculation: 1 + log10(35) = 2.544
DEBUG: Y calculation: log10(5000000/826) = 3.782
DEBUG: Paper contains - LDA: 0.9705882352941176, Pennant: 0.5
DEBUG: Paper contains - Cognitive_Impact: 1.0, Access_Easiness: 5.015259134993603
DEBUG: FINAL COORDINATES - final_x=2.544, final_y=3.740
DEBUG: tf=28, idf=637, x_val=2.447, y_val=3.895
DEBUG: Expected X range: 1.0-3.0, Expected Y range: 3.0-5.0
DEBUG: X calculation: 1 + log10(28) = 2.447
DEBUG: Y calculation: log10(5000000/637) = 3.895
DEBUG: Paper contains - LDA: 0.9632352941176471, Pennant: 0.5
DEBUG: Paper contains - Cognitive_Impact: 1.0, Access_Easiness: 5.015259134993603
DEBUG: FINAL COORDINATES - final_x=2.454, final_y=3.934
DEBUG: tf=87, idf=296, x_val=2.940, y_val=4.228
DEBUG: Expected X range: 1.0-3.0, Expected Y range: 3.0-5.0
DEBUG: X calculation: 1 + log10(87) = 2.940
DEBUG: Y calculation: log10(5000000/296) = 4.228
DEBUG: Paper contains - LDA: 0.9632352941176471, Pennant: 0.5
DEBUG: Paper contains - Cognitive_Impact: 1.0, Access_Easiness: 5.015259134993603
DEBUG: FINAL COORDINATES - final_x=2.989, final_y=4.228
DEBUG: tf=8, idf=364, x_val=1.903, y_val=4.138
DEBUG: Expected X range: 1.0-3.0, Expected Y range: 3.0-5.0
DEBUG: X calculation: 1 + log10(8) = 1.903
DEBUG: Y calculation: log10(5000000/364) = 4.138
DEBUG: Paper contains - LDA: 0.9632352941176471, Pennant: 0.5
DEBUG: Paper contains - Cognitive_Impact: 1.0, Access_Easiness: 5.015259134993603
DEBUG: FINAL COORDINATES - final_x=1.869, final_y=4.154
DEBUG: tf=19, idf=973, x_val=2.279, y_val=3.711
DEBUG: Expected X range: 1.0-3.0, Expected Y range: 3.0-5.0
DEBUG: X calculation: 1 + log10(19) = 2.279
DEBUG: Y calculation: log10(5000000/973) = 3.711
DEBUG: Paper contains - LDA: 0.9558823529411765, Pennant: 0.5
DEBUG: Paper contains - Cognitive_Impact: 1.0, Access_Easiness: 5.015259134993603
DEBUG: FINAL COORDINATES - final_x=2.285, final_y=3.687
DEBUG: tf=91, idf=123, x_val=2.959, y_val=4.609
DEBUG: Expected X range: 1.0-3.0, Expected Y range: 3.0-5.0
DEBUG: X calculation: 1 + log10(91) = 2.959
DEBUG: Y calculation: log10(5000000/123) = 4.609
DEBUG: Paper contains - LDA: 0.9558823529411765, Pennant: 0.5
DEBUG: Paper contains - Cognitive_Impact: 1.0, Access_Easiness: 5.015259134993603
DEBUG: FINAL COORDINATES - final_x=2.980, final_y=4.594
DEBUG: tf=96, idf=801, x_val=2.982, y_val=3.795
DEBUG: Expected X range: 1.0-3.0, Expected Y range: 3.0-5.0
DEBUG: X calculation: 1 + log10(96) = 2.982
DEBUG: Y calculation: log10(5000000/801) = 3.795
DEBUG: Paper contains - LDA: 0.9558823529411765, Pennant: 0.5
DEBUG: Paper contains - Cognitive_Impact: 1.0, Access_Easiness: 5.015259134993603
DEBUG: FINAL COORDINATES - final_x=2.952, final_y=3.827
DEBUG: tf=51, idf=639, x_val=2.708, y_val=3.893
DEBUG: Expected X range: 1.0-3.0, Expected Y range: 3.0-5.0
DEBUG: X calculation: 1 + log10(51) = 2.708
DEBUG: Y calculation: log10(5000000/639) = 3.893
DEBUG: Paper contains - LDA: 0.9558823529411765, Pennant: 0.5
DEBUG: Paper contains - Cognitive_Impact: 1.0, Access_Easiness: 5.015259134993603
DEBUG: FINAL COORDINATES - final_x=2.673, final_y=3.930
DEBUG: tf=94, idf=748, x_val=2.973, y_val=3.825
DEBUG: Expected X range: 1.0-3.0, Expected Y range: 3.0-5.0
DEBUG: X calculation: 1 + log10(94) = 2.973
DEBUG: Y calculation: log10(5000000/748) = 3.825
DEBUG: Paper contains - LDA: 0.9558823529411765, Pennant: 0.5
DEBUG: Paper contains - Cognitive_Impact: 1.0, Access_Easiness: 5.015259134993603
DEBUG: FINAL COORDINATES - final_x=2.943, final_y=3.863
DEBUG: tf=15, idf=322, x_val=2.176, y_val=4.191
DEBUG: Expected X range: 1.0-3.0, Expected Y range: 3.0-5.0
DEBUG: X calculation: 1 + log10(15) = 2.176
DEBUG: Y calculation: log10(5000000/322) = 4.191
DEBUG: Paper contains - LDA: 0.9558823529411765, Pennant: 0.5
DEBUG: Paper contains - Cognitive_Impact: 1.0, Access_Easiness: 5.015259134993603
DEBUG: FINAL COORDINATES - final_x=2.129, final_y=4.213
DEBUG: tf=45, idf=222, x_val=2.653, y_val=4.353
DEBUG: Expected X range: 1.0-3.0, Expected Y range: 3.0-5.0
DEBUG: X calculation: 1 + log10(45) = 2.653
DEBUG: Y calculation: log10(5000000/222) = 4.353
DEBUG: Paper contains - LDA: 0.9558823529411765, Pennant: 0.5
DEBUG: Paper contains - Cognitive_Impact: 1.0, Access_Easiness: 5.015259134993603
DEBUG: FINAL COORDINATES - final_x=2.629, final_y=4.372
DEBUG: tf=71, idf=970, x_val=2.851, y_val=3.712
DEBUG: Expected X range: 1.0-3.0, Expected Y range: 3.0-5.0
DEBUG: X calculation: 1 + log10(71) = 2.851
DEBUG: Y calculation: log10(5000000/970) = 3.712
DEBUG: Paper contains - LDA: 0.9558823529411765, Pennant: 0.5
DEBUG: Paper contains - Cognitive_Impact: 1.0, Access_Easiness: 5.015259134993603
DEBUG: FINAL COORDINATES - final_x=2.885, final_y=3.715
DEBUG: tf=3, idf=341, x_val=1.477, y_val=4.166
DEBUG: Expected X range: 1.0-3.0, Expected Y range: 3.0-5.0
DEBUG: X calculation: 1 + log10(3) = 1.477
DEBUG: Y calculation: log10(5000000/341) = 4.166
DEBUG: Paper contains - LDA: 0.9558823529411765, Pennant: 0.5
DEBUG: Paper contains - Cognitive_Impact: 1.0, Access_Easiness: 5.015259134993603
DEBUG: FINAL COORDINATES - final_x=1.508, final_y=4.193
DEBUG: tf=40, idf=306, x_val=2.602, y_val=4.213
DEBUG: Expected X range: 1.0-3.0, Expected Y range: 3.0-5.0
DEBUG: X calculation: 1 + log10(40) = 2.602
DEBUG: Y calculation: log10(5000000/306) = 4.213
DEBUG: Paper contains - LDA: 0.9558823529411765, Pennant: 0.5
DEBUG: Paper contains - Cognitive_Impact: 1.0, Access_Easiness: 5.015259134993603
DEBUG: FINAL COORDINATES - final_x=2.643, final_y=4.196
DEBUG: tf=6, idf=37, x_val=1.778, y_val=5.131
DEBUG: Expected X range: 1.0-3.0, Expected Y range: 3.0-5.0
DEBUG: X calculation: 1 + log10(6) = 1.778
DEBUG: Y calculation: log10(5000000/37) = 5.131
DEBUG: Paper contains - LDA: 0.9558823529411765, Pennant: 0.5
DEBUG: Paper contains - Cognitive_Impact: 1.0, Access_Easiness: 5.015259134993603
DEBUG: FINAL COORDINATES - final_x=1.740, final_y=5.120
DEBUG: tf=85, idf=302, x_val=2.929, y_val=4.219
DEBUG: Expected X range: 1.0-3.0, Expected Y range: 3.0-5.0
DEBUG: X calculation: 1 + log10(85) = 2.929
DEBUG: Y calculation: log10(5000000/302) = 4.219
DEBUG: Paper contains - LDA: 0.9558823529411765, Pennant: 0.5
DEBUG: Paper contains - Cognitive_Impact: 1.0, Access_Easiness: 5.015259134993603
DEBUG: FINAL COORDINATES - final_x=2.883, final_y=4.183
DEBUG: tf=74, idf=97, x_val=2.869, y_val=4.712
DEBUG: Expected X range: 1.0-3.0, Expected Y range: 3.0-5.0
DEBUG: X calculation: 1 + log10(74) = 2.869
DEBUG: Y calculation: log10(5000000/97) = 4.712
DEBUG: Paper contains - LDA: 0.9485294117647058, Pennant: 0.5
DEBUG: Paper contains - Cognitive_Impact: 1.0, Access_Easiness: 5.015259134993603
DEBUG: FINAL COORDINATES - final_x=2.824, final_y=4.747
DEBUG: tf=15, idf=366, x_val=2.176, y_val=4.135
DEBUG: Expected X range: 1.0-3.0, Expected Y range: 3.0-5.0
DEBUG: X calculation: 1 + log10(15) = 2.176
DEBUG: Y calculation: log10(5000000/366) = 4.135
DEBUG: Paper contains - LDA: 0.9485294117647058, Pennant: 0.5
DEBUG: Paper contains - Cognitive_Impact: 1.0, Access_Easiness: 5.015259134993603
DEBUG: FINAL COORDINATES - final_x=2.224, final_y=4.140
DEBUG: tf=74, idf=552, x_val=2.869, y_val=3.957
DEBUG: Expected X range: 1.0-3.0, Expected Y range: 3.0-5.0
DEBUG: X calculation: 1 + log10(74) = 2.869
DEBUG: Y calculation: log10(5000000/552) = 3.957
DEBUG: Paper contains - LDA: 0.9485294117647058, Pennant: 0.5
DEBUG: Paper contains - Cognitive_Impact: 1.0, Access_Easiness: 5.015259134993603
DEBUG: FINAL COORDINATES - final_x=2.823, final_y=3.927
DEBUG: tf=70, idf=241, x_val=2.845, y_val=4.317
DEBUG: Expected X range: 1.0-3.0, Expected Y range: 3.0-5.0
DEBUG: X calculation: 1 + log10(70) = 2.845
DEBUG: Y calculation: log10(5000000/241) = 4.317
DEBUG: Paper contains - LDA: 0.9485294117647058, Pennant: 0.5
DEBUG: Paper contains - Cognitive_Impact: 1.0, Access_Easiness: 5.015259134993603
DEBUG: FINAL COORDINATES - final_x=2.875, final_y=4.331
DEBUG: tf=27, idf=148, x_val=2.431, y_val=4.529
DEBUG: Expected X range: 1.0-3.0, Expected Y range: 3.0-5.0
DEBUG: X calculation: 1 + log10(27) = 2.431
DEBUG: Y calculation: log10(5000000/148) = 4.529
DEBUG: Paper contains - LDA: 0.9411764705882353, Pennant: 0.5
DEBUG: Paper contains - Cognitive_Impact: 1.0, Access_Easiness: 5.015259134993603
DEBUG: FINAL COORDINATES - final_x=2.457, final_y=4.496
DEBUG: tf=74, idf=310, x_val=2.869, y_val=4.208
DEBUG: Expected X range: 1.0-3.0, Expected Y range: 3.0-5.0
DEBUG: X calculation: 1 + log10(74) = 2.869
DEBUG: Y calculation: log10(5000000/310) = 4.208
DEBUG: Paper contains - LDA: 0.9411764705882353, Pennant: 0.5
DEBUG: Paper contains - Cognitive_Impact: 1.0, Access_Easiness: 5.015259134993603
DEBUG: FINAL COORDINATES - final_x=2.915, final_y=4.164
DEBUG: tf=72, idf=74, x_val=2.857, y_val=4.830
DEBUG: Expected X range: 1.0-3.0, Expected Y range: 3.0-5.0
DEBUG: X calculation: 1 + log10(72) = 2.857
DEBUG: Y calculation: log10(5000000/74) = 4.830
DEBUG: Paper contains - LDA: 0.9411764705882353, Pennant: 0.5
DEBUG: Paper contains - Cognitive_Impact: 1.0, Access_Easiness: 5.015259134993603
DEBUG: FINAL COORDINATES - final_x=2.895, final_y=4.783
DEBUG: tf=57, idf=689, x_val=2.756, y_val=3.861
DEBUG: Expected X range: 1.0-3.0, Expected Y range: 3.0-5.0
DEBUG: X calculation: 1 + log10(57) = 2.756
DEBUG: Y calculation: log10(5000000/689) = 3.861
DEBUG: Paper contains - LDA: 0.9411764705882353, Pennant: 0.5
DEBUG: Paper contains - Cognitive_Impact: 1.0, Access_Easiness: 5.015259134993603
DEBUG: FINAL COORDINATES - final_x=2.753, final_y=3.874
DEBUG: tf=42, idf=180, x_val=2.623, y_val=4.444
DEBUG: Expected X range: 1.0-3.0, Expected Y range: 3.0-5.0
DEBUG: X calculation: 1 + log10(42) = 2.623
DEBUG: Y calculation: log10(5000000/180) = 4.444
DEBUG: Paper contains - LDA: 0.9411764705882353, Pennant: 0.5
DEBUG: Paper contains - Cognitive_Impact: 1.0, Access_Easiness: 5.015259134993603
DEBUG: FINAL COORDINATES - final_x=2.600, final_y=4.463
DEBUG: tf=57, idf=599, x_val=2.756, y_val=3.922
DEBUG: Expected X range: 1.0-3.0, Expected Y range: 3.0-5.0
DEBUG: X calculation: 1 + log10(57) = 2.756
DEBUG: Y calculation: log10(5000000/599) = 3.922
DEBUG: Paper contains - LDA: 0.9411764705882353, Pennant: 0.5
DEBUG: Paper contains - Cognitive_Impact: 1.0, Access_Easiness: 5.015259134993603
DEBUG: FINAL COORDINATES - final_x=2.731, final_y=3.960
DEBUG: tf=43, idf=420, x_val=2.633, y_val=4.076
DEBUG: Expected X range: 1.0-3.0, Expected Y range: 3.0-5.0
DEBUG: X calculation: 1 + log10(43) = 2.633
DEBUG: Y calculation: log10(5000000/420) = 4.076
DEBUG: Paper contains - LDA: 0.9411764705882353, Pennant: 0.5
DEBUG: Paper contains - Cognitive_Impact: 1.0, Access_Easiness: 5.015259134993603
DEBUG: FINAL COORDINATES - final_x=2.634, final_y=4.039
DEBUG: tf=59, idf=712, x_val=2.771, y_val=3.846
DEBUG: Expected X range: 1.0-3.0, Expected Y range: 3.0-5.0
DEBUG: X calculation: 1 + log10(59) = 2.771
DEBUG: Y calculation: log10(5000000/712) = 3.846
DEBUG: Paper contains - LDA: 0.9411764705882353, Pennant: 0.5
DEBUG: Paper contains - Cognitive_Impact: 1.0, Access_Easiness: 5.015259134993603
DEBUG: FINAL COORDINATES - final_x=2.794, final_y=3.858
DEBUG: tf=17, idf=271, x_val=2.230, y_val=4.266
DEBUG: Expected X range: 1.0-3.0, Expected Y range: 3.0-5.0
DEBUG: X calculation: 1 + log10(17) = 2.230
DEBUG: Y calculation: log10(5000000/271) = 4.266
DEBUG: Paper contains - LDA: 0.9411764705882353, Pennant: 0.5
DEBUG: Paper contains - Cognitive_Impact: 1.0, Access_Easiness: 5.015259134993603
DEBUG: FINAL COORDINATES - final_x=2.241, final_y=4.225
DEBUG: tf=28, idf=448, x_val=2.447, y_val=4.048
DEBUG: Expected X range: 1.0-3.0, Expected Y range: 3.0-5.0
DEBUG: X calculation: 1 + log10(28) = 2.447
DEBUG: Y calculation: log10(5000000/448) = 4.048
DEBUG: Paper contains - LDA: 0.9411764705882353, Pennant: 0.5
DEBUG: Paper contains - Cognitive_Impact: 1.0, Access_Easiness: 5.015259134993603
DEBUG: FINAL COORDINATES - final_x=2.406, final_y=4.070
DEBUG: tf=16, idf=731, x_val=2.204, y_val=3.835
DEBUG: Expected X range: 1.0-3.0, Expected Y range: 3.0-5.0
DEBUG: X calculation: 1 + log10(16) = 2.204
DEBUG: Y calculation: log10(5000000/731) = 3.835
DEBUG: Paper contains - LDA: 0.9411764705882353, Pennant: 0.5
DEBUG: Paper contains - Cognitive_Impact: 1.0, Access_Easiness: 5.015259134993603
DEBUG: FINAL COORDINATES - final_x=2.248, final_y=3.803
DEBUG: tf=16, idf=166, x_val=2.204, y_val=4.479
DEBUG: Expected X range: 1.0-3.0, Expected Y range: 3.0-5.0
DEBUG: X calculation: 1 + log10(16) = 2.204
DEBUG: Y calculation: log10(5000000/166) = 4.479
DEBUG: Paper contains - LDA: 0.9411764705882353, Pennant: 0.5
DEBUG: Paper contains - Cognitive_Impact: 1.0, Access_Easiness: 5.015259134993603
DEBUG: FINAL COORDINATES - final_x=2.160, final_y=4.485
DEBUG: tf=30, idf=638, x_val=2.477, y_val=3.894
DEBUG: Expected X range: 1.0-3.0, Expected Y range: 3.0-5.0
DEBUG: X calculation: 1 + log10(30) = 2.477
DEBUG: Y calculation: log10(5000000/638) = 3.894
DEBUG: Paper contains - LDA: 0.9411764705882353, Pennant: 0.5
DEBUG: Paper contains - Cognitive_Impact: 1.0, Access_Easiness: 5.015259134993603
DEBUG: FINAL COORDINATES - final_x=2.487, final_y=3.894
DEBUG: tf=45, idf=997, x_val=2.653, y_val=3.700
DEBUG: Expected X range: 1.0-3.0, Expected Y range: 3.0-5.0
DEBUG: X calculation: 1 + log10(45) = 2.653
DEBUG: Y calculation: log10(5000000/997) = 3.700
DEBUG: Paper contains - LDA: 0.9411764705882353, Pennant: 0.5
DEBUG: Paper contains - Cognitive_Impact: 1.0, Access_Easiness: 5.015259134993603
DEBUG: FINAL COORDINATES - final_x=2.645, final_y=3.728
DEBUG: tf=90, idf=23, x_val=2.954, y_val=5.337
DEBUG: Expected X range: 1.0-3.0, Expected Y range: 3.0-5.0
DEBUG: X calculation: 1 + log10(90) = 2.954
DEBUG: Y calculation: log10(5000000/23) = 5.337
DEBUG: Paper contains - LDA: 0.9411764705882353, Pennant: 0.5
DEBUG: Paper contains - Cognitive_Impact: 1.0, Access_Easiness: 5.015259134993603
DEBUG: FINAL COORDINATES - final_x=2.959, final_y=5.304
DEBUG: tf=65, idf=406, x_val=2.813, y_val=4.090
DEBUG: Expected X range: 1.0-3.0, Expected Y range: 3.0-5.0
DEBUG: X calculation: 1 + log10(65) = 2.813
DEBUG: Y calculation: log10(5000000/406) = 4.090
DEBUG: Paper contains - LDA: 0.9411764705882353, Pennant: 0.5
DEBUG: Paper contains - Cognitive_Impact: 1.0, Access_Easiness: 5.015259134993603
DEBUG: FINAL COORDINATES - final_x=2.840, final_y=4.060
DEBUG: tf=10, idf=488, x_val=2.000, y_val=4.011
DEBUG: Expected X range: 1.0-3.0, Expected Y range: 3.0-5.0
DEBUG: X calculation: 1 + log10(10) = 2.000
DEBUG: Y calculation: log10(5000000/488) = 4.011
DEBUG: Paper contains - LDA: 0.9338235294117647, Pennant: 0.5
DEBUG: Paper contains - Cognitive_Impact: 1.0, Access_Easiness: 5.015259134993603
DEBUG: FINAL COORDINATES - final_x=2.048, final_y=4.027
DEBUG: tf=62, idf=62, x_val=2.792, y_val=4.907
DEBUG: Expected X range: 1.0-3.0, Expected Y range: 3.0-5.0
DEBUG: X calculation: 1 + log10(62) = 2.792
DEBUG: Y calculation: log10(5000000/62) = 4.907
DEBUG: Paper contains - LDA: 0.9338235294117647, Pennant: 0.5
DEBUG: Paper contains - Cognitive_Impact: 1.0, Access_Easiness: 5.015259134993603
DEBUG: FINAL COORDINATES - final_x=2.779, final_y=4.869
DEBUG: tf=60, idf=945, x_val=2.778, y_val=3.724
DEBUG: Expected X range: 1.0-3.0, Expected Y range: 3.0-5.0
DEBUG: X calculation: 1 + log10(60) = 2.778
DEBUG: Y calculation: log10(5000000/945) = 3.724
DEBUG: Paper contains - LDA: 0.9338235294117647, Pennant: 0.5
DEBUG: Paper contains - Cognitive_Impact: 1.0, Access_Easiness: 5.015259134993603
DEBUG: FINAL COORDINATES - final_x=2.747, final_y=3.771
DEBUG: tf=91, idf=20, x_val=2.959, y_val=5.398
DEBUG: Expected X range: 1.0-3.0, Expected Y range: 3.0-5.0
DEBUG: X calculation: 1 + log10(91) = 2.959
DEBUG: Y calculation: log10(5000000/20) = 5.398
DEBUG: Paper contains - LDA: 0.9338235294117647, Pennant: 0.5
DEBUG: Paper contains - Cognitive_Impact: 1.0, Access_Easiness: 5.015259134993603
DEBUG: FINAL COORDINATES - final_x=2.954, final_y=5.414
DEBUG: tf=26, idf=203, x_val=2.415, y_val=4.391
DEBUG: Expected X range: 1.0-3.0, Expected Y range: 3.0-5.0
DEBUG: X calculation: 1 + log10(26) = 2.415
DEBUG: Y calculation: log10(5000000/203) = 4.391
DEBUG: Paper contains - LDA: 0.9338235294117647, Pennant: 0.5
DEBUG: Paper contains - Cognitive_Impact: 1.0, Access_Easiness: 5.015259134993603
DEBUG: FINAL COORDINATES - final_x=2.406, final_y=4.366
DEBUG: tf=69, idf=750, x_val=2.839, y_val=3.824
DEBUG: Expected X range: 1.0-3.0, Expected Y range: 3.0-5.0
DEBUG: X calculation: 1 + log10(69) = 2.839
DEBUG: Y calculation: log10(5000000/750) = 3.824
DEBUG: Paper contains - LDA: 0.9338235294117647, Pennant: 0.5
DEBUG: Paper contains - Cognitive_Impact: 1.0, Access_Easiness: 5.015259134993603
DEBUG: FINAL COORDINATES - final_x=2.855, final_y=3.829
DEBUG: tf=14, idf=661, x_val=2.146, y_val=3.879
DEBUG: Expected X range: 1.0-3.0, Expected Y range: 3.0-5.0
DEBUG: X calculation: 1 + log10(14) = 2.146
DEBUG: Y calculation: log10(5000000/661) = 3.879
DEBUG: Paper contains - LDA: 0.9338235294117647, Pennant: 0.5
DEBUG: Paper contains - Cognitive_Impact: 1.0, Access_Easiness: 5.015259134993603
DEBUG: FINAL COORDINATES - final_x=2.125, final_y=3.870
DEBUG: tf=21, idf=365, x_val=2.322, y_val=4.137
DEBUG: Expected X range: 1.0-3.0, Expected Y range: 3.0-5.0
DEBUG: X calculation: 1 + log10(21) = 2.322
DEBUG: Y calculation: log10(5000000/365) = 4.137
DEBUG: Paper contains - LDA: 0.9338235294117647, Pennant: 0.5
DEBUG: Paper contains - Cognitive_Impact: 1.0, Access_Easiness: 5.015259134993603
DEBUG: FINAL COORDINATES - final_x=2.277, final_y=4.133
DEBUG: tf=32, idf=898, x_val=2.505, y_val=3.746
DEBUG: Expected X range: 1.0-3.0, Expected Y range: 3.0-5.0
DEBUG: X calculation: 1 + log10(32) = 2.505
DEBUG: Y calculation: log10(5000000/898) = 3.746
DEBUG: Paper contains - LDA: 0.9338235294117647, Pennant: 0.5
DEBUG: Paper contains - Cognitive_Impact: 1.0, Access_Easiness: 5.015259134993603
DEBUG: FINAL COORDINATES - final_x=2.464, final_y=3.787
DEBUG: tf=54, idf=955, x_val=2.732, y_val=3.719
DEBUG: Expected X range: 1.0-3.0, Expected Y range: 3.0-5.0
DEBUG: X calculation: 1 + log10(54) = 2.732
DEBUG: Y calculation: log10(5000000/955) = 3.719
DEBUG: Paper contains - LDA: 0.9338235294117647, Pennant: 0.5
DEBUG: Paper contains - Cognitive_Impact: 1.0, Access_Easiness: 5.015259134993603
DEBUG: FINAL COORDINATES - final_x=2.683, final_y=3.687
DEBUG: tf=94, idf=910, x_val=2.973, y_val=3.740
DEBUG: Expected X range: 1.0-3.0, Expected Y range: 3.0-5.0
DEBUG: X calculation: 1 + log10(94) = 2.973
DEBUG: Y calculation: log10(5000000/910) = 3.740
DEBUG: Paper contains - LDA: 0.9338235294117647, Pennant: 0.5
DEBUG: Paper contains - Cognitive_Impact: 1.0, Access_Easiness: 5.015259134993603
DEBUG: FINAL COORDINATES - final_x=2.935, final_y=3.766
DEBUG: tf=35, idf=766, x_val=2.544, y_val=3.815
DEBUG: Expected X range: 1.0-3.0, Expected Y range: 3.0-5.0
DEBUG: X calculation: 1 + log10(35) = 2.544
DEBUG: Y calculation: log10(5000000/766) = 3.815
DEBUG: Paper contains - LDA: 0.9338235294117647, Pennant: 0.5
DEBUG: Paper contains - Cognitive_Impact: 1.0, Access_Easiness: 5.015259134993603
DEBUG: FINAL COORDINATES - final_x=2.542, final_y=3.804
DEBUG: tf=3, idf=508, x_val=1.477, y_val=3.993
DEBUG: Expected X range: 1.0-3.0, Expected Y range: 3.0-5.0
DEBUG: X calculation: 1 + log10(3) = 1.477
DEBUG: Y calculation: log10(5000000/508) = 3.993
DEBUG: Paper contains - LDA: 0.9338235294117647, Pennant: 0.5
DEBUG: Paper contains - Cognitive_Impact: 1.0, Access_Easiness: 5.015259134993603
DEBUG: FINAL COORDINATES - final_x=1.526, final_y=3.958
DEBUG: tf=38, idf=985, x_val=2.580, y_val=3.706
DEBUG: Expected X range: 1.0-3.0, Expected Y range: 3.0-5.0
DEBUG: X calculation: 1 + log10(38) = 2.580
DEBUG: Y calculation: log10(5000000/985) = 3.706
DEBUG: Paper contains - LDA: 0.9264705882352942, Pennant: 0.5
DEBUG: Paper contains - Cognitive_Impact: 1.0, Access_Easiness: 5.015259134993603
DEBUG: FINAL COORDINATES - final_x=2.534, final_y=3.706
DEBUG: tf=63, idf=437, x_val=2.799, y_val=4.058
DEBUG: Expected X range: 1.0-3.0, Expected Y range: 3.0-5.0
DEBUG: X calculation: 1 + log10(63) = 2.799
DEBUG: Y calculation: log10(5000000/437) = 4.058
DEBUG: Paper contains - LDA: 0.9264705882352942, Pennant: 0.5
DEBUG: Paper contains - Cognitive_Impact: 1.0, Access_Easiness: 5.015259134993603
DEBUG: FINAL COORDINATES - final_x=2.806, final_y=4.015
DEBUG: tf=2, idf=873, x_val=1.301, y_val=3.758
DEBUG: Expected X range: 1.0-3.0, Expected Y range: 3.0-5.0
DEBUG: X calculation: 1 + log10(2) = 1.301
DEBUG: Y calculation: log10(5000000/873) = 3.758
DEBUG: Paper contains - LDA: 0.9264705882352942, Pennant: 0.5
DEBUG: Paper contains - Cognitive_Impact: 1.0, Access_Easiness: 5.015259134993603
DEBUG: FINAL COORDINATES - final_x=1.261, final_y=3.770
DEBUG: tf=89, idf=76, x_val=2.949, y_val=4.818
DEBUG: Expected X range: 1.0-3.0, Expected Y range: 3.0-5.0
DEBUG: X calculation: 1 + log10(89) = 2.949
DEBUG: Y calculation: log10(5000000/76) = 4.818
DEBUG: Paper contains - LDA: 0.9264705882352942, Pennant: 0.5
DEBUG: Paper contains - Cognitive_Impact: 1.0, Access_Easiness: 5.015259134993603
DEBUG: FINAL COORDINATES - final_x=2.913, final_y=4.783
DEBUG: tf=3, idf=481, x_val=1.477, y_val=4.017
DEBUG: Expected X range: 1.0-3.0, Expected Y range: 3.0-5.0
DEBUG: X calculation: 1 + log10(3) = 1.477
DEBUG: Y calculation: log10(5000000/481) = 4.017
DEBUG: Paper contains - LDA: 0.9264705882352942, Pennant: 0.5
DEBUG: Paper contains - Cognitive_Impact: 1.0, Access_Easiness: 5.015259134993603
DEBUG: FINAL COORDINATES - final_x=1.457, final_y=3.981
DEBUG: tf=13, idf=626, x_val=2.114, y_val=3.902
DEBUG: Expected X range: 1.0-3.0, Expected Y range: 3.0-5.0
DEBUG: X calculation: 1 + log10(13) = 2.114
DEBUG: Y calculation: log10(5000000/626) = 3.902
DEBUG: Paper contains - LDA: 0.9264705882352942, Pennant: 0.5
DEBUG: Paper contains - Cognitive_Impact: 1.0, Access_Easiness: 5.015259134993603
DEBUG: FINAL COORDINATES - final_x=2.092, final_y=3.941
DEBUG: tf=93, idf=260, x_val=2.968, y_val=4.284
DEBUG: Expected X range: 1.0-3.0, Expected Y range: 3.0-5.0
DEBUG: X calculation: 1 + log10(93) = 2.968
DEBUG: Y calculation: log10(5000000/260) = 4.284
DEBUG: Paper contains - LDA: 0.9264705882352942, Pennant: 0.5
DEBUG: Paper contains - Cognitive_Impact: 1.0, Access_Easiness: 5.015259134993603
DEBUG: FINAL COORDINATES - final_x=2.985, final_y=4.313
DEBUG: tf=80, idf=782, x_val=2.903, y_val=3.806
DEBUG: Expected X range: 1.0-3.0, Expected Y range: 3.0-5.0
DEBUG: X calculation: 1 + log10(80) = 2.903
DEBUG: Y calculation: log10(5000000/782) = 3.806
DEBUG: Paper contains - LDA: 0.9264705882352942, Pennant: 0.5
DEBUG: Paper contains - Cognitive_Impact: 1.0, Access_Easiness: 5.015259134993603
DEBUG: FINAL COORDINATES - final_x=2.890, final_y=3.834
DEBUG: tf=45, idf=694, x_val=2.653, y_val=3.858
DEBUG: Expected X range: 1.0-3.0, Expected Y range: 3.0-5.0
DEBUG: X calculation: 1 + log10(45) = 2.653
DEBUG: Y calculation: log10(5000000/694) = 3.858
DEBUG: Paper contains - LDA: 0.9264705882352942, Pennant: 0.5
DEBUG: Paper contains - Cognitive_Impact: 1.0, Access_Easiness: 5.015259134993603
DEBUG: FINAL COORDINATES - final_x=2.618, final_y=3.809
DEBUG: tf=3, idf=116, x_val=1.477, y_val=4.635
DEBUG: Expected X range: 1.0-3.0, Expected Y range: 3.0-5.0
DEBUG: X calculation: 1 + log10(3) = 1.477
DEBUG: Y calculation: log10(5000000/116) = 4.635
DEBUG: Paper contains - LDA: 0.9264705882352942, Pennant: 0.5
DEBUG: Paper contains - Cognitive_Impact: 1.0, Access_Easiness: 5.015259134993603
DEBUG: FINAL COORDINATES - final_x=1.493, final_y=4.588
DEBUG: tf=71, idf=315, x_val=2.851, y_val=4.201
DEBUG: Expected X range: 1.0-3.0, Expected Y range: 3.0-5.0
DEBUG: X calculation: 1 + log10(71) = 2.851
DEBUG: Y calculation: log10(5000000/315) = 4.201
DEBUG: Paper contains - LDA: 0.9264705882352942, Pennant: 0.5
DEBUG: Paper contains - Cognitive_Impact: 1.0, Access_Easiness: 5.015259134993603
DEBUG: FINAL COORDINATES - final_x=2.896, final_y=4.212
DEBUG: tf=10, idf=722, x_val=2.000, y_val=3.840
DEBUG: Expected X range: 1.0-3.0, Expected Y range: 3.0-5.0
DEBUG: X calculation: 1 + log10(10) = 2.000
DEBUG: Y calculation: log10(5000000/722) = 3.840
DEBUG: Paper contains - LDA: 0.9264705882352942, Pennant: 0.5
DEBUG: Paper contains - Cognitive_Impact: 1.0, Access_Easiness: 5.015259134993603
DEBUG: FINAL COORDINATES - final_x=1.982, final_y=3.841
DEBUG: tf=81, idf=729, x_val=2.908, y_val=3.836
DEBUG: Expected X range: 1.0-3.0, Expected Y range: 3.0-5.0
DEBUG: X calculation: 1 + log10(81) = 2.908
DEBUG: Y calculation: log10(5000000/729) = 3.836
DEBUG: Paper contains - LDA: 0.9264705882352942, Pennant: 0.5
DEBUG: Paper contains - Cognitive_Impact: 1.0, Access_Easiness: 5.015259134993603
DEBUG: FINAL COORDINATES - final_x=2.883, final_y=3.812
DEBUG: tf=95, idf=220, x_val=2.978, y_val=4.357
DEBUG: Expected X range: 1.0-3.0, Expected Y range: 3.0-5.0
DEBUG: X calculation: 1 + log10(95) = 2.978
DEBUG: Y calculation: log10(5000000/220) = 4.357
DEBUG: Paper contains - LDA: 0.9264705882352942, Pennant: 0.5
DEBUG: Paper contains - Cognitive_Impact: 1.0, Access_Easiness: 5.015259134993603
DEBUG: FINAL COORDINATES - final_x=2.984, final_y=4.369
DEBUG: tf=12, idf=903, x_val=2.079, y_val=3.743
DEBUG: Expected X range: 1.0-3.0, Expected Y range: 3.0-5.0
DEBUG: X calculation: 1 + log10(12) = 2.079
DEBUG: Y calculation: log10(5000000/903) = 3.743
DEBUG: Paper contains - LDA: 0.9264705882352942, Pennant: 0.5
DEBUG: Paper contains - Cognitive_Impact: 1.0, Access_Easiness: 5.015259134993603
DEBUG: FINAL COORDINATES - final_x=2.061, final_y=3.712
DEBUG: tf=45, idf=829, x_val=2.653, y_val=3.780
DEBUG: Expected X range: 1.0-3.0, Expected Y range: 3.0-5.0
DEBUG: X calculation: 1 + log10(45) = 2.653
DEBUG: Y calculation: log10(5000000/829) = 3.780
DEBUG: Paper contains - LDA: 0.9264705882352942, Pennant: 0.5
DEBUG: Paper contains - Cognitive_Impact: 1.0, Access_Easiness: 5.015259134993603
DEBUG: FINAL COORDINATES - final_x=2.660, final_y=3.784
DEBUG: tf=27, idf=115, x_val=2.431, y_val=4.638
DEBUG: Expected X range: 1.0-3.0, Expected Y range: 3.0-5.0
DEBUG: X calculation: 1 + log10(27) = 2.431
DEBUG: Y calculation: log10(5000000/115) = 4.638
DEBUG: Paper contains - LDA: 0.9264705882352942, Pennant: 0.5
DEBUG: Paper contains - Cognitive_Impact: 1.0, Access_Easiness: 5.015259134993603
DEBUG: FINAL COORDINATES - final_x=2.406, final_y=4.626
DEBUG: tf=5, idf=631, x_val=1.699, y_val=3.899
DEBUG: Expected X range: 1.0-3.0, Expected Y range: 3.0-5.0
DEBUG: X calculation: 1 + log10(5) = 1.699
DEBUG: Y calculation: log10(5000000/631) = 3.899
DEBUG: Paper contains - LDA: 0.9264705882352942, Pennant: 0.5
DEBUG: Paper contains - Cognitive_Impact: 1.0, Access_Easiness: 5.015259134993603
DEBUG: FINAL COORDINATES - final_x=1.724, final_y=3.943
DEBUG: tf=70, idf=470, x_val=2.845, y_val=4.027
DEBUG: Expected X range: 1.0-3.0, Expected Y range: 3.0-5.0
DEBUG: X calculation: 1 + log10(70) = 2.845
DEBUG: Y calculation: log10(5000000/470) = 4.027
DEBUG: Paper contains - LDA: 0.9264705882352942, Pennant: 0.5
DEBUG: Paper contains - Cognitive_Impact: 1.0, Access_Easiness: 5.015259134993603
DEBUG: FINAL COORDINATES - final_x=2.893, final_y=3.983
DEBUG: tf=5, idf=769, x_val=1.699, y_val=3.813
DEBUG: Expected X range: 1.0-3.0, Expected Y range: 3.0-5.0
DEBUG: X calculation: 1 + log10(5) = 1.699
DEBUG: Y calculation: log10(5000000/769) = 3.813
DEBUG: Paper contains - LDA: 0.9264705882352942, Pennant: 0.5
DEBUG: Paper contains - Cognitive_Impact: 1.0, Access_Easiness: 5.015259134993603
DEBUG: FINAL COORDINATES - final_x=1.696, final_y=3.822
DEBUG: tf=38, idf=227, x_val=2.580, y_val=4.343
DEBUG: Expected X range: 1.0-3.0, Expected Y range: 3.0-5.0
DEBUG: X calculation: 1 + log10(38) = 2.580
DEBUG: Y calculation: log10(5000000/227) = 4.343
DEBUG: Paper contains - LDA: 0.9264705882352942, Pennant: 0.5
DEBUG: Paper contains - Cognitive_Impact: 1.0, Access_Easiness: 5.015259134993603
DEBUG: FINAL COORDINATES - final_x=2.553, final_y=4.368
DEBUG: tf=41, idf=801, x_val=2.613, y_val=3.795
DEBUG: Expected X range: 1.0-3.0, Expected Y range: 3.0-5.0
DEBUG: X calculation: 1 + log10(41) = 2.613
DEBUG: Y calculation: log10(5000000/801) = 3.795
DEBUG: Paper contains - LDA: 0.9264705882352942, Pennant: 0.5
DEBUG: Paper contains - Cognitive_Impact: 1.0, Access_Easiness: 5.015259134993603
DEBUG: FINAL COORDINATES - final_x=2.657, final_y=3.811
DEBUG: tf=92, idf=178, x_val=2.964, y_val=4.449
DEBUG: Expected X range: 1.0-3.0, Expected Y range: 3.0-5.0
DEBUG: X calculation: 1 + log10(92) = 2.964
DEBUG: Y calculation: log10(5000000/178) = 4.449
DEBUG: Paper contains - LDA: 0.9264705882352942, Pennant: 0.5
DEBUG: Paper contains - Cognitive_Impact: 1.0, Access_Easiness: 5.015259134993603
DEBUG: FINAL COORDINATES - final_x=2.974, final_y=4.407
DEBUG: tf=80, idf=250, x_val=2.903, y_val=4.301
DEBUG: Expected X range: 1.0-3.0, Expected Y range: 3.0-5.0
DEBUG: X calculation: 1 + log10(80) = 2.903
DEBUG: Y calculation: log10(5000000/250) = 4.301
DEBUG: Paper contains - LDA: 0.9264705882352942, Pennant: 0.5
DEBUG: Paper contains - Cognitive_Impact: 1.0, Access_Easiness: 5.015259134993603
DEBUG: FINAL COORDINATES - final_x=2.908, final_y=4.271
127.0.0.1 - - [05/Jun/2025 23:27:57] "POST /search HTTP/1.1" 200 -
 * Detected change in '/Users/mugeakbulut/Academia/Right_Now/KIDR/KIDR_app/app.py', reloading
DEBUG: tf=9, idf=857, x_val=1.954, y_val=3.766
DEBUG: Expected X range: 1.0-3.0, Expected Y range: 3.0-5.0
DEBUG: X calculation: 1 + log10(9) = 1.954
DEBUG: Y calculation: log10(5000000/857) = 3.766
DEBUG: Paper contains - LDA: 0.9264705882352942, Pennant: 0.5
DEBUG: Paper contains - Cognitive_Impact: 1.0, Access_Easiness: 5.015259134993603
DEBUG: FINAL COORDINATES - final_x=1.905, final_y=3.741
DEBUG: tf=66, idf=786, x_val=2.820, y_val=3.804
DEBUG: Expected X range: 1.0-3.0, Expected Y range: 3.0-5.0
DEBUG: X calculation: 1 + log10(66) = 2.820
DEBUG: Y calculation: log10(5000000/786) = 3.804
DEBUG: Paper contains - LDA: 0.9264705882352942, Pennant: 0.5
DEBUG: Paper contains - Cognitive_Impact: 1.0, Access_Easiness: 5.015259134993603
DEBUG: FINAL COORDINATES - final_x=2.808, final_y=3.783
DEBUG: tf=43, idf=435, x_val=2.633, y_val=4.060
DEBUG: Expected X range: 1.0-3.0, Expected Y range: 3.0-5.0
DEBUG: X calculation: 1 + log10(43) = 2.633
DEBUG: Y calculation: log10(5000000/435) = 4.060
DEBUG: Paper contains - LDA: 0.9264705882352942, Pennant: 0.5
DEBUG: Paper contains - Cognitive_Impact: 1.0, Access_Easiness: 5.015259134993603
DEBUG: FINAL COORDINATES - final_x=2.623, final_y=4.028
DEBUG: tf=60, idf=475, x_val=2.778, y_val=4.022
DEBUG: Expected X range: 1.0-3.0, Expected Y range: 3.0-5.0
DEBUG: X calculation: 1 + log10(60) = 2.778
DEBUG: Y calculation: log10(5000000/475) = 4.022
DEBUG: Paper contains - LDA: 0.9264705882352942, Pennant: 0.5
DEBUG: Paper contains - Cognitive_Impact: 1.0, Access_Easiness: 5.015259134993603
DEBUG: FINAL COORDINATES - final_x=2.792, final_y=3.980
DEBUG: tf=21, idf=131, x_val=2.322, y_val=4.582
DEBUG: Expected X range: 1.0-3.0, Expected Y range: 3.0-5.0
DEBUG: X calculation: 1 + log10(21) = 2.322
DEBUG: Y calculation: log10(5000000/131) = 4.582
DEBUG: Paper contains - LDA: 0.9264705882352942, Pennant: 0.5
DEBUG: Paper contains - Cognitive_Impact: 1.0, Access_Easiness: 5.015259134993603
DEBUG: FINAL COORDINATES - final_x=2.277, final_y=4.540
DEBUG: tf=11, idf=995, x_val=2.041, y_val=3.701
DEBUG: Expected X range: 1.0-3.0, Expected Y range: 3.0-5.0
DEBUG: X calculation: 1 + log10(11) = 2.041
DEBUG: Y calculation: log10(5000000/995) = 3.701
DEBUG: Paper contains - LDA: 0.9264705882352942, Pennant: 0.5
DEBUG: Paper contains - Cognitive_Impact: 1.0, Access_Easiness: 5.015259134993603
DEBUG: FINAL COORDINATES - final_x=2.085, final_y=3.748
DEBUG: tf=22, idf=803, x_val=2.342, y_val=3.794
DEBUG: Expected X range: 1.0-3.0, Expected Y range: 3.0-5.0
DEBUG: X calculation: 1 + log10(22) = 2.342
DEBUG: Y calculation: log10(5000000/803) = 3.794
DEBUG: Paper contains - LDA: 0.9191176470588235, Pennant: 0.5
DEBUG: Paper contains - Cognitive_Impact: 1.0, Access_Easiness: 5.015259134993603
DEBUG: FINAL COORDINATES - final_x=2.314, final_y=3.797
DEBUG: tf=8, idf=256, x_val=1.903, y_val=4.291
DEBUG: Expected X range: 1.0-3.0, Expected Y range: 3.0-5.0
DEBUG: X calculation: 1 + log10(8) = 1.903
DEBUG: Y calculation: log10(5000000/256) = 4.291
DEBUG: Paper contains - LDA: 0.9191176470588235, Pennant: 0.5
DEBUG: Paper contains - Cognitive_Impact: 1.0, Access_Easiness: 5.015259134993603
DEBUG: FINAL COORDINATES - final_x=1.865, final_y=4.282
DEBUG: tf=40, idf=849, x_val=2.602, y_val=3.770
DEBUG: Expected X range: 1.0-3.0, Expected Y range: 3.0-5.0
DEBUG: X calculation: 1 + log10(40) = 2.602
DEBUG: Y calculation: log10(5000000/849) = 3.770
DEBUG: Paper contains - LDA: 0.9191176470588235, Pennant: 0.5
DEBUG: Paper contains - Cognitive_Impact: 1.0, Access_Easiness: 5.015259134993603
DEBUG: FINAL COORDINATES - final_x=2.607, final_y=3.754
DEBUG: tf=75, idf=793, x_val=2.875, y_val=3.800
DEBUG: Expected X range: 1.0-3.0, Expected Y range: 3.0-5.0
DEBUG: X calculation: 1 + log10(75) = 2.875
DEBUG: Y calculation: log10(5000000/793) = 3.800
DEBUG: Paper contains - LDA: 0.9191176470588235, Pennant: 0.5
DEBUG: Paper contains - Cognitive_Impact: 1.0, Access_Easiness: 5.015259134993603
DEBUG: FINAL COORDINATES - final_x=2.895, final_y=3.801
Grafik için 100 düğüm oluşturuldu
Grafik için 0 atıf bağlantısı oluşturuldu
DEBUG: final_list boyutu: 103576
DEBUG: paged_results boyutu: 25
DEBUG: results listesi boyutu: 25
 * Restarting with watchdog (fsevents)
